#idx     perf      run   period           start             end          rel_st      slack c_duration   c_period     wu_lat
   0      434    10477   260560      1924462694      1924723253            2570          0      10000          0          0
   0      434    21122   271816      1924723262      1924995079          263139          0      10000          0          0
   0      434    10470   279151      1924995088      1925274239          534965          0      10000          0          0
   0      434    10457   260539      1925274248      1925534787          814125          0      10000          0          0
   0      434    19477   284422      1925534795      1925819216         1074671          0      10000          0          0
   0      434    10477   260541      1925819222      1926079763         1359099          0      10000          0          0
   0      434    10512   261277      1926079770      1926341047         1619647          0      10000          0          0
   0      434    27706   277788      1926341055      1926618843         1880932          0      10000          0          0
   0      434    10519   287364      1926618851      1926906215         2158727          0      10000          0          0
   0      434    10706   260787      1926906240      1927167028         2446117          0      10000          0          0
   0      434    11034   261101      1927167035      1927428136         2706912          0      10000          0          0
   0      434    10450   282083      1927428143      1927710226         2968020          0      10000          0          0
   0      434    10471   295989      1927710235      1928006224         3250112          0      10000          0          0
   0      434    10473   260556      1928006235      1928266791         3546112          0      10000          0          0
   0      434    10464   260547      1928266799      1928527346         3806676          0      10000          0          0
   0      434    10453   260535      1928527354      1928787890         4067231          0      10000          0          0
   0      434    10469   260552      1928787897      1929048449         4327774          0      10000          0          0
   0      434    10455   260537      1929048457      1929308994         4588334          0      10000          0          0
   0      434    10476   260559      1929309016      1929569575         4848893          0      10000          0          0
   0      434    10466   260549      1929569582      1929830131         5109459          0      10000          0          0
   0      434    10459   260524      1929830140      1930090664         5370016          0      10000          0          0
   0      434    10453   260535      1930090671      1930351206         5630547          0      10000          0          0
   0      434    10483   271083      1930351214      1930622297         5891091          0      10000          0          0
   0      434    10733   295936      1930622303      1930918239         6162180          0      10000          0          0
   0      434    10562   260646      1930918266      1931178912         6458142          0      10000          0          0
   0      434    10505   260586      1931178920      1931439506         6718797          0      10000          0          0
   0      434    10573   260651      1931439514      1931700165         6979390          0      10000          0          0
   0      434    10454   274076      1931700172      1931974247         7240049          0      10000          0          0
   0      434    10464   260543      1931974254      1932234798         7514131          0      10000          0          0
   0      434    10462   260541      1932234805      1932495346         7774681          0      10000          0          0
   0      434    10463   266320      1932495352      1932761673         8035229          0      10000          0          0
   0      434    10694   260774      1932761682      1933022456         8301559          0      10000          0          0
   0      434    10460   275782      1933022463      1933298245         8562340          0      10000          0          0
   0      434    43325   327974      1933298282      1933626257         8838159          0      10000          0          0
   0      434    10460   260540      1933626264      1933886804         9166141          0      10000          0          0
   0      434    21293   278996      1933886811      1934165806         9426687          0      10000          0          0
   0      434    10468   260532      1934165812      1934426343         9705689          0      10000          0          0
   0      434    10661   260723      1934426349      1934687072         9966226          0      10000          0          0
   0      434    10459   260537      1934687078      1934947615        10226955          0      10000          0          0
   0      434    10494   260574      1934947622      1935208196        10487499          0      10000          0          0
   0      434    10449   260528      1935208203      1935468731        10748080          0      10000          0          0
   0      434    10526   261251      1935468738      1935729989        11008615          0      10000          0          0
   0      434    10455   260551      1935729996      1935990547        11269872          0      10000          0          0
   0      434    10456   262202      1935990553      1936252755        11530430          0      10000          0          0
   0      434    10474   272528      1936252762      1936525290        11792638          0      10000          0          0
   0      434    10490   287451      1936525296      1936812747        12065172          0      10000          0          0
   0      434    10476   268518      1936812753      1937081271        12352630          0      10000          0          0
   0      434    10481   283673      1937081276      1937364950        12621153          0      10000          0          0
   0      434    10568   269314      1937364955      1937634269        12904832          0      10000          0          0
   0      434    10675   260756      1937634277      1937895033        13174154          0      10000          0          0
   0      434    10561   260642      1937895040      1938155682        13434917          0      10000          0          0
   0      434    10512   270346      1938155689      1938426035        13695566          0      10000          0          0
   0      434    10489   260568      1938426043      1938686610        13965919          0      10000          0          0
   0      434    10629   263252      1938686617      1938949869        14226494          0      10000          0          0
   0      434    10461   260525      1938949876      1939210401        14489752          0      10000          0          0
   0      434    10445   284630      1939210407      1939495038        14750284          0      10000          0          0
   0      434    10607   267248      1939495045      1939762293        15034922          0      10000          0          0
   0      434    19321   271984      1939762300      1940034284        15302176          0      10000          0          0
   0      434    10487   260569      1940034292      1940294861        15574169          0      10000          0          0
   0      434    10478   291424      1940294869      1940586293        15834746          0      10000          0          0
   0      434    10470   260551      1940586301      1940846852        16126178          0      10000          0          0
   0      434    10470   260554      1940846861      1941107414        16386737          0      10000          0          0
   0      434    10447   262902      1941107423      1941370325        16647299          0      10000          0          0
   0      434    10482   260565      1941370334      1941630898        16910210          0      10000          0          0
   0      434    10576   291385      1941630906      1941922292        17170783          0      10000          0          0
   0      434    10471   260554      1941922300      1942182854        17462176          0      10000          0          0
   0      434    10467   260550      1942182888      1942443438        17722765          0      10000          0          0
   0      434    10467   260549      1942443446      1942703995        17983323          0      10000          0          0
   0      434    10453   290281      1942704016      1942994297        18243893          0      10000          0          0
   0      434    10476   260560      1942994304      1943254864        18534181          0      10000          0          0
   0      434    10588   260672      1943254872      1943515544        18794749          0      10000          0          0
   0      434    10457   260539      1943515552      1943776091        19055429          0      10000          0          0
   0      434    10476   260559      1943776099      1944036659        19315976          0      10000          0          0
   0      434    10485   260569      1944036667      1944297236        19576544          0      10000          0          0
   0      434    10501   260583      1944297244      1944557828        19837121          0      10000          0          0
   0      434    10681   260747      1944557836      1944818583        20097712          0      10000          0          0
   0      434    10475   264539      1944818590      1945083130        20358467          0      10000          0          0
   0      434    10459   260521      1945083135      1945343656        20623012          0      10000          0          0
   0      434    14033   268954      1945343661      1945612615        20883538          0      10000          0          0
   0      434    10467   260529      1945612620      1945873149        21152497          0      10000          0          0
   0      434    10473   267611      1945873154      1946140766        21413031          0      10000          0          0
   0      434    10583   260726      1946140772      1946401499        21680649          0      10000          0          0
   0      434    10603   260795      1946401505      1946662300        21941381          0      10000          0          0
   0      434    10469   260534      1946662306      1946922840        22202183          0      10000          0          0
   0      434    10470   260535      1946922847      1947183382        22462724          0      10000          0          0
   0      434    10462   260527      1947183388      1947443915        22723265          0      10000          0          0
   0      434    49222   299285      1947443924      1947743209        22983800          0      10000          0          0
   0      434    10459   260539      1947743214      1948003753        23283091          0      10000          0          0
   0      434    10463   260527      1948003760      1948264287        23543637          0      10000          0          0
   0      434    10450   260530      1948264294      1948524824        23804171          0      10000          0          0
   0      434    10462   260542      1948524832      1948785374        24064709          0      10000          0          0
   0      434    10570   260651      1948785382      1949046033        24325258          0      10000          0          0
   0      434    11007   261090      1949046041      1949307131        24585918          0      10000          0          0
   0      434    10483   260567      1949307140      1949567706        24847016          0      10000          0          0
   0      434    10477   260558      1949567714      1949828272        25107591          0      10000          0          0
   0      434    10476   286065      1949828281      1950114346        25368157          0      10000          0          0
   0      434    10593   260677      1950114354      1950375031        25654231          0      10000          0          0
   0      434    10527   260610      1950375040      1950635651        25914917          0      10000          0          0
   0      434    10621   260704      1950635659      1950896363        26175535          0      10000          0          0
   0      434    10611   290152      1950896383      1951186534        26436259          0      10000          0          0
   0      434    10435   294318      1951186540      1951480858        26726416          0      10000          0          0
   0      434    51742   301821      1951480863      1951782684        27020740          0      10000          0          0
   0      434    11465   262131      1951782690      1952044822        27322567          0      10000          0          0
   0      434    10455   260517      1952044827      1952305344        27584704          0      10000          0          0
   0      434    19275   269356      1952305350      1952574705        27845226          0      10000          0          0
   0      434    10475   260554      1952574713      1952835267        28114590          0      10000          0          0
   0      434    10545   260628      1952835274      1953095902        28375151          0      10000          0          0
   0      434    10501   260583      1953095911      1953356494        28635788          0      10000          0          0
   0      434    10658   260741      1953356502      1953617242        28896378          0      10000          0          0
   0      434    10500   260583      1953617250      1953877833        29157127          0      10000          0          0
   0      434    10504   274586      1953877841      1954152427        29417717          0      10000          0          0
   0      434    10603   261878      1954152434      1954414311        29692310          0      10000          0          0
   0      434    10672   296037      1954414317      1954710353        29954194          0      10000          0          0
   0      434    10464   260542      1954710360      1954970902        30250237          0      10000          0          0
   0      434    10465   260545      1954970909      1955231454        30510786          0      10000          0          0
   0      434    10464   260548      1955231461      1955492009        30771338          0      10000          0          0
   0      434    10567   260647      1955492016      1955752663        31031893          0      10000          0          0
   0      434    10474   260553      1955752670      1956013223        31292547          0      10000          0          0
   0      434    10466   260545      1956013230      1956273775        31553106          0      10000          0          0
   0      434    10463   260543      1956273782      1956534324        31813658          0      10000          0          0
   0      434    10466   260544      1956534331      1956794875        32074208          0      10000          0          0
   0      434    10450   287486      1956794882      1957082368        32334759          0      10000          0          0
   0      434    10463   260549      1957082376      1957342924        32622252          0      10000          0          0
   0      434    10472   260551      1957342931      1957603481        32882808          0      10000          0          0
   0      434    10505   260595      1957603488      1957864083        33143365          0      10000          0          0
   0      434    10890   282294      1957864092      1958146385        33403968          0      10000          0          0
   0      434    10496   260579      1958146394      1958406973        33686271          0      10000          0          0
   0      434    10473   291407      1958406981      1958698387        33946857          0      10000          0          0
   0      434    21004   271068      1958698396      1958969464        34238273          0      10000          0          0
   0      434    10493   260576      1958969471      1959230047        34509348          0      10000          0          0
   0      434    10490   302816      1959230056      1959532871        34769933          0      10000          0          0
   0      434    10476   276017      1959532878      1959808895        35072754          0      10000          0          0
   0      434    10470   287976      1959808926      1960096902        35348803          0      10000          0          0
   0      434    10472   260537      1960096908      1960357445        35636785          0      10000          0          0
   0      434    10455   260536      1960357451      1960617987        35897328          0      10000          0          0
   0      434    10464   280393      1960617995      1960898389        36157872          0      10000          0          0
   0      434    10498   260579      1960898397      1961158975        36438273          0      10000          0          0
   0      434    10466   260548      1961158982      1961419530        36698859          0      10000          0          0
   0      434    10467   260546      1961419538      1961680084        36959414          0      10000          0          0
   0      434    10443   274328      1961680090      1961954419        37219967          0      10000          0          0
   0      434    10445   260527      1961954427      1962214954        37494304          0      10000          0          0
   0      434    10453   260536      1962214963      1962475499        37754840          0      10000          0          0
   0      434    10768   260851      1962475507      1962736358        38015384          0      10000          0          0
   0      434    10841   260926      1962736365      1962997291        38276242          0      10000          0          0
   0      434    10739   260822      1962997300      1963258121        38537176          0      10000          0          0
   0      434    10549   260630      1963258129      1963518760        38798006          0      10000          0          0
   0      434    10478   260562      1963518768      1963779330        39058645          0      10000          0          0
   0      434    10457   260540      1963779338      1964039877        39319214          0      10000          0          0
   0      434    10519   270516      1964039885      1964310401        39579762          0      10000          0          0
   0      434    10448   279994      1964310408      1964590403        39850285          0      10000          0          0
   0      434    10564   292014      1964590409      1964882423        40130286          0      10000          0          0
   0      434    10459   260538      1964882430      1965142969        40422307          0      10000          0          0
   0      434    10466   260546      1965142976      1965403521        40682852          0      10000          0          0
   0      434    10443   260523      1965403529      1965664052        40943405          0      10000          0          0
   0      434    10548   260631      1965664059      1965924689        41203936          0      10000          0          0
   0      434    10469   260549      1965924699      1966185249        41464576          0      10000          0          0
   0      434    10468   260547      1966185256      1966445803        41725133          0      10000          0          0
   0      434    10473   264605      1966445810      1966710415        41985687          0      10000          0          0
   0      434    10450   260529      1966710422      1966970950        42250298          0      10000          0          0
   0      434    11080   261164      1966970958      1967232122        42510834          0      10000          0          0
   0      434    10474   260559      1967232130      1967492689        42772007          0      10000          0          0
   0      434    20209   270293      1967492699      1967762992        43032576          0      10000          0          0
   0      434    10445   269039      1967763009      1968032049        43302886          0      10000          0          0
   0      434    10467   260611      1968032055      1968292666        43571932          0      10000          0          0
   0      434    10454   260643      1968292673      1968553316        43832549          0      10000          0          0
   0      434    10461   260539      1968553344      1968813883        44093221          0      10000          0          0
   0      434    10477   260623      1968813889      1969074512        44353766          0      10000          0          0
   0      434    10459   260491      1969074518      1969335009        44614395          0      10000          0          0
   0      434    10452   282482      1969335015      1969617496        44874891          0      10000          0          0
   0      434    47091   297171      1969617502      1969914674        45157379          0      10000          0          0
   0      434    10468   286231      1969914681      1970200912        45454557          0      10000          0          0
   0      434    10460   260522      1970200917      1970461439        45740794          0      10000          0          0
   0      434    10442   260521      1970461445      1970721966        46001321          0      10000          0          0
   0      434    20955   271017      1970721973      1970992989        46261849          0      10000          0          0
   0      434    10470   260550      1970992995      1971253545        46532872          0      10000          0          0
   0      434    10472   260552      1971253551      1971514103        46793428          0      10000          0          0
   0      434    10466   260546      1971514110      1971774657        47053987          0      10000          0          0
   0      434    10465   263791      1971774663      1972038455        47314540          0      10000          0          0
   0      434    10453   260532      1972038462      1972298994        47578339          0      10000          0          0
   0      434    10539   260620      1972299014      1972559634        47838891          0      10000          0          0
   0      434    10452   260531      1972559641      1972820172        48099518          0      10000          0          0
   0      434    10449   274269      1972820178      1973094448        48360055          0      10000          0          0
   0      434    10458   260537      1973094454      1973354991        48634331          0      10000          0          0
   0      434    10452   271453      1973354998      1973626451        48894875          0      10000          0          0
   0      434    10492   260572      1973626458      1973887030        49166335          0      10000          0          0
   0      434    10448   260511      1973887037      1974147548        49426914          0      10000          0          0
   0      434    10460   260540      1974147553      1974408093        49687430          0      10000          0          0
non-naive test
