#idx     perf      run   period           start             end          rel_st      slack c_duration   c_period     wu_lat
   0       55     1341    81547       593946671       594028218            2602          0       1000          0          0
   0       55     1266    81481       594028246       594109728           84176          0       1000          0          0
   0       55     2064    82303       594109756       594192059          165686          0       1000          0          0
   0       55     1328    81548       594192072       594273620          248003          0       1000          0          0
   0       55     1776    81981       594273650       594355631          329580          0       1000          0          0
   0       55     1922    82156       594355660       594437816          411590          0       1000          0          0
   0       55     1833    82062       594437847       594519909          493777          0       1000          0          0
   0       55     1825    82053       594519940       594601993          575870          0       1000          0          0
   0       55     1866    82141       594602055       594684196          657985          0       1000          0          0
   0       55     1342    81583       594684212       594765794          740142          0       1000          0          0
   0       55     1523    81738       594765825       594847563          821755          0       1000          0          0
   0       55     1366    81589       594847578       594929166          903508          0       1000          0          0
   0       55     1713    81919       594929196       595011116          985126          0       1000          0          0
   0       55     1875    82116       595011145       595093261         1067075          0       1000          0          0
   0       55     1676    81897       595093290       595175187         1149221          0       1000          0          0
   0       55     1423    81634       595175217       595256851         1231147          0       1000          0          0
   0       55     1875    82097       595256880       595338977         1312811          0       1000          0          0
   0       55     1852    82083       595339043       595421126         1394973          0       1000          0          0
   0       55     1866    82096       595421157       595503253         1477087          0       1000          0          0
   0       55     1860    82088       595503286       595585374         1559216          0       1000          0          0
   0       55     1996    82249       595585404       595667653         1641334          0       1000          0          0
   0       55     1667    81908       595667683       595749591         1723613          0       1000          0          0
   0       55     1436    81673       595749624       595831297         1805554          0       1000          0          0
   0       55     1808    82035       595831329       595913364         1887259          0       1000          0          0
   0       55     1882    82117       595913394       595995512         1969325          0       1000          0          0
   0       55     1845    82074       595995542       596077616         2051472          0       1000          0          0
   0       55     1791    82021       596077648       596159669         2133578          0       1000          0          0
   0       55     1999    82245       596159700       596241944         2215630          0       1000          0          0
   0       55     1984    82241       596241975       596324215         2297905          0       1000          0          0
   0       55     1853    82087       596324246       596406333         2380177          0       1000          0          0
   0       55     1852    82073       596406364       596488437         2462294          0       1000          0          0
   0       55     1369    81602       596488467       596570070         2544398          0       1000          0          0
   0       55     1749    81988       596570100       596652088         2626031          0       1000          0          0
   0       55     1592    81838       596652210       596734047         2708140          0       1000          0          0
   0       55     2092    82327       596734080       596816407         2790010          0       1000          0          0
   0       55     1628    81857       596816438       596898295         2872369          0       1000          0          0
   0       55     2109    82320       596898327       596980647         2954257          0       1000          0          0
   0       55     1360    81613       596980664       597062277         3036594          0       1000          0          0
   0       55     1644    81916       597062307       597144222         3118237          0       1000          0          0
   0       55     1725    81965       597144254       597226219         3200184          0       1000          0          0
   0       55     1890    82123       597226249       597308371         3282179          0       1000          0          0
   0       55     1374    81628       597308402       597390029         3364332          0       1000          0          0
   0       55     1752    81991       597390060       597472051         3445991          0       1000          0          0
   0       55     1558    81792       597472082       597553873         3528012          0       1000          0          0
   0       55     2038    82301       597553904       597636204         3609834          0       1000          0          0
   0       55     1794    82011       597636235       597718245         3692165          0       1000          0          0
   0       55     1345    81580       597718263       597799843         3774193          0       1000          0          0
   0       55     1553    81795       597799873       597881668         3855803          0       1000          0          0
   0       55     1349    81581       597881683       597963264         3937613          0       1000          0          0
   0       55     1655    81870       597963293       598045163         4019224          0       1000          0          0
   0       55     1340    81553       598045179       598126732         4101109          0       1000          0          0
   0       55     1498    81746       598126761       598208508         4182691          0       1000          0          0
   0       55     2008    82240       598208539       598290779         4264470          0       1000          0          0
   0       55     1719    81966       598290809       598372775         4346740          0       1000          0          0
   0       55     1508    81729       598372808       598454537         4428738          0       1000          0          0
   0       55     1630    81857       598454568       598536425         4510498          0       1000          0          0
   0       55     1340    81584       598536441       598618025         4592372          0       1000          0          0
   0       55     1645    81880       598618056       598699936         4673986          0       1000          0          0
   0       55     1851    82074       598699966       598782040         4755897          0       1000          0          0
   0       55     1765    82006       598782072       598864078         4838002          0       1000          0          0
   0       55     1940    82190       598864109       598946299         4920040          0       1000          0          0
   0       55     1376    81594       598946332       599027926         5002262          0       1000          0          0
   0       55     1686    81898       599027957       599109856         5083888          0       1000          0          0
   0       55     1357    81590       599109872       599191462         5165802          0       1000          0          0
   0       55     1664    81907       599191495       599273402         5247426          0       1000          0          0
   0       55     1664    81894       599273435       599355329         5329366          0       1000          0          0
   0       55     1774    82013       599355509       599437522         5411439          0       1000          0          0
   0       55     1644    81869       599437552       599519421         5493483          0       1000          0          0
   0       55     1440    81674       599519452       599601126         5575382          0       1000          0          0
   0       55     1635    81894       599601155       599683050         5657086          0       1000          0          0
   0       55     1359    81595       599683068       599764663         5738998          0       1000          0          0
   0       55     1432    81673       599764693       599846366         5820623          0       1000          0          0
   0       55     2022    82252       599846397       599928649         5902327          0       1000          0          0
   0       55     1992    82230       599928679       600010909         5984610          0       1000          0          0
   0       55     1886    82120       600010940       600093060         6066870          0       1000          0          0
   0       55     1837    82066       600093091       600175157         6149022          0       1000          0          0
   0       55     1892    82128       600175188       600257316         6231118          0       1000          0          0
   0       55     1883    82111       600257348       600339458         6313278          0       1000          0          0
   0       55     1429    81658       600339490       600421148         6395420          0       1000          0          0
   0       55     1476    81703       600421180       600502883         6477110          0       1000          0          0
   0       55     1435    81661       600502914       600584575         6558845          0       1000          0          0
   0       55     1744    81978       600584606       600666584         6640536          0       1000          0          0
   0       55     1843    82078       600666614       600748692         6722544          0       1000          0          0
   0       55     1619    81849       600748723       600830572         6804653          0       1000          0          0
   0       55     2074    82321       600830602       600912923         6886532          0       1000          0          0
   0       55     1353    81581       600912940       600994522         6968871          0       1000          0          0
   0       55     1701    81930       600994553       601076482         7050483          0       1000          0          0
   0       55     1763    82003       601076512       601158515         7132443          0       1000          0          0
   0       55     2027    82272       601158545       601240817         7214475          0       1000          0          0
   0       55     1725    81938       601240847       601322785         7296777          0       1000          0          0
   0       55     1358    81588       601322800       601404388         7378730          0       1000          0          0
   0       55     1836    82056       601404418       601486473         7460348          0       1000          0          0
   0       55     1814    82045       601486504       601568548         7542434          0       1000          0          0
   0       55     1875    81998       601568581       601650578         7624511          0       1000          0          0
   0       55     2012    82229       601650608       601732836         7706538          0       1000          0          0
   0       55     1348    81560       601732871       601814431         7788801          0       1000          0          0
   0       55     1717    81929       601814460       601896389         7870391          0       1000          0          0
   0       55     1750    81982       601896419       601978401         7952350          0       1000          0          0
   0       55     1911    82125       601978431       602060557         8034362          0       1000          0          0
   0       55     1351    81581       602060619       602142200         8116550          0       1000          0          0
   0       55     1642    81869       602142231       602224100         8198161          0       1000          0          0
   0       55     1676    81908       602224130       602306038         8280061          0       1000          0          0
   0       55     2094    82320       602306068       602388388         8361999          0       1000          0          0
   0       55     1338    81566       602388423       602469989         8444353          0       1000          0          0
   0       55     1336    81569       602470020       602551589         8525951          0       1000          0          0
   0       55     1436    81665       602551621       602633286         8607551          0       1000          0          0
   0       55     1664    81891       602633316       602715207         8689246          0       1000          0          0
   0       55     1666    81905       602715237       602797143         8771168          0       1000          0          0
   0       55     1340    81558       602797174       602878733         8853105          0       1000          0          0
   0       55     1867    82106       602878763       602960869         8934693          0       1000          0          0
   0       55     1931    82159       602960900       603043060         9016831          0       1000          0          0
   0       55     1864    82083       603043090       603125173         9099020          0       1000          0          0
   0       55     1669    81910       603125203       603207113         9181133          0       1000          0          0
   0       55     1574    81754       603207143       603288897         9263073          0       1000          0          0
   0       55     1350    81573       603288911       603370484         9344842          0       1000          0          0
   0       55     1345    81559       603370499       603452058         9426429          0       1000          0          0
   0       55     1659    81879       603452088       603533967         9508018          0       1000          0          0
   0       55     1379    81651       603533999       603615650         9589929          0       1000          0          0
   0       55     1489    81728       603615681       603697410         9671612          0       1000          0          0
   0       55     1364    81602       603697440       603779042         9753371          0       1000          0          0
   0       55     1749    81982       603779074       603861057         9835005          0       1000          0          0
   0       55     1622    81849       603861087       603942936         9917017          0       1000          0          0
   0       55     1393    81605       603942966       604024570         9998896          0       1000          0          0
   0       55     1712    81951       604024601       604106552        10080531          0       1000          0          0
   0       55     1814    82036       604106584       604188620        10162514          0       1000          0          0
   0       55     1357    81589       604188636       604270224        10244566          0       1000          0          0
   0       55     1674    81892       604270254       604352147        10326184          0       1000          0          0
   0       55     1360    81589       604352163       604433752        10408094          0       1000          0          0
   0       55     1659    81876       604433782       604515659        10489713          0       1000          0          0
   0       55     1726    81974       604515691       604597665        10571621          0       1000          0          0
   0       55     1813    82014       604597697       604679711        10653627          0       1000          0          0
   0       55     1371    81604       604679728       604761332        10735659          0       1000          0          0
   0       55     1713    81937       604761434       604843371        10817364          0       1000          0          0
   0       55     1742    81966       604843402       604925369        10899333          0       1000          0          0
   0       55     1973    82199       604925400       605007598        10981330          0       1000          0          0
   0       55     1814    82041       605007628       605089670        11063559          0       1000          0          0
   0       55     1814    82056       605089700       605171756        11145631          0       1000          0          0
   0       55     1391    81627       605171787       605253414        11227718          0       1000          0          0
   0       55     1851    82069       605253445       605335514        11309375          0       1000          0          0
   0       55     1634    81848       605335544       605417392        11391475          0       1000          0          0
   0       55     1342    81565       605417407       605498972        11473338          0       1000          0          0
   0       55     1492    81705       605499032       605580737        11554962          0       1000          0          0
   0       55     1355    81589       605580753       605662341        11636683          0       1000          0          0
   0       55     1527    81752       605662371       605744123        11718302          0       1000          0          0
   0       55    59487   139719       605744154       605883873        11800084          0       1000          0          0
   0       55     1702    81901       605883902       605965803        11939832          0       1000          0          0
   0       55     1360    81594       605965819       606047413        12021749          0       1000          0          0
   0       55     1722    81938       606047443       606129381        12103373          0       1000          0          0
   0       55     1342    81579       606129403       606210982        12185334          0       1000          0          0
   0       55     1613    81838       606211038       606292876        12266968          0       1000          0          0
   0       55     1473    81704       606292905       606374610        12348836          0       1000          0          0
   0       55     1441    81701       606374640       606456341        12430571          0       1000          0          0
   0       55     1658    81868       606456373       606538241        12512303          0       1000          0          0
   0       55     1349    81565       606538257       606619822        12594187          0       1000          0          0
   0       55     1730    81962       606619852       606701814        12675782          0       1000          0          0
   0       55     1612    81830       606701844       606783675        12757775          0       1000          0          0
   0       55     1370    81594       606783714       606865308        12839645          0       1000          0          0
   0       55     1696    81951       606865339       606947291        12921270          0       1000          0          0
   0       55     1775    82010       606947322       607029332        13003252          0       1000          0          0
   0       55     1345    81573       607029349       607110922        13085279          0       1000          0          0
   0       55     1766    81985       607110952       607192937        13166882          0       1000          0          0
   0       55     1855    82094       607192966       607275059        13248896          0       1000          0          0
   0       55     1638    81867       607275089       607356956        13331019          0       1000          0          0
   0       55     1420    81646       607356986       607438632        13412917          0       1000          0          0
   0       55     1686    81903       607438663       607520566        13494593          0       1000          0          0
   0       55     1347    81573       607520617       607602190        13576547          0       1000          0          0
   0       55     1368    81623       607602220       607683843        13658151          0       1000          0          0
   0       55     1372    81597       607683858       607765455        13739789          0       1000          0          0
   0       55     1616    81835       607765485       607847320        13821415          0       1000          0          0
   0       55     1778    82006       607847351       607929356        13903281          0       1000          0          0
   0       55     2001    82228       607929387       608011615        13985318          0       1000          0          0
   0       55     1370    81599       608011632       608093231        14067562          0       1000          0          0
   0       55     1694    81933       608093261       608175194        14149191          0       1000          0          0
   0       55     1665    81862       608175224       608257085        14231154          0       1000          0          0
   0       55     1350    81554       608257100       608338654        14313031          0       1000          0          0
   0       55     1750    81991       608338684       608420675        14394614          0       1000          0          0
   0       55     1797    82037       608420706       608502743        14476636          0       1000          0          0
   0       55     1704    81947       608502773       608584720        14558703          0       1000          0          0
   0       55     1506    81735       608584751       608666487        14640682          0       1000          0          0
   0       55     1487    81719       608666518       608748237        14722448          0       1000          0          0
   0       55     2005    82222       608748303       608830525        14804233          0       1000          0          0
   0       55     1999    82224       608830556       608912780        14886487          0       1000          0          0
   0       55     1966    82228       608912810       608995038        14968741          0       1000          0          0
   0       55     1797    82018       608995068       609077086        15050999          0       1000          0          0
   0       55     1828    82061       609077117       609159178        15133047          0       1000          0          0
   0       55     1394    81608       609159209       609240817        15215139          0       1000          0          0
   0       55     1704    81922       609240847       609322770        15296778          0       1000          0          0
   0       55     1355    81555       609322787       609404341        15378717          0       1000          0          0
   0       55     1405    81632       609404357       609485989        15460287          0       1000          0          0
   0       55     1370    81601       609486058       609567660        15541989          0       1000          0          0
   0       55     1858    82073       609567689       609649762        15623620          0       1000          0          0
   0       55     1763    82000       609649792       609731792        15705722          0       1000          0          0
   0       55     1760    81981       609731823       609813803        15787753          0       1000          0          0
   0       55     1357    81601       609813818       609895420        15869749          0       1000          0          0
   0       55     1645    81873       609895450       609977323        15951380          0       1000          0          0
   0       55     1699    81918       609977354       610059272        16033284          0       1000          0          0
   0       55     1972    82207       610059304       610141511        16115234          0       1000          0          0
   0       55     1988    82210       610141541       610223752        16197472          0       1000          0          0
   0       55     1951    82196       610223831       610306027        16279762          0       1000          0          0
   0       55     1345    81567       610306043       610387610        16361973          0       1000          0          0
   0       55     1679    81906       610387640       610469546        16443570          0       1000          0          0
   0       55     1886    82092       610469576       610551668        16525507          0       1000          0          0
   0       55     1835    82047       610551698       610633745        16607628          0       1000          0          0
   0       55     1368    81583       610633774       610715357        16689704          0       1000          0          0
   0       55     1721    81923       610715387       610797309        16771317          0       1000          0          0
   0       55     1880    82118       610797339       610879456        16853269          0       1000          0          0
   0       55     1871    82100       610879486       610961586        16935417          0       1000          0          0
   0       55     1615    81848       610961617       611043466        17017548          0       1000          0          0
   0       55     1380    81591       611043496       611125088        17099427          0       1000          0          0
   0       55     1714    81950       611125117       611207068        17181048          0       1000          0          0
   0       55     1888    82108       611207098       611289206        17263029          0       1000          0          0
   0       55     2018    82254       611289236       611371490        17345167          0       1000          0          0
   0       55     1698    81952       611371521       611453473        17427451          0       1000          0          0
   0       55     1338    81553       611453488       611535041        17509418          0       1000          0          0
   0       55     1859    82082       611535072       611617154        17591003          0       1000          0          0
   0       55     1796    82022       611617183       611699205        17673113          0       1000          0          0
   0       55     1401    81618       611699235       611780853        17755165          0       1000          0          0
   0       55     1628    81876       611780883       611862759        17836813          0       1000          0          0
   0       55     1763    81971       611862790       611944761        17918720          0       1000          0          0
   0       55     2032    82234       611944791       612027025        18000721          0       1000          0          0
   0       55     1362    81603       612027040       612108644        18082971          0       1000          0          0
   0       55     1704    81934       612108674       612190608        18164604          0       1000          0          0
   0       55     1779    82007       612190637       612272644        18246568          0       1000          0          0
   0       55     1709    81953       612272674       612354628        18328605          0       1000          0          0
   0       55     1344    81570       612354645       612436215        18410575          0       1000          0          0
   0       55     1774    82000       612436276       612518276        18492207          0       1000          0          0
   0       55     1973    82124       612518305       612600429        18574236          0       1000          0          0
   0       55     1782    82012       612600458       612682471        18656389          0       1000          0          0
   0       55     2035    82275       612682500       612764775        18738431          0       1000          0          0
   0       55     1821    82059       612764806       612846866        18820737          0       1000          0          0
   0       55     2008    82258       612846896       612929153        18902826          0       1000          0          0
   0       55     1783    82026       612929251       613011277        18985182          0       1000          0          0
   0       55     1901    82111       613011309       613093419        19067239          0       1000          0          0
   0       55     1344    81597       613093436       613175033        19149366          0       1000          0          0
   0       55     1731    81981       613175063       613257044        19230993          0       1000          0          0
   0       55     1572    81799       613257102       613338901        19313032          0       1000          0          0
   0       55     1446    81666       613338933       613420599        19394863          0       1000          0          0
   0       55     1633    81859       613420629       613502488        19476559          0       1000          0          0
   0       55     1869    82076       613502519       613584595        19558449          0       1000          0          0
   0       55     1433    81642       613584612       613666255        19640543          0       1000          0          0
   0       55     1612    81853       613666284       613748137        19722214          0       1000          0          0
   0       55     1681    81911       613748166       613830077        19804097          0       1000          0          0
   0       55     1347    81576       613830095       613911670        19886025          0       1000          0          0
   0       55     1781    82011       613911703       613993714        19967633          0       1000          0          0
   0       55     1616    81844       613993744       614075588        20049674          0       1000          0          0
   0       55     1361    81479       614075624       614157103        20131554          0       1000          0          0
   0       55     1800    82015       614157132       614239147        20213062          0       1000          0          0
   0       55     1715    81921       614239177       614321097        20295107          0       1000          0          0
   0       55     1413    81626       614321126       614402752        20377057          0       1000          0          0
   0       55     1747    81988       614402782       614484770        20458712          0       1000          0          0
   0       55     1761    81978       614484800       614566778        20540730          0       1000          0          0
   0       55     1355    81580       614566796       614648377        20622727          0       1000          0          0
   0       55     1774    82000       614648408       614730407        20704338          0       1000          0          0
   0       55     1727    81958       614730439       614812398        20786370          0       1000          0          0
   0       55     1808    82043       614812428       614894471        20868359          0       1000          0          0
   0       55     1451    81719       614894505       614976225        20950436          0       1000          0          0
   0       55     1732    81981       614976256       615058236        21032186          0       1000          0          0
   0       55     1892    82122       615058267       615140389        21114198          0       1000          0          0
   0       55     1817    82031       615140420       615222451        21196350          0       1000          0          0
   0       55     1344    81572       615222467       615304039        21278397          0       1000          0          0
   0       55     1635    81870       615304068       615385938        21359999          0       1000          0          0
   0       55     1762    81990       615385969       615467959        21441899          0       1000          0          0
   0       55     2015    82231       615467992       615550222        21523922          0       1000          0          0
   0       55     1348    81573       615550239       615631812        21606169          0       1000          0          0
   0       55     1487    81672       615631961       615713633        21687891          0       1000          0          0
   0       55     1343    81575       615713647       615795222        21769578          0       1000          0          0
   0       55     1649    81881       615795252       615877133        21851182          0       1000          0          0
   0       55     1910    82136       615877162       615959298        21933092          0       1000          0          0
   0       55     1893    82127       615959330       616041457        22015261          0       1000          0          0
   0       55     1640    81791       616041489       616123279        22097419          0       1000          0          0
   0       55     2089    82328       616123309       616205637        22179239          0       1000          0          0
   0       55     1434    81672       616205666       616287339        22261597          0       1000          0          0
   0       55     1538    81786       616287372       616369158        22343303          0       1000          0          0
   0       55     1677    81909       616369189       616451097        22425119          0       1000          0          0
   0       55     1495    81712       616451128       616532840        22507059          0       1000          0          0
   0       55     1450    81671       616532870       616614541        22588800          0       1000          0          0
   0       55     1343    81565       616614556       616696122        22670487          0       1000          0          0
   0       55     1802    82021       616696152       616778173        22752082          0       1000          0          0
   0       55     1643    81885       616778203       616860088        22834133          0       1000          0          0
   0       55     1362    81600       616860105       616941705        22916035          0       1000          0          0
   0       55     1767    81997       616941735       617023732        22997666          0       1000          0          0
   0       55     1794    82034       617023763       617105797        23079693          0       1000          0          0
   0       55     1826    82043       617105828       617187871        23161759          0       1000          0          0
   0       55     1379    81608       617187887       617269495        23243817          0       1000          0          0
   0       55     1782    82019       617269525       617351544        23325456          0       1000          0          0
   0       55     1871    82072       617351576       617433648        23407506          0       1000          0          0
   0       55     1353    81580       617433667       617515248        23489598          0       1000          0          0
   0       55     1649    81894       617515278       617597172        23571208          0       1000          0          0
   0       55     1712    81947       617597202       617679149        23653132          0       1000          0          0
   0       55     1455    81673       617679179       617760852        23735109          0       1000          0          0
   0       55     1619    81846       617760882       617842728        23816812          0       1000          0          0
   0       55     1693    81902       617842762       617924664        23898692          0       1000          0          0
   0       55     1358    81583       617924682       618006265        23980612          0       1000          0          0
   0       55     1474    81704       618006295       618087999        24062225          0       1000          0          0
   0       55     1403    81635       618088064       618169699        24143994          0       1000          0          0
   0       55     1549    81770       618169729       618251500        24225660          0       1000          0          0
   0       55     1860    82080       618251530       618333611        24307461          0       1000          0          0
   0       55     1355    81581       618333664       618415245        24389595          0       1000          0          0
   0       55     1691    81937       618415277       618497214        24471207          0       1000          0          0
   0       55     1784    82021       618497243       618579265        24553174          0       1000          0          0
   0       55     1920    82084       618579297       618661381        24635227          0       1000          0          0
   0       55     1387    81622       618661410       618743032        24717340          0       1000          0          0
   0       55     1439    81657       618743061       618824718        24798991          0       1000          0          0
   0       55     1397    81641       618824747       618906389        24880678          0       1000          0          0
   0       55     1491    81761       618906419       618988181        24962350          0       1000          0          0
   0       55     1834    82064       618988214       619070278        25044144          0       1000          0          0
   0       55     1998    82222       619070309       619152531        25126239          0       1000          0          0
   0       55     1354    81574       619152562       619234137        25208493          0       1000          0          0
   0       55     1667    81896       619234168       619316064        25290098          0       1000          0          0
   0       55     1675    81937       619316095       619398031        25372025          0       1000          0          0
   0       55     1379    81622       619398061       619479683        25453991          0       1000          0          0
   0       55     1665    81883       619479714       619561598        25535645          0       1000          0          0
   0       55     1809    81996       619561628       619643624        25617558          0       1000          0          0
   0       55     1373    81611       619643639       619725251        25699570          0       1000          0          0
   0       55     1838    82049       619725281       619807330        25781211          0       1000          0          0
   0       55     1782    81998       619807359       619889357        25863289          0       1000          0          0
   0       55     1340    81569       619889372       619970941        25945302          0       1000          0          0
   0       55     1454    81682       619970971       620052653        26026901          0       1000          0          0
   0       55     1853    82080       620052684       620134764        26108614          0       1000          0          0
   0       55     2044    82251       620134795       620217046        26190725          0       1000          0          0
   0       55     1355    81582       620217062       620298644        26272992          0       1000          0          0
   0       55     1679    81892       620298675       620380567        26354606          0       1000          0          0
   0       55     1342    81565       620380583       620462148        26436513          0       1000          0          0
   0       55     1539    81749       620462179       620543928        26518109          0       1000          0          0
   0       55     1820    82065       620543958       620626023        26599888          0       1000          0          0
   0       55     1819    82094       620626054       620708148        26681984          0       1000          0          0
   0       55     1895    82105       620708178       620790283        26764109          0       1000          0          0
   0       55     1341    81570       620790299       620871869        26846229          0       1000          0          0
   0       55     1715    81949       620871900       620953848        26927830          0       1000          0          0
   0       55     1833    82065       620953879       621035944        27009810          0       1000          0          0
   0       55     1828    82041       621036267       621118308        27092197          0       1000          0          0
   0       55     1897    82123       621118339       621200463        27174270          0       1000          0          0
   0       55     1643    81881       621200493       621282374        27256423          0       1000          0          0
   0       55     1345    81575       621282391       621363966        27338322          0       1000          0          0
   0       55     1467    81738       621363997       621445735        27419928          0       1000          0          0
   0       55     1380    81597       621445765       621527363        27501696          0       1000          0          0
   0       55     1751    81981       621527393       621609374        27583323          0       1000          0          0
   0       55     1661    81952       621609404       621691355        27665334          0       1000          0          0
   0       55     1362    81575       621691370       621772945        27747300          0       1000          0          0
   0       55     1779    82010       621772975       621854985        27828905          0       1000          0          0
   0       55     1590    81817       621855050       621936867        27910981          0       1000          0          0
   0       55     1426    81652       621936897       622018549        27992827          0       1000          0          0
   0       55     1768    81997       622018579       622100576        28074509          0       1000          0          0
   0       55     1686    81909       622100607       622182516        28156537          0       1000          0          0
   0       55     1400    81650       622182548       622264198        28238478          0       1000          0          0
   0       55     1713    81952       622264229       622346181        28320159          0       1000          0          0
   0       55     1778    82030       622346212       622428242        28402143          0       1000          0          0
   0       55     1636    81870       622428273       622510143        28484203          0       1000          0          0
   0       55     1353    81606       622510178       622591783        28566108          0       1000          0          0
   0       55     1807    82026       622591813       622673839        28647743          0       1000          0          0
   0       55     1829    82054       622673870       622755924        28729800          0       1000          0          0
   0       55     2060    82268       622755955       622838223        28811886          0       1000          0          0
   0       55     1660    81894       622838253       622920147        28894183          0       1000          0          0
   0       55     1347    81574       622920163       623001737        28976093          0       1000          0          0
   0       55     1696    81937       623001768       623083705        29057698          0       1000          0          0
   0       55     2005    82247       623083736       623165984        29139667          0       1000          0          0
   0       55     1792    82014       623166050       623248064        29221980          0       1000          0          0
   0       55     1855    82096       623248124       623330220        29304055          0       1000          0          0
   0       55     1372    81611       623330251       623411861        29386181          0       1000          0          0
   0       55     1802    82047       623411893       623493939        29467823          0       1000          0          0
   0       55     1726    81935       623493969       623575905        29549900          0       1000          0          0
   0       55     1380    81607       623575921       623657528        29631851          0       1000          0          0
   0       55     1532    81713       623657558       623739271        29713489          0       1000          0          0
   0       55     1372    81575       623739321       623820896        29795251          0       1000          0          0
   0       55     1618    81841       623820925       623902767        29876856          0       1000          0          0
   0       55     1683    81895       623902797       623984692        29958727          0       1000          0          0
   0       55     1388    81615       623984722       624066336        30040652          0       1000          0          0
   0       55     1633    81857       624066367       624148224        30122297          0       1000          0          0
   0       55     1359    81590       624148243       624229833        30204174          0       1000          0          0
   0       55     1722    81938       624229863       624311800        30285793          0       1000          0          0
   0       55     1865    82105       624311831       624393936        30367762          0       1000          0          0
   0       55     1778    81989       624393968       624475958        30449899          0       1000          0          0
   0       55     1373    81594       624475982       624557576        30531913          0       1000          0          0
   0       55     1635    81891       624557606       624639497        30613537          0       1000          0          0
   0       55     1821    82081       624639529       624721609        30695459          0       1000          0          0
   0       55     1838    82050       624721639       624803689        30777570          0       1000          0          0
   0       55     1377    81603       624803705       624885308        30859636          0       1000          0          0
   0       55     1460    81693       624885340       624967034        30941271          0       1000          0          0
   0       55     2021    82253       624967066       625049320        31022997          0       1000          0          0
   0       55     1905    82110       625049350       625131460        31105281          0       1000          0          0
   0       55     1433    81652       625131476       625213128        31187407          0       1000          0          0
   0       55     1633    81876       625213158       625295033        31269088          0       1000          0          0
   0       55     1743    81963       625295063       625377025        31350993          0       1000          0          0
   0       55     1786    82018       625377056       625459074        31432986          0       1000          0          0
   0       55     2086    82266       625459105       625541371        31515035          0       1000          0          0
   0       55     1341    81540       625541386       625622926        31597317          0       1000          0          0
   0       55     1838    82072       625622957       625705028        31678887          0       1000          0          0
   0       55     1560    81809       625705058       625786867        31760988          0       1000          0          0
   0       55     1424    81631       625786899       625868531        31842830          0       1000          0          0
   0       55     1659    81876       625868560       625950436        31924491          0       1000          0          0
   0       55     1834    82057       625950466       626032523        32006396          0       1000          0          0
   0       55     1345    81573       626032541       626114114        32088471          0       1000          0          0
   0       55     1629    81893       626114144       626196037        32170075          0       1000          0          0
   0       55     1903    82144       626196122       626278266        32252053          0       1000          0          0
   0       55     1707    81911       626278295       626360207        32334226          0       1000          0          0
   0       55     1347    81553       626360223       626441776        32416153          0       1000          0          0
   0       55     1348    81572       626441830       626523402        32497760          0       1000          0          0
   0       55     1543    81772       626523433       626605205        32579363          0       1000          0          0
   0       55     1531    81758       626605235       626686992        32661165          0       1000          0          0
   0       55     1455    81675       626687049       626768724        32742979          0       1000          0          0
   0       55     1711    81937       626768753       626850691        32824684          0       1000          0          0
   0       55     1676    81916       626850721       626932636        32906651          0       1000          0          0
   0       55     1378    81602       626932669       627014271        32988599          0       1000          0          0
   0       55     1788    82028       627014302       627096330        33070232          0       1000          0          0
   0       55     1520    81761       627096361       627178122        33152291          0       1000          0          0
   0       55     1395    81616       627178152       627259768        33234082          0       1000          0          0
   0       55     1703    81936       627259799       627341735        33315729          0       1000          0          0
   0       55     1789    82029       627341766       627423795        33397697          0       1000          0          0
   0       55     1953    82205       627423825       627506030        33479755          0       1000          0          0
   0       55     1683    81913       627506060       627587973        33561990          0       1000          0          0
   0       55     2007    82250       627588088       627670339        33644019          0       1000          0          0
   0       55     1921    82165       627670368       627752533        33726299          0       1000          0          0
   0       55     1381    81606       627752564       627834169        33808494          0       1000          0          0
   0       55     1782    82019       627834201       627916221        33890132          0       1000          0          0
   0       55     1798    82023       627916250       627998273        33972181          0       1000          0          0
   0       55     1839    82056       627998303       628080359        34054233          0       1000          0          0
   0       55     1671    81884       628080390       628162274        34136321          0       1000          0          0
   0       55     1434    81657       628162304       628243961        34218234          0       1000          0          0
   0       55     1705    81918       628243991       628325909        34299921          0       1000          0          0
   0       55     2042    82263       628325939       628408202        34381870          0       1000          0          0
   0       55     1848    82065       628408232       628490297        34464162          0       1000          0          0
   0       55     1346    81565       628490313       628571878        34546243          0       1000          0          0
   0       55     1757    81991       628571908       628653900        34627839          0       1000          0          0
   0       55     1858    82142       628653930       628736072        34709860          0       1000          0          0
   0       55     1816    82058       628736102       628818160        34792032          0       1000          0          0
   0       55     1631    81891       628818191       628900082        34874121          0       1000          0          0
   0       55     1457    81691       628900114       628981805        34956045          0       1000          0          0
   0       55     1640    81874       628981836       629063710        35037767          0       1000          0          0
   0       55     1980    82226       629063742       629145967        35119672          0       1000          0          0
   0       55     1672    81946       629146103       629228049        35202034          0       1000          0          0
   0       55     1337    81567       629228076       629309643        35284007          0       1000          0          0
   0       55     1491    81705       629309673       629391378        35365603          0       1000          0          0
   0       55     1365    81591       629391394       629472985        35447324          0       1000          0          0
   0       55     1742    81994       629473042       629555035        35528972          0       1000          0          0
   0       55     1549    81772       629555065       629636837        35610996          0       1000          0          0
   0       55     1353    81591       629636853       629718444        35692783          0       1000          0          0
   0       55     1730    81933       629718475       629800408        35774405          0       1000          0          0
   0       55     1343    81573       629800424       629881997        35856354          0       1000          0          0
   0       55     1332    81548       629882072       629963620        35938002          0       1000          0          0
   0       55     1435    81652       629963665       630045317        36019595          0       1000          0          0
   0       55     1723    81955       630045346       630127301        36101276          0       1000          0          0
   0       55     1673    81916       630127332       630209248        36183262          0       1000          0          0
   0       55     1987    82205       630209279       630291484        36265209          0       1000          0          0
   0       55     1360    81566       630291499       630373065        36347430          0       1000          0          0
   0       55     1678    81936       630373095       630455031        36429026          0       1000          0          0
   0       55     1667    81897       630455063       630536960        36510993          0       1000          0          0
   0       55     1442    81686       630536991       630618678        36592922          0       1000          0          0
   0       55     1645    81878       630618710       630700587        36674640          0       1000          0          0
   0       55     1872    82078       630700618       630782696        36756548          0       1000          0          0
   0       55     1369    81571       630782712       630864283        36838642          0       1000          0          0
   0       55     1644    81881       630864313       630946194        36920243          0       1000          0          0
   0       55     1801    82023       630946226       631028250        37002156          0       1000          0          0
   0       55     1345    81573       631028266       631109840        37084197          0       1000          0          0
   0       55     1447    81667       631109870       631191537        37165800          0       1000          0          0
   0       55     1360    81601       631191555       631273156        37247485          0       1000          0          0
   0       55     1647    81858       631273186       631355044        37329117          0       1000          0          0
   0       55     1364    81520       631355061       631436581        37410991          0       1000          0          0
   0       55     1686    81891       631436610       631518501        37492541          0       1000          0          0
   0       55     1850    82056       631518531       631600586        37574461          0       1000          0          0
   0       55     1685    81902       631600616       631682518        37656547          0       1000          0          0
   0       55     1391    81616       631682548       631764164        37738478          0       1000          0          0
   0       55     1818    82046       631764194       631846240        37820124          0       1000          0          0
   0       55     1894    82091       631846348       631928439        37902278          0       1000          0          0
   0       55     1346    81704       631928454       632010159        37984385          0       1000          0          0
   0       55     1554    81773       632010188       632091961        38066119          0       1000          0          0
   0       55     1627    81853       632092060       632173913        38147990          0       1000          0          0
   0       55     1899    82127       632173943       632256070        38229873          0       1000          0          0
   0       55     1916    82146       632256100       632338246        38312031          0       1000          0          0
   0       55     1753    81985       632338277       632420262        38394207          0       1000          0          0
   0       55     1457    81693       632420291       632501984        38476221          0       1000          0          0
   0       55     1622    81834       632502045       632583878        38557975          0       1000          0          0
   0       55     1379    81602       632583896       632665498        38639826          0       1000          0          0
   0       55     1677    81897       632665528       632747425        38721458          0       1000          0          0
   0       55     1668    81902       632747456       632829358        38803386          0       1000          0          0
   0       55     1849    82065       632829403       632911468        38885333          0       1000          0          0
   0       55     1361    81564       632911484       632993048        38967415          0       1000          0          0
   0       55     1538    81786       632993078       633074865        39049009          0       1000          0          0
   0       55     2075    82291       633074895       633157186        39130825          0       1000          0          0
   0       55     1348    81592       633157216       633238808        39213146          0       1000          0          0
   0       55     1457    81693       633238838       633320531        39294769          0       1000          0          0
   0       55     1360    81589       633320561       633402150        39376492          0       1000          0          0
   0       55     1490    81708       633402182       633483889        39458112          0       1000          0          0
   0       55     1999    82253       633483919       633566172        39539849          0       1000          0          0
   0       55     1706    81930       633566203       633648132        39622133          0       1000          0          0
   0       55     1406    81642       633648162       633729804        39704092          0       1000          0          0
   0       55     1694    81928       633729835       633811763        39785766          0       1000          0          0
   0       55     1663    81893       633811794       633893688        39867725          0       1000          0          0
   0       55     1430    81651       633893721       633975372        39949652          0       1000          0          0
   0       55     1659    81895       633975404       634057299        40031334          0       1000          0          0
   0       55     1416    81620       634057315       634138934        40113245          0       1000          0          0
   0       55     1624    81850       634138964       634220813        40194894          0       1000          0          0
   0       55     1800    82006       634220844       634302850        40276774          0       1000          0          0
   0       55     1383    81602       634302865       634384467        40358795          0       1000          0          0
   0       55     1697    81930       634384497       634466428        40440428          0       1000          0          0
   0       55     1719    81960       634466458       634548418        40522388          0       1000          0          0
   0       55     1941    82178       634548522       634630700        40604452          0       1000          0          0
   0       55     1850    82073       634630731       634712803        40686661          0       1000          0          0
   0       55     1892    82124       634712833       634794957        40768763          0       1000          0          0
   0       55     1371    81580       634794977       634876558        40850908          0       1000          0          0
   0       55     1721    81959       634876588       634958547        40932518          0       1000          0          0
   0       55     1715    81954       634958578       635040533        41014509          0       1000          0          0
   0       55     1821    82034       635040563       635122597        41096493          0       1000          0          0
   0       55     1365    81594       635122613       635204207        41178543          0       1000          0          0
   0       55     1481    81717       635204237       635285955        41260168          0       1000          0          0
   0       55     1381    81607       635285985       635367592        41341916          0       1000          0          0
   0       55     1706    81932       635367623       635449555        41423553          0       1000          0          0
   0       55     1840    82055       635449585       635531640        41505515          0       1000          0          0
   0       55     1372    81574       635531677       635613252        41587608          0       1000          0          0
   0       55     1760    81998       635613281       635695279        41669212          0       1000          0          0
   0       55     1746    81994       635695310       635777305        41751241          0       1000          0          0
   0       55     1650    81870       635777336       635859206        41833266          0       1000          0          0
   0       55     1397    81628       635859238       635940865        41915168          0       1000          0          0
   0       55     1772    82000       635940897       636022896        41996827          0       1000          0          0
   0       55     1926    82144       636022926       636105070        42078857          0       1000          0          0
   0       55     1413    81632       636105086       636186718        42161016          0       1000          0          0
   0       55     1692    81934       636186747       636268681        42242677          0       1000          0          0
   0       55     1749    81986       636268711       636350697        42324641          0       1000          0          0
   0       55     1808    82029       636350727       636432756        42406657          0       1000          0          0
   0       55     1391    81601       636432787       636514388        42488717          0       1000          0          0
   0       55     1461    81668       636514419       636596088        42570350          0       1000          0          0
   0       55     1342    81568       636596103       636677671        42652033          0       1000          0          0
   0       55     1810    82037       636677701       636759738        42733631          0       1000          0          0
   0       55     1871    82098       636759768       636841866        42815698          0       1000          0          0
   0       55     1934    82151       636841897       636924048        42897827          0       1000          0          0
   0       55     1624    81836       636924078       637005914        42980008          0       1000          0          0
   0       55     2107    82316       637005944       637088261        43061875          0       1000          0          0
   0       55     2017    82234       637088290       637170524        43144220          0       1000          0          0
   0       55     2029    82241       637170553       637252794        43226483          0       1000          0          0
   0       55     1801    82061       637252996       637335057        43308926          0       1000          0          0
   0       55     1366    81592       637335073       637416665        43391003          0       1000          0          0
   0       55     1554    81766       637416695       637498461        43472625          0       1000          0          0
   0       55     1802    82031       637498491       637580522        43554421          0       1000          0          0
   0       55     1346    81548       637580538       637662086        43636468          0       1000          0          0
   0       55     1723    81975       637662116       637744091        43718046          0       1000          0          0
   0       55     1835    82061       637744122       637826183        43800052          0       1000          0          0
   0       55     1906    82126       637826214       637908340        43882144          0       1000          0          0
   0       55     1912    82133       637908372       637990505        43964302          0       1000          0          0
   0       55     2006    82217       637990535       638072752        44046465          0       1000          0          0
   0       55     1354    81580       638072770       638154351        44128701          0       1000          0          0
   0       55     1734    81952       638154382       638236334        44210312          0       1000          0          0
   0       55     1651    81864       638236363       638318228        44292294          0       1000          0          0
   0       55     1868    82025       638318258       638400283        44374188          0       1000          0          0
   0       55     1824    82048       638400313       638482360        44456243          0       1000          0          0
   0       55     1373    81645       638482390       638564035        44538321          0       1000          0          0
   0       55     1810    82021       638564065       638646087        44619995          0       1000          0          0
   0       55     1812    82033       638646116       638728149        44702046          0       1000          0          0
   0       55     1907    82130       638728179       638810308        44784109          0       1000          0          0
   0       55     1343    81620       638810349       638891969        44866279          0       1000          0          0
   0       55     1601    81828       638892027       638973855        44947957          0       1000          0          0
   0       55     1789    82058       638973886       639055944        45029816          0       1000          0          0
   0       55     1851    82080       639055975       639138056        45111906          0       1000          0          0
   0       55     2070    82304       639138087       639220392        45194018          0       1000          0          0
   0       55     1912    82140       639220422       639302562        45276353          0       1000          0          0
   0       55     1882    82114       639302597       639384711        45358527          0       1000          0          0
   0       55     2010    82210       639384740       639466950        45440670          0       1000          0          0
   0       55     1373    81590       639466966       639548556        45522896          0       1000          0          0
   0       55     1705    81937       639548585       639630523        45604516          0       1000          0          0
   0       55     1570    81787       639630554       639712341        45686484          0       1000          0          0
   0       55     1341    81578       639712361       639793939        45768291          0       1000          0          0
   0       55     1560    81763       639793969       639875732        45849900          0       1000          0          0
   0       55     1376    81606       639875749       639957355        45931680          0       1000          0          0
   0       55     1683    81900       639957457       640039356        46013387          0       1000          0          0
   0       55     1791    82014       640039387       640121401        46095317          0       1000          0          0
   0       55     1901    82116       640121431       640203547        46177361          0       1000          0          0
   0       55     1447    81702       640203576       640285278        46259507          0       1000          0          0
   0       55     1339    81561       640285313       640366874        46341244          0       1000          0          0
   0       55     2020    82242       640366904       640449146        46422834          0       1000          0          0
   0       55     2030    82251       640449176       640531428        46505107          0       1000          0          0
   0       55     1672    81914       640531458       640613372        46587389          0       1000          0          0
   0       55     2104    82339       640613403       640695741        46669333          0       1000          0          0
   0       55     1943    82183       640695771       640777954        46751702          0       1000          0          0
   0       55     1836    82065       640777985       640860051        46833916          0       1000          0          0
   0       55     1343    81551       640860068       640941619        46915998          0       1000          0          0
   0       55     1530    81758       640941650       641023408        46997580          0       1000          0          0
   0       55     1995    82220       641023438       641105658        47079368          0       1000          0          0
   0       55     1787    82039       641105688       641187727        47161618          0       1000          0          0
   0       55     1450    81667       641187760       641269427        47243690          0       1000          0          0
   0       55     1631    81884       641269457       641351342        47325388          0       1000          0          0
   0       55     1909    82144       641351376       641433520        47407306          0       1000          0          0
   0       55     1343    81544       641433538       641515081        47489468          0       1000          0          0
   0       55     1740    81951       641515112       641597063        47571042          0       1000          0          0
   0       55     1915    82165       641597093       641679258        47653023          0       1000          0          0
   0       55     1832    82055       641679289       641761344        47735219          0       1000          0          0
   0       55     1647    81921       641761374       641843295        47817304          0       1000          0          0
   0       55     1364    81599       641843312       641924911        47899242          0       1000          0          0
   0       55     1767    82005       641924941       642006946        47980871          0       1000          0          0
   0       55     1676    81908       642006977       642088885        48062907          0       1000          0          0
   0       55     1349    81586       642088919       642170505        48144849          0       1000          0          0
   0       55     1555    81749       642170535       642252284        48226465          0       1000          0          0
   0       55     1418    81629       642252299       642333927        48308229          0       1000          0          0
   0       55     1739    81990       642333957       642415947        48389887          0       1000          0          0
   0       55     1699    81938       642415976       642497914        48471906          0       1000          0          0
   0       55     1940    82176       642497944       642580120        48553874          0       1000          0          0
   0       55     1906    82147       642580151       642662298        48636081          0       1000          0          0
   0       55     1706    81935       642662429       642744364        48718359          0       1000          0          0
   0       55     1949    82175       642744409       642826585        48800340          0       1000          0          0
   0       55     1447    81674       642826616       642908290        48882547          0       1000          0          0
   0       55     1627    81856       642908322       642990178        48964252          0       1000          0          0
   0       55     1826    82057       642990208       643072265        49046139          0       1000          0          0
   0       55     1341    81482       643072280       643153762        49128210          0       1000          0          0
   0       55     1705    81917       643153792       643235708        49209722          0       1000          0          0
   0       55     1719    81928       643235737       643317666        49291668          0       1000          0          0
   0       55     1353    81554       643317709       643399263        49373640          0       1000          0          0
   0       55     1822    82025       643399292       643481317        49455223          0       1000          0          0
   0       55     1583    81790       643481347       643563138        49537278          0       1000          0          0
   0       55     2107    82313       643563167       643645480        49619097          0       1000          0          0
   0       55     1950    82170       643645510       643727680        49701441          0       1000          0          0
   0       55     1981    82192       643727710       643809902        49783640          0       1000          0          0
   0       55     1426    81638       643809932       643891570        49865862          0       1000          0          0
