#idx     perf      run   period           start             end          rel_st      slack c_duration   c_period     wu_lat
   0       27      686   400887      1343427963      1343828851            2624          0        500          0          0
   0       27      606   400824      1343828863      1344229687          403524          0        500          0          0
   0       27      619   400824      1344229716      1344630541          804377          0        500          0          0
   0       27     1496   401705      1344630570      1345032275         1205230          0        500          0          0
   0       27      881   401093      1345032304      1345433397         1606965          0        500          0          0
   0       27      738   400953      1345433427      1345834379         2008087          0        500          0          0
   0       27     1469   401680      1345834409      1346236089         2409069          0        500          0          0
   0       27     1035   401268      1346236119      1346637387         2810779          0        500          0          0
   0       27      687   400924      1346637403      1347038326         3212063          0        500          0          0
   0       27      783   401013      1347038357      1347439370         3613017          0        500          0          0
   0       27      707   400974      1347439401      1347840375         4014061          0        500          0          0
   0       27      995   401218      1347840405      1348241623         4415066          0        500          0          0
   0       27     1009   401236      1348241655      1348642891         4816315          0        500          0          0
   0       27      740   400977      1348642923      1349043900         5217584          0        500          0          0
   0       27      716   400964      1349043931      1349444895         5618591          0        500          0          0
   0       27      787   401018      1349444927      1349845944         6019587          0        500          0          0
   0       27     1374   401601      1349845975      1350247575         6420635          0        500          0          0
   0       27      825   401064      1350247607      1350648672         6822268          0        500          0          0
   0       27     1393   401608      1350648702      1351050310         7223362          0        500          0          0
   0       27      740   400970      1351050341      1351451310         7625001          0        500          0          0
   0       27     1018   401241      1351451343      1351852583         8026003          0        500          0          0
   0       27      689   400914      1351852600      1352253514         8427261          0        500          0          0
   0       27      716   400962      1352253546      1352654508         8828206          0        500          0          0
   0       27      687   400911      1352654525      1353055435         9229185          0        500          0          0
   0       27     1233   401465      1353055466      1353456931         9630126          0        500          0          0
   0       27      983   401220      1353456962      1353858182        10031622          0        500          0          0
   0       27      663   400877      1353858216      1354259093        10432877          0        500          0          0
   0       27      858   401094      1354259125      1354660219        10833786          0        500          0          0
   0       27     1242   401479      1354660251      1355061729        11234911          0        500          0          0
   0       27      898   401142      1355061760      1355462901        11636420          0        500          0          0
   0       27      873   401087      1355462933      1355864020        12037593          0        500          0          0
   0       27      690   400906      1355864037      1356264943        12438697          0        500          0          0
   0       27      714   400951      1356264973      1356665924        12839633          0        500          0          0
   0       27      663   400908      1356666040      1357066948        13240700          0        500          0          0
   0       27     1181   401434      1357066978      1357468412        13641639          0        500          0          0
   0       27      690   400940      1357468442      1357869382        14043103          0        500          0          0
   0       27      829   401066      1357869413      1358270479        14444073          0        500          0          0
   0       27     1454   401689      1358270511      1358672200        14845172          0        500          0          0
   0       27     1023   401243      1358672232      1359073475        15246892          0        500          0          0
   0       27      708   400948      1359073506      1359474454        15648167          0        500          0          0
   0       27      741   400956      1359474484      1359875440        16049145          0        500          0          0
   0       27      686   400953      1359875456      1360276409        16450117          0        500          0          0
   0       27      690   400923      1360276453      1360677376        16851113          0        500          0          0
   0       27      738   400950      1360677406      1361078355        17252066          0        500          0          0
   0       27      685   400900      1361078371      1361479271        17653031          0        500          0          0
   0       27     1271   401503      1361479301      1361880804        18053962          0        500          0          0
   0       27      803   401029      1361880834      1362281863        18455495          0        500          0          0
   0       27     1449   401673      1362281894      1362683567        18856554          0        500          0          0
   0       27      898   401111      1362683598      1363084709        19258258          0        500          0          0
   0       27      918   401142      1363084739      1363485881        19659399          0        500          0          0
   0       27     1225   401441      1363485912      1363887353        20060572          0        500          0          0
   0       27     1041   401299      1363887383      1364288682        20462044          0        500          0          0
   0       27      682   400907      1364288699      1364689606        20863359          0        500          0          0
   0       27     1344   401579      1364689637      1365091215        21264297          0        500          0          0
   0       27      829   401064      1365091246      1365492310        21665907          0        500          0          0
   0       27     1037   401272      1365492372      1365893645        22067033          0        500          0          0
   0       27     1163   401391      1365893674      1366295065        22468335          0        500          0          0
   0       27      842   401067      1366295096      1366696163        22869756          0        500          0          0
   0       27     1469   401713      1366696194      1367097907        23270855          0        500          0          0
   0       27      859   401090      1367097939      1367499029        23672599          0        500          0          0
   0       27      773   401002      1367499061      1367900063        24073721          0        500          0          0
   0       27     1439   401699      1367900094      1368301792        24474754          0        500          0          0
   0       27      941   401167      1368301823      1368702991        24876484          0        500          0          0
   0       27     1340   401572      1368703055      1369104627        25277716          0        500          0          0
   0       27      963   401194      1369104658      1369505852        25679318          0        500          0          0
   0       27      680   400887      1369505867      1369906754        26080528          0        500          0          0
   0       27      810   401024      1369906845      1370307868        26481505          0        500          0          0
   0       27     1366   401591      1370307898      1370709489        26882559          0        500          0          0
   0       27      985   401220      1370709519      1371110739        27284180          0        500          0          0
   0       27     1380   401644      1371110771      1371512416        27685432          0        500          0          0
   0       27      892   401124      1371512445      1371913569        28087106          0        500          0          0
   0       27     1348   401590      1371913600      1372315190        28488260          0        500          0          0
   0       27      958   401202      1372315220      1372716422        28889881          0        500          0          0
   0       27      682   400915      1372716440      1373117354        29291100          0        500          0          0
   0       27      681   400909      1373117371      1373518280        29692031          0        500          0          0
   0       27      785   401022      1373518310      1373919333        30092971          0        500          0          0
   0       27     1323   401557      1373919363      1374320921        30494024          0        500          0          0
   0       27     1016   401239      1374320952      1374722191        30895613          0        500          0          0
   0       27      697   400921      1374722222      1375123143        31296883          0        500          0          0
   0       27      690   400907      1375123173      1375524080        31697834          0        500          0          0
   0       27     1314   401550      1375524111      1375925661        32098771          0        500          0          0
   0       27      881   401105      1375925692      1376326797        32500352          0        500          0          0
   0       27      817   401055      1376326827      1376727883        32901488          0        500          0          0
   0       27     1357   401588      1376727916      1377129503        33302576          0        500          0          0
   0       27      976   401203      1377129534      1377530737        33704194          0        500          0          0
   0       27     1262   401497      1377530768      1377932264        34105428          0        500          0          0
   0       27     1008   401163      1377932296      1378333458        34506956          0        500          0          0
   0       27      751   400974      1378333489      1378734463        34908149          0        500          0          0
   0       27     1375   401600      1378734493      1379136093        35309153          0        500          0          0
   0       27     1019   401266      1379136124      1379537390        35710784          0        500          0          0
   0       27     1384   401603      1379537421      1379939024        36112082          0        500          0          0
   0       27      789   401021      1379939054      1380340075        36513714          0        500          0          0
   0       27      858   401104      1380340106      1380741210        36914767          0        500          0          0
   0       27     1333   401551      1380741241      1381142792        37315901          0        500          0          0
   0       27      866   401074      1381142822      1381543896        37717482          0        500          0          0
   0       27      700   400937      1381543912      1381944849        38118573          0        500          0          0
   0       27      821   401063      1381944880      1382345943        38519540          0        500          0          0
   0       27      678   400903      1382345959      1382746861        38920619          0        500          0          0
   0       27      823   401048      1382746892      1383147939        39321552          0        500          0          0
   0       27     1267   401508      1383148058      1383549566        39722719          0        500          0          0
   0       27      833   401069      1383549598      1383950667        40124258          0        500          0          0
   0       27     1440   401707      1383950698      1384352406        40525359          0        500          0          0
   0       27      972   401222      1384352436      1384753658        40927096          0        500          0          0
   0       27     1303   401532      1384753689      1385155221        41328349          0        500          0          0
   0       27      889   401163      1385155251      1385556414        41729912          0        500          0          0
   0       27      681   400902      1385556458      1385957361        42131119          0        500          0          0
   0       27      686   400905      1385957377      1386358282        42532037          0        500          0          0
   0       27      683   400928      1386358313      1386759241        42932973          0        500          0          0
   0       27     1423   401678      1386759272      1387160950        43333932          0        500          0          0
   0       27      681   400892      1387160988      1387561880        43735648          0        500          0          0
   0       27      833   401076      1387561910      1387962986        44136571          0        500          0          0
   0       27      818   401039      1387963054      1388364093        44537715          0        500          0          0
   0       27     1384   401623      1388364124      1388765746        44938784          0        500          0          0
   0       27      964   401213      1388765779      1389166992        45340440          0        500          0          0
   0       27     1324   401606      1389167064      1389568670        45741725          0        500          0          0
   0       27      966   401187      1389568697      1389969884        46143357          0        500          0          0
   0       27     1222   401458      1389969914      1390371372        46544575          0        500          0          0
   0       27      728   400996      1390371402      1390772399        46946063          0        500          0          0
   0       27      924   401135      1390772430      1391173565        47347091          0        500          0          0
   0       27      717   400951      1391173594      1391574546        47748255          0        500          0          0
   0       27      731   400967      1391574576      1391975544        48149237          0        500          0          0
   0       27     1340   401556      1391975575      1392377131        48550236          0        500          0          0
   0       27      663   400893      1392377147      1392778040        48951807          0        500          0          0
   0       27      922   401169      1392778070      1393179239        49352731          0        500          0          0
