#idx     perf      run   period           start             end          rel_st      slack c_duration   c_period     wu_lat
   0       50     1293    95631        73631583        73727214            7625          0       1000          0          0
   0       50     1027    71105        73727224        73798329          103266          0       1000          0          0
   0       50     1037    71117        73798337        73869454          174379          0       1000          0          0
   0       50     1031    71120        73869462        73940582          245504          0       1000          0          0
   0       50     1033    71123        73940589        74011712          316631          0       1000          0          0
   0       50     1032    71115        74011720        74082835          387762          0       1000          0          0
   0       50     1044    71128        74082843        74153971          458885          0       1000          0          0
   0       50     1037    71121        74153977        74225099          530020          0       1000          0          0
   0       50     1025    71111        74225106        74296217          601148          0       1000          0          0
   0       50     1025    71112        74296224        74367336          672266          0       1000          0          0
   0       50     1024    71113        74367343        74438456          743385          0       1000          0          0
   0       50     1032    71122        74438462        74509585          814505          0       1000          0          0
   0       50     1024    71116        74509591        74580707          885634          0       1000          0          0
   0       50     1025    71111        74580715        74651826          956757          0       1000          0          0
   0       50     1031    71117        74651833        74722950         1027875          0       1000          0          0
   0       50     1032    71120        74722957        74794077         1098999          0       1000          0          0
   0       50     1025    71116        74794084        74865199         1170126          0       1000          0          0
   0       50     1025    71117        74865206        74936323         1241249          0       1000          0          0
   0       50     1030    71122        74936331        75007452         1312373          0       1000          0          0
   0       50     1025    71119        75007459        75078578         1383501          0       1000          0          0
   0       50     1031    71127        75078585        75149711         1454627          0       1000          0          0
   0       50     1025    71117        75149718        75220835         1525760          0       1000          0          0
   0       50     1024    71115        75220842        75291957         1596884          0       1000          0          0
   0       50     1025    71117        75291963        75363080         1668006          0       1000          0          0
   0       50     1037    71130        75363087        75434217         1739129          0       1000          0          0
   0       50     1034    71126        75434223        75505350         1810265          0       1000          0          0
   0       50     1030    71117        75505356        75576473         1881398          0       1000          0          0
   0       50     1030    71122        75576480        75647602         1952522          0       1000          0          0
   0       50     1030    71123        75647608        75718731         2023650          0       1000          0          0
   0       50     1037    71129        75718737        75789867         2094780          0       1000          0          0
   0       50     1047    71140        75789873        75861013         2165915          0       1000          0          0
   0       50     1042    71144        75861019        75932163         2237062          0       1000          0          0
   0       50     1031    71110        75932169        76003280         2308212          0       1000          0          0
   0       50     1044    71124        76003301        76074425         2379343          0       1000          0          0
   0       50     1038    71119        76074432        76145551         2450474          0       1000          0          0
   0       50     1052    71135        76145557        76216693         2521600          0       1000          0          0
   0       50     1031    71115        76216700        76287815         2592742          0       1000          0          0
   0       50     1032    71118        76287822        76358940         2663864          0       1000          0          0
   0       50     1043    71131        76358947        76430078         2734989          0       1000          0          0
   0       50     1031    71120        76430085        76501205         2806127          0       1000          0          0
   0       50     1030    71121        76501212        76572333         2877254          0       1000          0          0
   0       50     1031    71123        76572340        76643462         2948382          0       1000          0          0
   0       50     1037    71129        76643469        76714598         3019511          0       1000          0          0
   0       50     1044    71136        76714604        76785740         3090646          0       1000          0          0
   0       50     1037    71129        76785746        76856875         3161789          0       1000          0          0
   0       50     1037    71128        76856882        76928010         3232924          0       1000          0          0
   0       50     1026    71118        76928016        76999134         3304058          0       1000          0          0
   0       50     1035    71135        76999141        77070276         3375183          0       1000          0          0
   0       50     1034    71133        77070286        77141419         3446329          0       1000          0          0
   0       50     1035    71133        77141430        77212562         3517472          0       1000          0          0
   0       50     1034    71139        77212573        77283713         3588615          0       1000          0          0
   0       50     1036    71141        77283723        77354864         3659766          0       1000          0          0
   0       50     1046    71218        77354875        77426092         3730917          0       1000          0          0
   0       50     1031    71194        77426103        77497297         3802145          0       1000          0          0
   0       50     1037    71143        77497308        77568451         3873350          0       1000          0          0
   0       50     1095    71201        77568462        77639663         3944504          0       1000          0          0
   0       50     1057    71153        77639673        77710826         4015716          0       1000          0          0
   0       50     1063    71225        77710837        77782062         4086879          0       1000          0          0
   0       50     1065    71170        77782073        77853243         4158115          0       1000          0          0
   0       50     1055    71161        77853254        77924414         4229296          0       1000          0          0
   0       50     1057    71187        77924425        77995612         4300467          0       1000          0          0
   0       50     1057    71186        77995623        78066809         4371665          0       1000          0          0
   0       50     1044    71206        78066820        78138026         4442862          0       1000          0          0
   0       50     1032    71130        78138036        78209166         4514078          0       1000          0          0
   0       50     1035    71117        78209176        78280293         4585218          0       1000          0          0
   0       50     1034    71171        78280304        78351475         4656346          0       1000          0          0
   0       50     1110    71186        78351507        78422693         4727549          0       1000          0          0
   0       50     1037    71112        78422703        78493816         4798745          0       1000          0          0
   0       50     1027    71100        78493826        78564926         4869868          0       1000          0          0
   0       50     1027    71102        78564936        78636038         4940978          0       1000          0          0
   0       50     1026    71102        78636048        78707150         5012091          0       1000          0          0
   0       50     1037    71113        78707161        78778274         5083203          0       1000          0          0
   0       50     1034    71113        78778285        78849397         5154327          0       1000          0          0
   0       50     1034    71110        78849408        78920519         5225450          0       1000          0          0
   0       50     1034    71111        78920529        78991640         5296571          0       1000          0          0
   0       50     1035    71114        78991651        79062765         5367693          0       1000          0          0
   0       50     1044    71124        79062775        79133899         5438817          0       1000          0          0
   0       50     1034    71115        79133910        79205025         5509952          0       1000          0          0
   0       50     1093    71169        79205036        79276205         5581078          0       1000          0          0
   0       50     1026    71103        79276212        79347314         5652254          0       1000          0          0
   0       50     1038    71115        79347325        79418440         5723367          0       1000          0          0
   0       50     1028    71105        79418451        79489556         5794493          0       1000          0          0
   0       50     1028    71104        79489567        79560670         5865609          0       1000          0          0
   0       50     1026    71103        79560677        79631780         5936719          0       1000          0          0
   0       50     1027    71114        79631788        79702902         6007830          0       1000          0          0
   0       50     1044    71128        79702913        79774040         6078955          0       1000          0          0
   0       50     1026    71188        79774047        79845235         6150089          0       1000          0          0
   0       50     1100    71181        79845246        79916427         6221289          0       1000          0          0
   0       50     1027    71108        79916435        79987542         6292477          0       1000          0          0
   0       50     1035    71123        79987553        80058675         6363595          0       1000          0          0
   0       50     1037    71119        80058686        80129804         6434728          0       1000          0          0
   0       50     1028    71110        80129815        80200925         6505857          0       1000          0          0
   0       50     1027    71126        80200936        80272061         6576978          0       1000          0          0
   0       50     1099    71195        80272073        80343268         6648115          0       1000          0          0
   0       50     1107    71201        80343279        80414480         6719321          0       1000          0          0
   0       50     1098    71267        80414491        80485758         6790533          0       1000          0          0
   0       50     1098    71202        80485769        80556971         6861811          0       1000          0          0
   0       50     1100    71200        80556982        80628182         6933024          0       1000          0          0
   0       50     1098    71172        80628193        80699365         7004235          0       1000          0          0
   0       50     1110    71182        80699387        80770569         7075429          0       1000          0          0
   0       50     1094    71167        80770575        80841741         7146617          0       1000          0          0
   0       50     1094    71177        80841747        80912925         7217789          0       1000          0          0
   0       50     1097    71170        80912931        80984101         7288973          0       1000          0          0
   0       50     1096    71174        80984107        81055281         7360149          0       1000          0          0
   0       50     1106    71172        81055287        81126459         7431329          0       1000          0          0
   0       50     1102    71271        81126466        81197737         7502508          0       1000          0          0
   0       50     1109    71212        81197748        81268960         7573790          0       1000          0          0
   0       50     1100    71193        81268971        81340164         7645013          0       1000          0          0
   0       50     1098    71193        81340175        81411368         7716217          0       1000          0          0
   0       50     1108    71277        81411379        81482656         7787421          0       1000          0          0
   0       50     1119    71291        81482667        81553959         7858709          0       1000          0          0
   0       50     1120    71216        81553970        81625186         7930012          0       1000          0          0
   0       50     1099    71193        81625197        81696390         8001239          0       1000          0          0
   0       50     1097    71193        81696401        81767593         8072443          0       1000          0          0
   0       50     1109    71204        81767605        81838809         8143647          0       1000          0          0
   0       50     1116    71286        81838820        81910106         8214862          0       1000          0          0
   0       50     1099    71194        81910117        81981310         8286159          0       1000          0          0
   0       50     1099    71193        81981322        82052514         8357364          0       1000          0          0
   0       50     1099    71194        82052526        82123720         8428568          0       1000          0          0
   0       50     1109    71193        82123731        82194924         8499773          0       1000          0          0
   0       50     1105    71191        82194931        82266122         8570973          0       1000          0          0
   0       50     1117    71211        82266129        82337341         8642172          0       1000          0          0
   0       50     1121    71223        82337352        82408575         8713394          0       1000          0          0
   0       50     1122    71304        82408586        82479890         8784628          0       1000          0          0
   0       50     1142    71310        82479901        82551211         8855943          0       1000          0          0
   0       50     1135    90773        82551222        82641996         8927264          0       1000          0          0
   0       50     1112    71190        82642019        82713209         9018061          0       1000          0          0
   0       50     1100    71179        82713219        82784398         9089261          0       1000          0          0
   0       50     1091    71171        82784409        82855580         9160451          0       1000          0          0
   0       50     1107    71189        82855591        82926780         9231633          0       1000          0          0
   0       50     1090    71173        82926791        82997964         9302833          0       1000          0          0
   0       50     1101    71182        82997975        83069157         9374017          0       1000          0          0
   0       50     1080    71162        83069190        83140352         9445232          0       1000          0          0
   0       50     1100    71265        83140363        83211628         9516405          0       1000          0          0
   0       50     1203    71377        83211640        83283018         9587683          0       1000          0          0
   0       50     1038    76849        83283029        83359877         9659071          0       1000          0          0
   0       50     1097    71188        83359885        83431073         9735927          0       1000          0          0
   0       50     1104    71186        83431080        83502266         9807122          0       1000          0          0
   0       50     1101    71190        83502273        83573463         9878316          0       1000          0          0
   0       50     1115    71216        83573471        83644687         9949513          0       1000          0          0
   0       50     1101    71212        83644694        83715906        10020736          0       1000          0          0
   0       50     1109    71213        83715914        83787127        10091956          0       1000          0          0
   0       50     1108    71208        83787134        83858341        10163176          0       1000          0          0
   0       50     1102    71197        83858349        83929546        10234391          0       1000          0          0
   0       50     1104    71216        83929553        84000769        10305595          0       1000          0          0
   0       50     1100    71204        84000776        84071980        10376819          0       1000          0          0
   0       50     1102    71226        84071987        84143213        10448029          0       1000          0          0
   0       50     1127    71224        84143220        84214444        10519263          0       1000          0          0
   0       50     1101    71205        84214451        84285657        10590494          0       1000          0          0
   0       50     1214    71314        84285664        84356979        10661707          0       1000          0          0
   0       50     1215    71331        84356986        84428317        10733029          0       1000          0          0
   0       50     1218    71321        84428325        84499646        10804367          0       1000          0          0
   0       50     1222    71329        84499653        84570983        10875696          0       1000          0          0
   0       50     1236    71383        84570991        84642373        10947033          0       1000          0          0
   0       50     1237    71345        84642381        84713726        11018423          0       1000          0          0
   0       50     1206    71308        84713733        84785041        11089775          0       1000          0          0
   0       50     1206    71356        84785047        84856403        11161089          0       1000          0          0
   0       50     1207    71350        84856410        84927760        11232452          0       1000          0          0
   0       50     1209   100186        84927767        85027953        11303809          0       1000          0          0
   0       50     1212    71369        85027960        85099330        11404002          0       1000          0          0
   0       50     1246    71370        85099336        85170706        11475378          0       1000          0          0
   0       50     1242    71355        85170714        85242069        11546756          0       1000          0          0
   0       50     1208    71321        85242076        85313397        11618119          0       1000          0          0
   0       50     1224    71359        85313404        85384763        11689446          0       1000          0          0
   0       50     1224    71309        85384770        85456079        11760812          0       1000          0          0
   0       50     1209    71299        85456105        85527404        11832147          0       1000          0          0
   0       50     1216    72683        85527411        85600095        11903453          0       1000          0          0
   0       50     1280    71364        85600102        85671467        11976144          0       1000          0          0
   0       50     1216    71326        85671474        85742800        12047516          0       1000          0          0
   0       50     1229    71377        85742807        85814184        12118850          0       1000          0          0
   0       50     1209    71351        85814192        85885543        12190234          0       1000          0          0
   0       50     1210    71314        85885551        85956864        12261593          0       1000          0          0
   0       50     1215    71368        85956872        86028240        12332914          0       1000          0          0
   0       50     1209    71311        86028248        86099558        12404290          0       1000          0          0
   0       50     1217    71342        86099566        86170908        12475608          0       1000          0          0
   0       50     1230    71353        86170915        86242268        12546957          0       1000          0          0
   0       50     1209    71312        86242276        86313588        12618318          0       1000          0          0
   0       50     1208    71306        86313595        86384902        12689637          0       1000          0          0
   0       50     1222    71334        86384909        86456244        12760951          0       1000          0          0
   0       50     1210    71322        86456251        86527573        12832293          0       1000          0          0
   0       50     1216    71338        86527580        86598918        12903622          0       1000          0          0
   0       50     1342    71467        86598926        86670393        12974968          0       1000          0          0
   0       50     1208    71345        86670400        86741745        13046443          0       1000          0          0
   0       50     1215    71342        86741752        86813095        13117794          0       1000          0          0
   0       50     1215    71331        86813102        86884433        13189144          0       1000          0          0
   0       50     1227    71346        86884440        86955786        13260482          0       1000          0          0
   0       50     1250    71388        86955794        87027182        13331836          0       1000          0          0
   0       50     1217    71299        87027189        87098488        13403231          0       1000          0          0
   0       50     1208    71311        87098495        87169806        13474537          0       1000          0          0
   0       50     1214    71340        87169814        87241153        13545856          0       1000          0          0
   0       50     1207    71299        87241161        87312459        13617203          0       1000          0          0
   0       50     1208    71303        87312467        87383770        13688509          0       1000          0          0
   0       50     1211    71311        87383777        87455088        13759819          0       1000          0          0
   0       50     1215    71315        87455095        87526411        13831137          0       1000          0          0
   0       50     1208    71315        87526418        87597732        13902460          0       1000          0          0
   0       50     1208    71313        87597740        87669053        13973782          0       1000          0          0
   0       50     1208    71339        87669061        87740399        14045103          0       1000          0          0
   0       50     1212    71341        87740407        87811747        14116449          0       1000          0          0
   0       50     1218    71338        87811771        87883109        14187813          0       1000          0          0
   0       50     1216    71336        87883116        87954452        14259158          0       1000          0          0
   0       50     1207    71353        87954459        88025812        14330501          0       1000          0          0
   0       50     1232    71410        88025819        88097229        14401862          0       1000          0          0
   0       50     1225    71346        88097236        88168582        14473278          0       1000          0          0
   0       50     1207    71291        88168589        88239880        14544631          0       1000          0          0
   0       50     1222    71307        88239887        88311194        14615930          0       1000          0          0
   0       50     1215    71311        88311201        88382512        14687243          0       1000          0          0
   0       50     1207    71297        88382519        88453816        14758562          0       1000          0          0
   0       50     1213    71307        88453823        88525130        14829865          0       1000          0          0
   0       50     1207    71325        88525137        88596463        14901179          0       1000          0          0
   0       50     1207    71319        88596470        88667789        14972512          0       1000          0          0
   0       50     1221    71401        88667796        88739197        15043839          0       1000          0          0
   0       50     1231    71416        88739213        88810630        15115256          0       1000          0          0
   0       50     1096    71281        88810643        88881924        15186685          0       1000          0          0
   0       50     1103    71288        88881936        88953223        15257978          0       1000          0          0
   0       50     1097    71283        88953234        89024517        15329277          0       1000          0          0
   0       50     1095    71274        89024528        89095802        15400570          0       1000          0          0
   0       50     1106    71296        89095813        89167109        15471855          0       1000          0          0
   0       50     1109    71299        89167120        89238419        15543162          0       1000          0          0
   0       50     1096    71285        89238430        89309715        15614472          0       1000          0          0
   0       50     1096    71289        89309726        89381015        15685769          0       1000          0          0
   0       50     1114    71311        89381026        89452338        15757069          0       1000          0          0
   0       50     1128    71343        89452349        89523691        15828391          0       1000          0          0
   0       50     1113    71193        89523702        89594895        15899744          0       1000          0          0
   0       50     1109    71189        89594906        89666095        15970948          0       1000          0          0
   0       50     1100    71181        89666106        89737287        16042148          0       1000          0          0
   0       50     1102    71183        89737298        89808481        16113340          0       1000          0          0
   0       50     1101    71266        89808492        89879758        16184535          0       1000          0          0
   0       50     1114    71283        89879769        89951052        16255812          0       1000          0          0
   0       50     1110    71277        89951063        90022341        16327106          0       1000          0          0
   0       50     1105    71275        90022352        90093627        16398394          0       1000          0          0
   0       50     1104    76751        90093638        90170390        16469681          0       1000          0          0
   0       50     1100    71287        90171432        90242719        16547474          0       1000          0          0
   0       50     1087    71268        90242725        90313993        16618767          0       1000          0          0
   0       50     1100    71290        90313998        90385288        16690041          0       1000          0          0
   0       50     1087    71296        90385293        90456589        16761336          0       1000          0          0
   0       50     1088    71268        90456595        90527863        16832637          0       1000          0          0
   0       50     1107    71292        90527868        90599160        16903910          0       1000          0          0
   0       50     1099    71317        90599165        90670482        16975208          0       1000          0          0
   0       50     1087    71293        90670488        90741781        17046530          0       1000          0          0
   0       50     1087    71321        90741786        90813107        17117829          0       1000          0          0
   0       50     1110    71276        90813113        90884389        17189155          0       1000          0          0
   0       50     1109    71290        90884394        90955684        17260437          0       1000          0          0
   0       50     1127    71343        90955689        91027033        17331732          0       1000          0          0
   0       50     1114    71306        91027039        91098345        17403081          0       1000          0          0
   0       50     1097    71305        91098350        91169655        17474393          0       1000          0          0
   0       50     1098    71323        91169661        91240984        17545703          0       1000          0          0
   0       50     1105    71321        91240989        91312311        17617032          0       1000          0          0
   0       50     1094    71319        91312316        91383635        17688358          0       1000          0          0
   0       50     1107    71339        91383641        91454980        17759683          0       1000          0          0
   0       50     1100    71191        91454985        91526177        17831028          0       1000          0          0
   0       50     1094    71192        91526182        91597374        17902224          0       1000          0          0
   0       50     1094    71190        91597379        91668569        17973421          0       1000          0          0
   0       50     1093    71174        91668575        91739749        18044617          0       1000          0          0
   0       50     1104    71190        91739755        91810945        18115797          0       1000          0          0
   0       50     1094    71214        91810950        91882164        18186992          0       1000          0          0
   0       50     1094    71196        91882169        91953366        18258212          0       1000          0          0
   0       50     1093    71200        91953371        92024571        18329413          0       1000          0          0
   0       50     1094    71184        92024577        92095761        18400619          0       1000          0          0
   0       50     1104    71208        92095767        92166975        18471809          0       1000          0          0
   0       50     1095    71316        92166980        92238296        18543022          0       1000          0          0
   0       50     1094    71274        92238302        92309576        18614344          0       1000          0          0
   0       50     1094    71273        92309581        92380854        18685623          0       1000          0          0
   0       50     1094    71276        92380860        92452136        18756902          0       1000          0          0
   0       50     1105    71256        92452141        92523397        18828183          0       1000          0          0
   0       50     1104    71189        92523414        92594604        18899456          0       1000          0          0
   0       50     1094    71299        92594609        92665908        18970651          0       1000          0          0
   0       50     1107    71306        92665913        92737219        19041955          0       1000          0          0
   0       50     1094    71285        92737224        92808510        19113266          0       1000          0          0
   0       50     1094    71206        92808515        92879721        19184557          0       1000          0          0
   0       50     1104    71225        92879726        92950951        19255768          0       1000          0          0
   0       50     1100    71304        92950956        93022260        19326998          0       1000          0          0
   0       50     1094    71291        93022265        93093556        19398308          0       1000          0          0
   0       50     1095    71305        93093561        93164866        19469603          0       1000          0          0
   0       50     1095    71286        93164872        93236157        19540914          0       1000          0          0
   0       50     1115    71299        93236162        93307461        19612204          0       1000          0          0
   0       50     1126    71299        93307467        93378766        19683509          0       1000          0          0
   0       50     1104    71258        93378771        93450028        19754813          0       1000          0          0
   0       50     1088    71152        93450034        93521187        19826077          0       1000          0          0
   0       50     1097    71171        93521192        93592363        19897234          0       1000          0          0
   0       50     1093    71169        93592370        93663539        19968412          0       1000          0          0
   0       50     1102    71180        93663546        93734726        20039588          0       1000          0          0
   0       50     1094    71173        93734733        93805906        20110775          0       1000          0          0
   0       50     1106    71180        93805913        93877092        20181955          0       1000          0          0
   0       50     1090    71163        93877099        93948263        20253142          0       1000          0          0
   0       50     1092    71166        93948269        94019436        20324312          0       1000          0          0
   0       50     1105    71180        94019442        94090623        20395485          0       1000          0          0
   0       50     1096    71171        94090629        94161800        20466672          0       1000          0          0
   0       50     1096    71171        94161807        94232978        20537849          0       1000          0          0
   0       50     1102    71176        94232985        94304160        20609027          0       1000          0          0
   0       50     1101    71174        94304167        94375341        20680209          0       1000          0          0
   0       50     1100    71174        94375348        94446522        20751390          0       1000          0          0
   0       50     1091    71166        94446528        94517693        20822570          0       1000          0          0
   0       50     1092    71166        94517700        94588866        20893742          0       1000          0          0
   0       50     1091    71166        94588872        94660038        20964915          0       1000          0          0
   0       50     1101    71226        94660045        94731271        21036087          0       1000          0          0
   0       50     1100    71193        94731277        94802470        21107319          0       1000          0          0
   0       50     1088    71228        94802475        94873704        21178518          0       1000          0          0
   0       50     1088    71201        94873734        94944935        21249776          0       1000          0          0
   0       50     1094    71279        94944940        95016219        21320982          0       1000          0          0
   0       50     1099    71209        95016225        95087434        21392267          0       1000          0          0
   0       50     1101    71238        95087440        95158677        21463482          0       1000          0          0
   0       50     1091    71212        95158683        95229895        21534725          0       1000          0          0
   0       50     1088    71288        95229900        95301188        21605942          0       1000          0          0
   0       50     1088    71312        95301194        95372505        21677236          0       1000          0          0
   0       50     1088    71283        95372511        95443794        21748553          0       1000          0          0
   0       50     1105    71287        95443800        95515087        21819842          0       1000          0          0
   0       50     1094    71265        95515093        95586357        21891135          0       1000          0          0
   0       50     1094    71291        95586363        95657654        21962405          0       1000          0          0
   0       50     1094    71309        95657660        95728969        22033702          0       1000          0          0
   0       50     1103    71304        95728974        95800278        22105017          0       1000          0          0
   0       50     1094    71286        95800284        95871570        22176326          0       1000          0          0
   0       50     1106    71300        95871576        95942877        22247618          0       1000          0          0
   0       50     1094    71291        95942882        96014174        22318924          0       1000          0          0
   0       50     1096    71298        96014179        96085478        22390221          0       1000          0          0
   0       50     1162    71307        96085483        96156790        22461525          0       1000          0          0
   0       50     3334    74462        96156795        96231257        22532838          0       1000          0          0
   0       50     1103    71192        96231262        96302454        22607305          0       1000          0          0
   0       50     1088    71177        96302459        96373636        22678501          0       1000          0          0
   0       50     1089    71167        96373641        96444808        22749683          0       1000          0          0
   0       50     1097    71189        96444813        96516002        22820855          0       1000          0          0
   0       50     1099    71309        96516015        96587325        22892058          0       1000          0          0
   0       50     1106    71173        96587330        96658503        22963372          0       1000          0          0
   0       50     1090    71172        96658508        96729680        23034550          0       1000          0          0
   0       50     1096    71183        96729685        96800868        23105727          0       1000          0          0
   0       50     1094    71173        96800873        96872046        23176915          0       1000          0          0
   0       50     1109    71176        96872051        96943227        23248093          0       1000          0          0
   0       50     1112    71185        96943232        97014417        23319274          0       1000          0          0
   0       50     1097    71169        97014423        97085592        23390465          0       1000          0          0
   0       50     1194    71268        97085598        97156867        23461641          0       1000          0          0
   0       50     1090    71155        97156873        97228028        23532915          0       1000          0          0
   0       50     1124    71196        97228044        97299240        23604086          0       1000          0          0
   0       50     1099    71172        97299246        97370418        23675288          0       1000          0          0
   0       50     1091    71164        97370424        97441588        23746467          0       1000          0          0
   0       50     1091    71164        97441594        97512758        23817636          0       1000          0          0
   0       50     1091    71165        97512764        97583929        23888806          0       1000          0          0
   0       50     1106    71202        97583935        97655137        23959977          0       1000          0          0
   0       50     1093    71167        97655144        97726311        24031186          0       1000          0          0
   0       50     1096    71241        97726317        97797558        24102359          0       1000          0          0
   0       50     1094    71195        97797563        97868757        24173605          0       1000          0          0
   0       50     1099    71278        97868763        97940041        24244805          0       1000          0          0
   0       50     1106    71186        97940047        98011232        24316089          0       1000          0          0
   0       50     1105    71181        98011239        98082420        24387281          0       1000          0          0
   0       50     1113    71188        98082426        98153614        24458468          0       1000          0          0
   0       50     1097    71171        98153620        98224790        24529662          0       1000          0          0
   0       50     1092    71168        98224796        98295964        24600838          0       1000          0          0
   0       50     1107    71179        98295970        98367149        24672012          0       1000          0          0
   0       50     1097    71169        98367155        98438324        24743197          0       1000          0          0
   0       50     1097    71176        98438329        98509505        24814372          0       1000          0          0
   0       50     1091    71165        98509511        98580676        24885553          0       1000          0          0
   0       50     1090    71154        98580681        98651835        24956724          0       1000          0          0
   0       50     1098    71325        98651840        98723166        25027883          0       1000          0          0
   0       50     1092    71354        98723170        98794524        25099213          0       1000          0          0
   0       50     1092    71357        98794529        98865886        25170571          0       1000          0          0
   0       50     1092    71357        98865891        98937248        25241933          0       1000          0          0
   0       50     1092    71288        98937253        99008541        25313295          0       1000          0          0
   0       50     1093    71331        99008546        99079877        25384588          0       1000          0          0
   0       50     1102    71331        99079881        99151212        25455924          0       1000          0          0
   0       50     1086    71333        99151217        99222549        25527259          0       1000          0          0
   0       50     1087    71353        99222554        99293907        25598596          0       1000          0          0
   0       50     1087    71314        99293912        99365226        25669954          0       1000          0          0
   0       50     1087    71285        99365231        99436516        25741273          0       1000          0          0
   0       50     1086    71203        99436521        99507724        25812563          0       1000          0          0
   0       50     1096    71356        99507728        99579084        25883770          0       1000          0          0
   0       50     1093    71261        99579105        99650365        25955147          0       1000          0          0
   0       50     1091    71155        99650370        99721525        26026413          0       1000          0          0
   0       50     1094    71273        99721530        99792803        26097572          0       1000          0          0
   0       50     1103    71282        99792813        99864095        26168855          0       1000          0          0
   0       50     1107    71354        99864105        99935459        26240147          0       1000          0          0
   0       50     1108    71275        99935469       100006744        26311511          0       1000          0          0
   0       50     1096    71242       100006754       100077996        26382796          0       1000          0          0
   0       50     1089    71167       100078014       100149181        26454056          0       1000          0          0
   0       50     1096    71311       100149190       100220501        26525233          0       1000          0          0
   0       50     1097    71275       100220511       100291786        26596553          0       1000          0          0
   0       50     1104    71284       100291796       100363080        26667838          0       1000          0          0
   0       50     1096    71350       100363090       100434440        26739132          0       1000          0          0
   0       50     1099    71261       100434450       100505711        26810492          0       1000          0          0
   0       50     1098    71438       100505720       100577159        26881763          0       1000          0          0
   0       50     1099    71290       100577163       100648453        26953205          0       1000          0          0
   0       50     1092    71242       100648457       100719700        27024500          0       1000          0          0
   0       50     1101    71280       100719704       100790985        27095747          0       1000          0          0
   0       50     1105    71277       100790990       100862267        27167032          0       1000          0          0
   0       50     1092    71277       100862271       100933548        27238314          0       1000          0          0
   0       50     1100    71186       100933553       101004738        27309595          0       1000          0          0
   0       50     1092    71235       101004743       101075978        27380785          0       1000          0          0
   0       50     1120    71275       101075982       101147257        27452024          0       1000          0          0
   0       50     1092    71232       101147262       101218494        27523304          0       1000          0          0
   0       50     1092    71275       101218499       101289774        27594541          0       1000          0          0
   0       50     1092    71366       101289779       101361145        27665821          0       1000          0          0
   0       50     1088    71288       101361150       101432437        27737192          0       1000          0          0
   0       50     1093    71275       101432442       101503717        27808484          0       1000          0          0
   0       50     1107    71240       101503722       101574962        27879764          0       1000          0          0
   0       50     1108    71285       101574972       101646257        27951014          0       1000          0          0
   0       50     1095    71224       101646267       101717491        28022309          0       1000          0          0
   0       50     1097    71276       101717501       101788776        28093543          0       1000          0          0
   0       50     1096    71276       101788786       101860062        28164828          0       1000          0          0
   0       50     1101    71279       101860072       101931351        28236114          0       1000          0          0
   0       50     1108    71289       101931380       102002669        28307422          0       1000          0          0
   0       50     1097    71225       102002679       102073904        28378721          0       1000          0          0
   0       50     1108    71186       102073914       102145100        28449956          0       1000          0          0
   0       50     1095    71282       102145110       102216392        28521152          0       1000          0          0
   0       50     1097    71278       102216412       102287690        28592454          0       1000          0          0
   0       50     1105    71286       102287700       102358986        28663742          0       1000          0          0
   0       50     1109    71283       102358995       102430278        28735038          0       1000          0          0
   0       50     1097    71279       102430288       102501567        28806330          0       1000          0          0
   0       50     1096    71219       102501577       102572795        28877619          0       1000          0          0
   0       50     1096    71277       102572805       102644082        28948847          0       1000          0          0
   0       50     1104    71223       102644092       102715315        29020134          0       1000          0          0
   0       50     1105    71351       102715325       102786676        29091367          0       1000          0          0
   0       50     1097    71473       102786686       102858159        29162728          0       1000          0          0
   0       50     1098    71277       102858164       102929441        29234206          0       1000          0          0
   0       50     1094    71296       102929446       103000742        29305488          0       1000          0          0
   0       50     1093    71221       103000747       103071968        29376789          0       1000          0          0
   0       50     1110    71280       103071973       103143253        29448015          0       1000          0          0
   0       50     1092    71278       103143258       103214536        29519300          0       1000          0          0
   0       50     1092    71280       103214541       103285820        29590583          0       1000          0          0
   0       50     1092    71301       103285825       103357126        29661867          0       1000          0          0
   0       50     1092    71256       103357131       103428387        29733173          0       1000          0          0
   0       50     1105    71277       103428392       103499669        29804434          0       1000          0          0
   0       50     1101    71213       103499673       103570887        29875716          0       1000          0          0
   0       50     1092    71277       103570891       103642168        29946933          0       1000          0          0
   0       50     1092    71211       103642173       103713384        30018215          0       1000          0          0
   0       50     1092    71288       103713389       103784677        30089431          0       1000          0          0
   0       50     1092    71279       103784681       103855960        30160724          0       1000          0          0
   0       50     1107    71248       103855965       103927213        30232007          0       1000          0          0
   0       50     1092    71277       103927217       103998494        30303259          0       1000          0          0
   0       50     1091    71206       103998499       104069706        30374541          0       1000          0          0
   0       50     1091    71288       104069710       104140998        30445752          0       1000          0          0
   0       50     1099    71181       104141009       104212190        30517051          0       1000          0          0
   0       50     1099    71366       104212194       104283561        30588236          0       1000          0          0
   0       50     1104    71193       104283574       104354768        30659617          0       1000          0          0
   0       50     1095    71203       104354773       104425976        30730815          0       1000          0          0
   0       50     1094    71276       104425981       104497258        30802023          0       1000          0          0
   0       50     1094    71228       104497263       104568491        30873305          0       1000          0          0
   0       50     1093    71220       104568496       104639715        30944538          0       1000          0          0
   0       50     1100    71190       104639720       104710910        31015762          0       1000          0          0
   0       50     1105    71218       104710915       104782133        31086957          0       1000          0          0
   0       50     1207    71293       104782140       104853433        31158182          0       1000          0          0
   0       50     1208    71306       104853440       104924746        31229482          0       1000          0          0
   0       50     1215    71299       104924753       104996052        31300795          0       1000          0          0
   0       50     1214    71297       104996059       105067356        31372101          0       1000          0          0
   0       50     1187    71279       105067362       105138641        31443404          0       1000          0          0
   0       50     1209    71294       105138648       105209942        31514690          0       1000          0          0
   0       50     1220    71325       105209949       105281274        31585992          0       1000          0          0
   0       50     1214    71318       105281281       105352599        31657323          0       1000          0          0
   0       50     1210    71319       105352606       105423925        31728648          0       1000          0          0
   0       50     7382    78153       105423932       105502085        31799974          0       1000          0          0
   0       50     1209    71302       105502089       105573391        31878131          0       1000          0          0
   0       50     1210    71281       105573396       105644677        31949438          0       1000          0          0
   0       50     1092    71162       105644682       105715844        32020724          0       1000          0          0
   0       50     1099    71168       105715849       105787017        32091891          0       1000          0          0
   0       50     1089    71158       105787022       105858179        32163064          0       1000          0          0
   0       50     1089    71158       105858184       105929342        32234226          0       1000          0          0
   0       50     1091    71249       105929347       106000596        32305389          0       1000          0          0
   0       50     1095    71170       106000601       106071770        32376643          0       1000          0          0
   0       50     1099    71170       106071774       106142945        32447817          0       1000          0          0
   0       50     1099    71172       106142949       106214121        32518991          0       1000          0          0
   0       50     1094    71170       106214126       106285295        32590168          0       1000          0          0
   0       50     1094    71174       106285300       106356473        32661342          0       1000          0          0
   0       50     1094    71164       106356477       106427641        32732520          0       1000          0          0
   0       50     1098    71171       106427646       106498816        32803688          0       1000          0          0
   0       50     1092    71170       106498820       106569990        32874862          0       1000          0          0
   0       50     1103    71174       106569994       106641168        32946036          0       1000          0          0
   0       50     1095    71166       106641184       106712350        33017226          0       1000          0          0
   0       50     1102    71174       106712355       106783529        33088397          0       1000          0          0
   0       50     1102    71173       106783533       106854706        33159576          0       1000          0          0
   0       50     1097    71209       106854711       106925920        33230753          0       1000          0          0
   0       50     1099    71343       106925924       106997267        33301966          0       1000          0          0
   0       50     1094    71175       106997271       107068446        33373313          0       1000          0          0
   0       50     1100    71311       107068450       107139761        33444492          0       1000          0          0
   0       50     1098    71254       107139765       107211019        33515807          0       1000          0          0
   0       50     1091    71163       107211023       107282186        33587065          0       1000          0          0
   0       50     1095    71168       107282191       107353360        33658233          0       1000          0          0
   0       50     1091    71163       107353365       107424528        33729407          0       1000          0          0
   0       50     1087    71890       107424533       107496424        33800576          0       1000          0          0
   0       50     1098    71364       107496428       107567792        33872470          0       1000          0          0
   0       50     1098    71347       107567796       107639143        33943838          0       1000          0          0
   0       50     1093    71336       107639147       107710483        34015189          0       1000          0          0
   0       50     1092    71341       107710487       107781828        34086530          0       1000          0          0
   0       50     1091    71355       107781832       107853187        34157875          0       1000          0          0
   0       50     1093    71293       107853191       107924484        34229234          0       1000          0          0
   0       50     1091    71251       107924488       107995739        34300530          0       1000          0          0
   0       50     1097    71361       107995743       108067104        34371786          0       1000          0          0
   0       50     1089    71170       108067108       108138278        34443151          0       1000          0          0
   0       50     1091    71176       108138282       108209458        34514324          0       1000          0          0
   0       50     1107    71176       108209462       108280638        34585504          0       1000          0          0
   0       50     1092    71166       108280642       108351807        34656684          0       1000          0          0
   0       50     1099    71176       108351811       108422987        34727854          0       1000          0          0
   0       50     1096    71184       108422991       108494176        34799033          0       1000          0          0
   0       50     1091    71178       108494180       108565358        34870222          0       1000          0          0
   0       50     1091    71190       108565362       108636552        34941404          0       1000          0          0
   0       50     1091    71264       108636556       108707820        35012598          0       1000          0          0
   0       50     1097    71283       108707824       108779107        35083866          0       1000          0          0
   0       50     1091    71363       108779111       108850474        35155153          0       1000          0          0
   0       50     1091    71194       108850478       108921671        35226520          0       1000          0          0
   0       50     1091    71313       108921675       108992988        35297718          0       1000          0          0
   0       50     1091    71257       108992999       109064256        35369041          0       1000          0          0
   0       50     1097    71282       109064260       109135542        35440302          0       1000          0          0
   0       50     1097    71261       109135546       109206807        35511588          0       1000          0          0
   0       50     1091    71269       109206811       109278079        35582853          0       1000          0          0
   0       50     1086    71251       109278083       109349334        35654126          0       1000          0          0
   0       50     1086    71204       109349338       109420542        35725381          0       1000          0          0
   0       50     1086    71262       109420546       109491808        35796589          0       1000          0          0
   0       50     1091    71269       109491812       109563081        35867854          0       1000          0          0
   0       50     1102    71225       109563085       109634310        35939127          0       1000          0          0
   0       50     1086    71441       109634314       109705755        36010357          0       1000          0          0
   0       50     1086    71182       109705759       109776941        36081802          0       1000          0          0
   0       50     1097    71220       109776946       109848166        36152988          0       1000          0          0
   0       50     1093    71338       109848170       109919509        36224212          0       1000          0          0
   0       50     1092    71258       109919513       109990770        36295555          0       1000          0          0
   0       50     1091    71272       109990775       110062047        36366817          0       1000          0          0
   0       50     1087    71227       110062051       110133278        36438093          0       1000          0          0
   0       50     1091    71265       110133282       110204547        36509324          0       1000          0          0
   0       50     1092    71262       110204551       110275813        36580593          0       1000          0          0
   0       50     1096    71266       110275817       110347083        36651859          0       1000          0          0
   0       50     1091    71357       110347087       110418445        36723129          0       1000          0          0
   0       50     1092    71247       110418449       110489696        36794491          0       1000          0          0
   0       50     1091    71261       110489700       110560960        36865742          0       1000          0          0
   0       50     1097    71304       110560965       110632269        36937007          0       1000          0          0
   0       50     1098    71296       110632273       110703569        37008315          0       1000          0          0
   0       50     1104    71257       110703573       110774829        37079615          0       1000          0          0
   0       50     1091    71268       110774834       110846101        37150876          0       1000          0          0
   0       50     1091    71327       110846106       110917432        37222148          0       1000          0          0
   0       50     1091    71246       110917436       110988682        37293479          0       1000          0          0
   0       50     1091    71356       110988686       111060042        37364729          0       1000          0          0
   0       50     1098    71301       111060046       111131347        37436088          0       1000          0          0
   0       50     1091    71259       111131351       111202609        37507393          0       1000          0          0
   0       50     1092    71261       111202614       111273875        37578656          0       1000          0          0
   0       50     1091    71632       111273879       111345511        37649921          0       1000          0          0
   0       50     1092    71158       111345522       111416680        37721564          0       1000          0          0
   0       50     1106    71173       111416684       111487857        37792726          0       1000          0          0
   0       50     1102    71218       111487861       111559079        37863903          0       1000          0          0
   0       50     1092    71222       111559083       111630306        37935125          0       1000          0          0
   0       50     1092    71243       111630310       111701553        38006352          0       1000          0          0
   0       50     1091    71328       111701557       111772885        38077599          0       1000          0          0
   0       50     1092    71276       111772889       111844164        38148931          0       1000          0          0
   0       50     1100    71259       111844168       111915427        38220211          0       1000          0          0
   0       50     1103    71261       111915431       111986692        38291473          0       1000          0          0
   0       50     1091    71905       111986696       112058601        38362738          0       1000          0          0
   0       50     1091    71212       112058605       112129817        38434647          0       1000          0          0
   0       50     1092    71277       112129821       112201098        38505863          0       1000          0          0
   0       50     1092    71255       112201103       112272357        38577145          0       1000          0          0
   0       50     1098    71256       112272362       112343618        38648404          0       1000          0          0
   0       50     1103    71252       112343622       112414874        38719664          0       1000          0          0
   0       50     1096    71334       112414878       112486213        38790921          0       1000          0          0
   0       50     1091    71225       112486217       112557442        38862259          0       1000          0          0
   0       50     1091    71225       112557446       112628671        38933488          0       1000          0          0
   0       50     1096    71248       112628675       112699923        39004718          0       1000          0          0
   0       50     1112    71267       112699927       112771195        39075969          0       1000          0          0
   0       50     1091    71358       112771199       112842557        39147241          0       1000          0          0
   0       50     1091    71291       112842561       112913852        39218603          0       1000          0          0
   0       50     1091    71345       112913856       112985201        39289898          0       1000          0          0
   0       50     1091    71350       112985205       113056555        39361247          0       1000          0          0
   0       50     1093    71263       113056559       113127822        39432601          0       1000          0          0
   0       50     1100    71351       113127826       113199178        39503869          0       1000          0          0
   0       50     1091    71333       113199182       113270515        39575224          0       1000          0          0
   0       50     1091    71432       113270519       113341951        39646562          0       1000          0          0
   0       50     1103    71197       113341955       113413152        39717997          0       1000          0          0
   0       50     1092    71246       113413156       113484403        39789198          0       1000          0          0
   0       50     1097    71279       113484407       113555686        39860449          0       1000          0          0
   0       50     1098    71185       113555690       113626875        39931732          0       1000          0          0
   0       50     1091    71323       113626879       113698202        40002921          0       1000          0          0
   0       50     1092    71212       113698218       113769429        40074260          0       1000          0          0
   0       50     1091    71409       113769434       113840842        40145476          0       1000          0          0
   0       50     1091    71228       113840846       113912075        40216888          0       1000          0          0
   0       50     1098    71266       113912079       113983345        40288121          0       1000          0          0
   0       50     1091    71281       113983349       114054630        40359391          0       1000          0          0
   0       50     1091    71163       114054634       114125797        40430676          0       1000          0          0
   0       50     1091    71281       114125801       114197082        40501843          0       1000          0          0
   0       50     1087    71265       114197086       114268351        40573129          0       1000          0          0
   0       50     1097    71468       114268355       114339823        40644397          0       1000          0          0
   0       50     1098    71201       114339827       114411028        40715870          0       1000          0          0
   0       50     1091    71253       114411032       114482285        40787074          0       1000          0          0
   0       50     1091    71247       114482289       114553536        40858331          0       1000          0          0
   0       50     1091    71362       114553540       114624901        40929582          0       1000          0          0
   0       50     1091    71257       114624906       114696162        41000948          0       1000          0          0
   0       50     1098    71281       114696167       114767448        41072209          0       1000          0          0
   0       50     1091    71473       114767452       114838925        41143494          0       1000          0          0
   0       50     1096    71658       114838929       114910587        41214972          0       1000          0          0
   0       50     1091    71258       114910591       114981850        41286633          0       1000          0          0
   0       50     1091    71285       114981854       115053138        41357896          0       1000          0          0
   0       50     1091    71296       115053142       115124439        41429185          0       1000          0          0
   0       50     1098    71246       115124443       115195688        41500485          0       1000          0          0
   0       50     1103    71266       115195693       115266958        41571735          0       1000          0          0
   0       50     1103    71442       115266962       115338404        41643005          0       1000          0          0
   0       50     1204    71277       115338409       115409685        41714451          0       1000          0          0
   0       50     1092    71165       115409690       115480855        41785733          0       1000          0          0
   0       50     1092    71212       115480860       115552072        41856903          0       1000          0          0
   0       50     1094    71272       115552076       115623348        41928118          0       1000          0          0
   0       50     1094    71293       115623352       115694645        41999394          0       1000          0          0
   0       50     1091    71270       115694649       115765919        42070691          0       1000          0          0
   0       50     1106    71357       115765924       115837280        42141966          0       1000          0          0
   0       50     1159    71229       115837285       115908514        42213327          0       1000          0          0
   0       50     1100    71165       115908518       115979683        42284561          0       1000          0          0
   0       50     1092    71333       115979687       116051020        42355730          0       1000          0          0
   0       50     1097    71203       116051033       116122236        42427075          0       1000          0          0
   0       50     1091    71276       116122240       116193516        42498283          0       1000          0          0
   0       50     1091    71809       116193520       116265329        42569562          0       1000          0          0
   0       50     1092    71225       116265334       116336558        42641376          0       1000          0          0
   0       50     1205    71283       116336571       116407853        42712613          0       1000          0          0
   0       50     1100    71171       116407859       116479030        42783901          0       1000          0          0
   0       50     1088    71742       116479036       116550777        42855078          0       1000          0          0
   0       50     1091    71263       116550781       116622044        42926824          0       1000          0          0
   0       50     1089    71243       116622048       116693291        42998091          0       1000          0          0
   0       50     1093    71256       116693295       116764552        43069338          0       1000          0          0
   0       50     1101    71217       116764556       116835773        43140598          0       1000          0          0
   0       50     1192    71285       116835777       116907062        43211819          0       1000          0          0
   0       50     1088    71270       116907066       116978336        43283109          0       1000          0          0
   0       50     1093    71266       116978340       117049606        43354382          0       1000          0          0
   0       50     1093    71282       117049611       117120893        43425653          0       1000          0          0
   0       50     1094    71258       117120897       117192155        43496939          0       1000          0          0
   0       50     1098    71264       117192159       117263423        43568201          0       1000          0          0
   0       50     1094    71190       117263427       117334617        43639469          0       1000          0          0
   0       50     1122    71284       117334621       117405904        43710663          0       1000          0          0
   0       50     1088    71268       117405908       117477176        43781951          0       1000          0          0
   0       50     1086    71230       117477181       117548410        43853223          0       1000          0          0
   0       50     1097    71258       117548415       117619673        43924457          0       1000          0          0
   0       50     1101    71261       117619677       117690938        43995719          0       1000          0          0
   0       50     1101    71297       117690942       117762239        44066984          0       1000          0          0
   0       50     1086    71175       117762243       117833418        44138286          0       1000          0          0
   0       50     1086    71325       117833422       117904747        44209464          0       1000          0          0
   0       50     1086    71261       117904752       117976013        44280794          0       1000          0          0
   0       50     1092    71314       117976017       118047331        44352059          0       1000          0          0
   0       50     1089    71341       118047335       118118675        44423377          0       1000          0          0
   0       50     1089    71359       118118679       118190038        44494721          0       1000          0          0
   0       50     1086    71238       118190042       118261281        44566084          0       1000          0          0
   0       50     1086    71372       118261285       118332656        44637327          0       1000          0          0
   0       50     1086    71335       118332661       118403996        44708703          0       1000          0          0
   0       50     1092    71206       118404024       118475230        44780066          0       1000          0          0
   0       50     1086    71317       118475234       118546551        44851276          0       1000          0          0
   0       50     1086    71272       118546555       118617827        44922597          0       1000          0          0
   0       50     1094    71298       118617831       118689129        44993873          0       1000          0          0
   0       50     1087    71248       118689133       118760381        45065176          0       1000          0          0
   0       50     1097    71350       118760385       118831735        45136427          0       1000          0          0
   0       50     1099    71259       118831739       118902998        45207781          0       1000          0          0
   0       50     1086    71273       118903007       118974281        45279049          0       1000          0          0
   0       50     1086    71252       118974285       119045536        45350327          0       1000          0          0
   0       50     1086    71238       119045542       119116780        45421584          0       1000          0          0
   0       50     1090    71270       119116785       119188055        45492827          0       1000          0          0
   0       50     1093    71271       119188059       119259330        45564101          0       1000          0          0
   0       50     1086    71302       119259334       119330636        45635376          0       1000          0          0
   0       50     1086    71255       119330641       119401896        45706683          0       1000          0          0
   0       50     1086    71276       119401900       119473177        45777942          0       1000          0          0
   0       50     1087    71200       119473181       119544381        45849223          0       1000          0          0
   0       50     1094    71323       119544385       119615709        45920428          0       1000          0          0
   0       50     1091    71369       119615713       119687082        45991755          0       1000          0          0
   0       50     1086    71262       119687086       119758347        46063128          0       1000          0          0
   0       50     1086    71285       119758352       119829636        46134394          0       1000          0          0
   0       50     1086    71248       119829641       119900889        46205683          0       1000          0          0
   0       50     1086    71258       119900893       119972151        46276935          0       1000          0          0
   0       50     1092    71222       119972155       120043377        46348197          0       1000          0          0
   0       50     1086    71331       120043381       120114712        46419423          0       1000          0          0
   0       50     1086    71278       120114716       120185994        46490758          0       1000          0          0
   0       50     1093    71253       120185999       120257251        46562041          0       1000          0          0
   0       50     1086    71264       120257255       120328519        46633298          0       1000          0          0
   0       50     1108    71255       120328524       120399778        46704566          0       1000          0          0
   0       50     1093    71348       120399783       120471131        46775825          0       1000          0          0
   0       50     1086    71308       120471136       120542444        46847178          0       1000          0          0
   0       50     1091    71299       120542448       120613748        46918490          0       1000          0          0
   0       50     1092    71370       120613752       120685122        46989794          0       1000          0          0
   0       50     1087    71323       120685126       120756449        47061168          0       1000          0          0
   0       50     1098    71261       120756465       120827726        47132507          0       1000          0          0
   0       50     1099    71354       120827730       120899084        47203772          0       1000          0          0
   0       50     1088    71276       120899088       120970364        47275130          0       1000          0          0
   0       50     1091    71297       120970368       121041665        47346410          0       1000          0          0
   0       50     1092    71239       121041669       121112908        47417711          0       1000          0          0
   0       50     1100    71277       121112912       121184189        47488955          0       1000          0          0
   0       50     1102    71912       121184193       121256105        47560236          0       1000          0          0
   0       50     1215    71395       121256109       121327504        47632151          0       1000          0          0
   0       50     1215    71390       121327509       121398898        47703551          0       1000          0          0
   0       50     1213    71467       121398903       121470370        47774945          0       1000          0          0
   0       50     1209    71307       121470375       121541682        47846417          0       1000          0          0
   0       50     1204    72407       121541686       121614093        47917728          0       1000          0          0
   0       50     1204    71289       121614098       121685387        47990140          0       1000          0          0
   0       50     1204    71300       121685392       121756692        48061434          0       1000          0          0
   0       50     1204    71290       121756697       121827987        48132739          0       1000          0          0
   0       50     1218    71300       121827992       121899292        48204034          0       1000          0          0
   0       50     1210    71280       121899297       121970577        48275339          0       1000          0          0
   0       50     1087    71158       121970582       122041740        48346624          0       1000          0          0
   0       50     1092    71163       122041745       122112908        48417787          0       1000          0          0
   0       50     1097    71165       122112913       122184077        48488955          0       1000          0          0
   0       50     1099    71168       122184082       122255250        48560125          0       1000          0          0
   0       50     1096    71165       122255256       122326421        48631298          0       1000          0          0
   0       50     1092    71162       122326426       122397588        48702468          0       1000          0          0
   0       50     1091    71162       122397593       122468756        48773635          0       1000          0          0
   0       50     1092    71163       122468761       122539923        48844803          0       1000          0          0
   0       50     1103    71172       122539928       122611100        48915971          0       1000          0          0
   0       50     1088    71157       122611105       122682262        48987148          0       1000          0          0
   0       50     1088    71157       122682267       122753424        49058309          0       1000          0          0
   0       50     1087    71158       122753429       122824587        49129472          0       1000          0          0
   0       50     1094    71167       122824592       122895760        49200634          0       1000          0          0
   0       50     1101    71208       122895765       122966972        49271807          0       1000          0          0
   0       50     1098    71294       122966976       123038271        49343019          0       1000          0          0
   0       50     1091    71301       123038275       123109576        49414317          0       1000          0          0
   0       50     1092    71194       123109593       123180787        49485635          0       1000          0          0
   0       50     1092    71233       123180791       123252024        49556834          0       1000          0          0
   0       50     1095    71259       123252028       123323287        49628070          0       1000          0          0
   0       50     1091    71273       123323291       123394564        49699333          0       1000          0          0
   0       50     1091    71278       123394568       123465846        49770610          0       1000          0          0
   0       50     1092    71170       123465850       123537019        49841892          0       1000          0          0
   0       50     1091    71169       123537023       123608193        49913066          0       1000          0          0
