2000000(high) halt polling
queue: mean 6.787 ms | p95 45.019 ms | p99 98.153 ms | max 271.446 ms
svc: mean 0.759 ms | p95 0.793 ms | p99 4.691 ms | max 8.445 ms
end2end: mean 7.546 ms | p95 46.016 ms | p99 98.840 ms | max 272.180 ms
0(no) halt polling
queue: mean 0.103 ms | p95 0.253 ms | p99 0.362 ms | max 1.231 ms
svc: mean 0.701 ms | p95 0.787 ms | p99 0.815 ms | max 0.945 ms
end2end: mean 0.805 ms | p95 0.964 ms | p99 1.106 ms | max 1.929 ms
200000(standard) halt polling
queue: mean 7.614 ms | p95 50.997 ms | p99 102.336 ms | max 230.269 ms
svc: mean 0.775 ms | p95 0.801 ms | p99 4.739 ms | max 8.735 ms
end2end: mean 8.389 ms | p95 51.834 ms | p99 102.948 ms | max 230.982 ms
Clumped(0-7)
queue: mean 0.106 ms | p95 0.273 ms | p99 0.454 ms | max 1.286 ms
svc: mean 0.744 ms | p95 0.808 ms | p99 0.832 ms | max 1.823 ms
end2end: mean 0.850 ms | p95 1.022 ms | p99 1.219 ms | max 2.069 ms
W/ Idle Workload(naive)
queue: mean 9.740 ms | p95 35.609 ms | p99 68.761 ms | max 257.993 ms
svc: mean 1.076 ms | p95 4.621 ms | p99 4.890 ms | max 12.598 ms
end2end: mean 10.816 ms | p95 36.978 ms | p99 69.497 ms | max 258.744 ms
W/ Idle Workload(smart)
queue: mean 1.680 ms | p95 6.351 ms | p99 11.435 ms | max 35.330 ms
svc: mean 0.915 ms | p95 0.809 ms | p99 4.791 ms | max 16.990 ms
end2end: mean 2.595 ms | p95 7.260 ms | p99 12.211 ms | max 36.029 ms
