#idx     perf      run   period           start             end          rel_st      slack c_duration   c_period     wu_lat
   0       27      692   400911      1285838376      1286239287            2839          0        500          0          0
   0       27     2337   402880      1286239316      1286642196          403780          0        500          0          0
   0       27      549   400875      1286642201      1287043076          806665          0        500          0          0
   0       27      570   401109      1287043081      1287444190         1207545          0        500          0          0
   0       27      567   400922      1287444195      1287845117         1608659          0        500          0          0
   0       27      555   402740      1287845121      1288247862         2009585          0        500          0          0
   0       27      571   401181      1288247866      1288649047         2412330          0        500          0          0
   0       27      663   400771      1288649053      1289049824         2813517          0        500          0          0
   0       27      554   401021      1289049829      1289450850         3214292          0        500          0          0
   0       27      554   401718      1289450855      1289852573         3615318          0        500          0          0
   0       27      554   401172      1289852577      1290253749         4017041          0        500          0          0
   0       27      555   400699      1290253754      1290654452         4418217          0        500          0          0
   0       27      555   400713      1290654457      1291055170         4818921          0        500          0          0
   0       27      554   400737      1291055175      1291455911         5219638          0        500          0          0
   0       27      576   401100      1291455916      1291857016         5620379          0        500          0          0
   0       27      554   401606      1291857020      1292258626         6021484          0        500          0          0
   0       27      555   401155      1292258630      1292659785         6423094          0        500          0          0
   0       27      582   401014      1292659789      1293060803         6824253          0        500          0          0
   0       27      580   400867      1293060808      1293461675         7225272          0        500          0          0
   0       27      555   400989      1293461679      1293862668         7626143          0        500          0          0
   0       27      561   401637      1293862672      1294264309         8027136          0        500          0          0
   0       27      563   401083      1294264313      1294665397         8428777          0        500          0          0
   0       27      555   400922      1294665401      1295066324         8829865          0        500          0          0
   0       27      554   400731      1295066328      1295467059         9230791          0        500          0          0
   0       27      554   401484      1295467063      1295868547         9631527          0        500          0          0
   0       27      560   400856      1295868551      1296269408        10033015          0        500          0          0
   0       27      555   400874      1296269412      1296670286        10433876          0        500          0          0
   0       27      555   401333      1296670291      1297071623        10834755          0        500          0          0
   0       27      570   400852      1297071628      1297472481        11236092          0        500          0          0
   0       27      580   401053      1297472486      1297873539        11636950          0        500          0          0
   0       27      583   400963      1297873543      1298274506        12038007          0        500          0          0
   0       27      560   400942      1298274511      1298675452        12438975          0        500          0          0
   0       27      560   400974      1298675457      1299076431        12839921          0        500          0          0
   0       27      564   400824      1299076448      1299477272        13240912          0        500          0          0
   0       27      555   401000      1299477277      1299878277        13641741          0        500          0          0
   0       27      571   400918      1299878282      1300279200        14042746          0        500          0          0
   0       27      590   400926      1300279204      1300680131        14443668          0        500          0          0
   0       27      599   400677      1300680135      1301080812        14844599          0        500          0          0
   0       27      584   400788      1301080817      1301481605        15245281          0        500          0          0
   0       27      667   400874      1301481634      1301882508        15646098          0        500          0          0
   0       27      832   401044      1301882537      1302283580        16047001          0        500          0          0
   0       27     1366   401536      1302283610      1302685146        16448073          0        500          0          0
   0       27      559   400744      1302685159      1303085902        16849622          0        500          0          0
   0       27      587   400748      1303085915      1303486663        17250379          0        500          0          0
   0       27      574   400773      1303486676      1303887448        17651140          0        500          0          0
   0       27      583   400789      1303887477      1304288266        18051940          0        500          0          0
   0       27      573   400774      1304288279      1304689053        18452743          0        500          0          0
   0       27      665   400874      1304689082      1305089955        18853545          0        500          0          0
   0       27      677   400885      1305089984      1305490869        19254448          0        500          0          0
   0       27      817   401031      1305490898      1305891928        19655362          0        500          0          0
   0       27     1408   401618      1305891957      1306293576        20056421          0        500          0          0
   0       27      745   400975      1306293605      1306694580        20458069          0        500          0          0
   0       27      929   401152      1306694609      1307095761        20859073          0        500          0          0
   0       27     3065   403565      1307095789      1307499355        21260253          0        500          0          0
   0       27      549   401474      1307499359      1307900832        21663823          0        500          0          0
   0       27      554   401146      1307900836      1308301982        22065300          0        500          0          0
   0       27      566   401721      1308301987      1308703708        22466450          0        500          0          0
   0       27      554   400937      1308703712      1309104649        22868176          0        500          0          0
   0       27      554   401035      1309104653      1309505688        23269117          0        500          0          0
   0       27      555   401146      1309505692      1309906838        23670156          0        500          0          0
   0       27      593   400816      1309906843      1310307659        24071307          0        500          0          0
   0       27      581   400901      1310307664      1310708565        24472128          0        500          0          0
   0       27      554   401105      1310708570      1311109675        24873034          0        500          0          0
   0       27      554   400793      1311109680      1311510473        25274144          0        500          0          0
   0       27      581   400949      1311510478      1311911426        25674941          0        500          0          0
   0       27      549   400860      1311911431      1312312291        26075894          0        500          0          0
   0       27      565   400802      1312312306      1312713108        26476769          0        500          0          0
   0       27      549   401152      1312713112      1313114264        26877576          0        500          0          0
   0       27      549   400713      1313114268      1313514982        27278732          0        500          0          0
   0       27      554   401217      1313514986      1313916203        27679450          0        500          0          0
   0       27      599   400975      1313916208      1314317182        28080671          0        500          0          0
   0       27      549   400780      1314317186      1314717966        28481650          0        500          0          0
   0       27      554   400892      1314717970      1315118862        28882434          0        500          0          0
   0       27      554   400924      1315118866      1315519790        29283330          0        500          0          0
   0       27      554   400739      1315519794      1315920533        29684258          0        500          0          0
   0       27      555   400802      1315920537      1316321340        30085001          0        500          0          0
   0       27      554   400696      1316321344      1316722040        30485807          0        500          0          0
   0       27      554   400913      1316722044      1317122957        30886508          0        500          0          0
   0       27      559   400962      1317122961      1317523923        31287425          0        500          0          0
   0       27      573   400990      1317523927      1317924917        31688391          0        500          0          0
   0       27      578   400864      1317924922      1318325786        32089386          0        500          0          0
   0       27      560   401046      1318325790      1318726837        32490254          0        500          0          0
   0       27      560   400965      1318726841      1319127806        32891304          0        500          0          0
   0       27      585   401643      1319127810      1319529453        33292274          0        500          0          0
   0       27      555   401078      1319529457      1319930534        33693921          0        500          0          0
   0       27      560   400934      1319930539      1320331472        34095002          0        500          0          0
   0       27      560   401030      1320331476      1320732507        34495940          0        500          0          0
   0       27      559   400934      1320732511      1321133445        34896975          0        500          0          0
   0       27      574   400848      1321133451      1321534299        35297914          0        500          0          0
   0       27      554   401017      1321534303      1321935320        35698767          0        500          0          0
   0       27      554   401337      1321935324      1322336661        36099788          0        500          0          0
   0       27      555   400889      1322336665      1322737554        36501129          0        500          0          0
   0       27      564   400983      1322737558      1323138541        36902022          0        500          0          0
   0       27      561   400934      1323138546      1323539480        37303010          0        500          0          0
   0       27      578   400912      1323539484      1323940396        37703948          0        500          0          0
   0       27      555   401684      1323940401      1324342084        38104865          0        500          0          0
   0       27      555   401300      1324342089      1324743388        38506552          0        500          0          0
   0       27      573   401605      1324743393      1325144998        38907857          0        500          0          0
   0       27      555   400624      1325145009      1325545634        39309473          0        500          0          0
   0       27      588   401001      1325545648      1325946650        39710112          0        500          0          0
   0       27      563   401600      1325946655      1326348255        40111118          0        500          0          0
   0       27      581   401038      1326348260      1326749298        40512724          0        500          0          0
   0       27      556   401098      1326749303      1327150401        40913767          0        500          0          0
   0       27      555   400856      1327150407      1327551263        41314870          0        500          0          0
   0       27      556   401046      1327551267      1327952313        41715731          0        500          0          0
   0       27      569   400830      1327952318      1328353149        42116782          0        500          0          0
   0       27      555   400925      1328353154      1328754079        42517618          0        500          0          0
   0       27      555   401090      1328754083      1329155174        42918547          0        500          0          0
   0       27      577   400868      1329155179      1329556047        43319642          0        500          0          0
   0       27      569   400752      1329556051      1329956803        43720515          0        500          0          0
   0       27      572   401149      1329956808      1330357957        44121272          0        500          0          0
   0       27      559   400939      1330357962      1330758901        44522426          0        500          0          0
   0       27      604   400691      1330758906      1331159597        44923370          0        500          0          0
   0       27     1048   401256      1331159612      1331560868        45324076          0        500          0          0
   0       27      701   400911      1331560897      1331961808        45725361          0        500          0          0
   0       27      872   401091      1331961837      1332362928        46126301          0        500          0          0
   0       27     1242   401478      1332362958      1332764435        46527421          0        500          0          0
   0       27      700   400916      1332764464      1333165380        46928928          0        500          0          0
   0       27      665   400908      1333165409      1333566317        47329873          0        500          0          0
   0       27     1045   401258      1333566346      1333967605        47730810          0        500          0          0
   0       27      755   400954      1333967634      1334368588        48132098          0        500          0          0
   0       27      568   400773      1334368600      1334769373        48533064          0        500          0          0
   0       27      799   401007      1334769402      1335170409        48933866          0        500          0          0
   0       27      728   400936      1335170439      1335571376        49334903          0        500          0          0
non-naive test
