#idx     perf      run   period           start             end          rel_st      slack c_duration   c_period     wu_lat
   0       47     1234    71492       136945354       137016847            6460          0       1000          0          0
   0       47     1038    71360       137016855       137088215           77961          0       1000          0          0
   0       47     1119    71443       137088223       137159666          149328          0       1000          0          0
   0       47     1044    71370       137159673       137231042          220778          0       1000          0          0
   0       47     1609    72079       137231049       137303128          292155          0       1000          0          0
   0       47     1038    71137       137303153       137374290          364259          0       1000          0          0
   0       47     1037  1665847       137374297       139040144          435403          0       1000          0          0
   0       47     1179    71273       139040155       139111429         2101261          0       1000          0          0
   0       47     1138    71203       139111437       139182639         2172542          0       1000          0          0
   0       47     1031    71249       139182645       139253894         2243751          0       1000          0          0
   0       47     1050    71331       139253905       139325236         2315010          0       1000          0          0
   0       47     1009    71289       139325246       139396535         2386351          0       1000          0          0
   0       47     1046    71328       139396545       139467873         2457651          0       1000          0          0
   0       47     1043    71328       139467883       139539212         2528989          0       1000          0          0
   0       47     1033    71322       139539222       139610543         2600327          0       1000          0          0
   0       47     1035    71319       139610553       139681872         2671659          0       1000          0          0
   0       47     1026    71251       139681882       139753132         2742987          0       1000          0          0
   0       47     1045    71328       139753142       139824470         2814248          0       1000          0          0
   0       47     1058    71339       139824480       139895819         2885586          0       1000          0          0
   0       47     1051    71332       139895829       139967161         2956935          0       1000          0          0
   0       47     1032    71321       139967171       140038492         3028277          0       1000          0          0
   0       47     1022    71247       140038502       140109749         3099607          0       1000          0          0
   0       47     1011    71296       140109759       140181055         3170865          0       1000          0          0
   0       47     1032    71319       140181065       140252384         3242171          0       1000          0          0
   0       47     1045    71330       140252393       140323724         3313499          0       1000          0          0
   0       47     1044    71330       140323734       140395064         3384839          0       1000          0          0
   0       47     1038    71323       140395074       140466397         3456179          0       1000          0          0
   0       47     1040    71331       140466407       140537738         3527512          0       1000          0          0
   0       47     1039    71269       140537748       140609017         3598853          0       1000          0          0
   0       47     1037    71331       140609026       140680357         3670132          0       1000          0          0
   0       47     1030    71317       140680367       140751684         3741473          0       1000          0          0
   0       47     1022    71315       140751694       140823010         3812800          0       1000          0          0
   0       47     1041    71339       140823020       140894359         3884125          0       1000          0          0
   0       47     1015    71312       140894399       140965710         3955504          0       1000          0          0
   0       47     1011    71311       140965720       141037032         4026826          0       1000          0          0
   0       47     1006    71317       141037042       141108359         4098147          0       1000          0          0
   0       47      994    71285       141108369       141179653         4169474          0       1000          0          0
   0       47      983    71271       141179663       141250934         4240769          0       1000          0          0
   0       47      983    71271       141250944       141322214         4312049          0       1000          0          0
   0       47      982    71274       141322224       141393498         4383329          0       1000          0          0
   0       47     1027    71318       141393508       141464826         4454613          0       1000          0          0
   0       47      983    71277       141464835       141536112         4525941          0       1000          0          0
   0       47      993    71286       141536122       141607408         4597227          0       1000          0          0
   0       47      981    71273       141607418       141678691         4668523          0       1000          0          0
   0       47      982    71210       141678700       141749910         4739806          0       1000          0          0
   0       47      981    71284       141749920       141821204         4811025          0       1000          0          0
   0       47      997    71287       141821215       141892502         4882320          0       1000          0          0
   0       47      993    71283       141892512       141963795         4953617          0       1000          0          0
   0       47      992    71155       141963804       142034959         5024910          0       1000          0          0
   0       47     1007    71296       142034969       142106265         5096075          0       1000          0          0
   0       47      982    71281       142106275       142177556         5167381          0       1000          0          0
   0       47     1008    71310       142177568       142248878         5238673          0       1000          0          0
   0       47     1008    71298       142248888       142320186         5309994          0       1000          0          0
   0       47      993    71286       142320196       142391482         5381302          0       1000          0          0
   0       47      982    71272       142391492       142462764         5452598          0       1000          0          0
   0       47      983    71060       142462774       142533834         5523879          0       1000          0          0
   0       47      981    71213       142533843       142605057         5594949          0       1000          0          0
   0       47      982    71271       142605067       142676338         5666172          0       1000          0          0
   0       47      993    71283       142676348       142747631         5737453          0       1000          0          0
   0       47      980    71271       142747641       142818911         5808746          0       1000          0          0
   0       47      981    71273       142818921       142890195         5880027          0       1000          0          0
   0       47      982    71273       142890205       142961478         5951310          0       1000          0          0
   0       47      979    71277       142961488       143032765         6022593          0       1000          0          0
   0       47      998    71295       143032775       143104070         6093880          0       1000          0          0
   0       47      992    71288       143104080       143175367         6165185          0       1000          0          0
   0       47      981    71278       143175377       143246655         6236483          0       1000          0          0
   0       47      980    71276       143246686       143317962         6307791          0       1000          0          0
   0       47      981    71275       143317972       143389247         6379077          0       1000          0          0
   0       47      978    71276       143389257       143460533         6450362          0       1000          0          0
   0       47      990    71290       143460542       143531832         6521648          0       1000          0          0
   0       47      991    71290       143531842       143603132         6592947          0       1000          0          0
   0       47      979    71278       143603141       143674420         6664247          0       1000          0          0
   0       47      982    71275       143674429       143745704         6735535          0       1000          0          0
   0       47      982    71275       143745713       143816989         6806819          0       1000          0          0
   0       47      969    71281       143816999       143888279         6878104          0       1000          0          0
   0       47      993    71294       143888289       143959583         6949394          0       1000          0          0
   0       47      982    71285       143959592       144030877         7020698          0       1000          0          0
   0       47      981    71279       144030887       144102165         7091992          0       1000          0          0
   0       47      978    71274       144102175       144173450         7163281          0       1000          0          0
   0       47      982    71288       144173459       144244748         7234565          0       1000          0          0
   0       47      982    71282       144244758       144316039         7305863          0       1000          0          0
   0       47      991    71295       144316049       144387344         7377155          0       1000          0          0
   0       47      981    71281       144387353       144458634         7448459          0       1000          0          0
   0       47      982    71288       144458644       144529932         7519750          0       1000          0          0
   0       47      982    71220       144529941       144601161         7591047          0       1000          0          0
   0       47      981    71282       144601171       144672453         7662276          0       1000          0          0
   0       47      993    71227       144672463       144743689         7733568          0       1000          0          0
   0       47      981    71256       144743699       144814955         7804804          0       1000          0          0
   0       47      980    71276       144814965       144886241         7876070          0       1000          0          0
   0       47      984    71278       144886250       144957528         7947356          0       1000          0          0
   0       47      983    71281       144957538       145028818         8018643          0       1000          0          0
   0       47      982    71217       145028828       145100045         8089934          0       1000          0          0
   0       47      999    71294       145100055       145171349         8161161          0       1000          0          0
   0       47      990    71285       145171359       145242644         8232465          0       1000          0          0
   0       47      981    71087       145242654       145313741         8303759          0       1000          0          0
   0       47      982    71087       145313751       145384838         8374856          0       1000          0          0
   0       47      983    71145       145384848       145455993         8445953          0       1000          0          0
   0       47      979    71142       145456017       145527159         8517122          0       1000          0          0
   0       47      981    71165       145527169       145598334         8588274          0       1000          0          0
   0       47     1562    71728       145598385       145670113         8659491          0       1000          0          0
   0       47      984    71087       145670123       145741210         8731229          0       1000          0          0
   0       47      982    71142       145741219       145812361         8802325          0       1000          0          0
   0       47      992    71158       145812371       145883528         8873476          0       1000          0          0
   0       47      981    71147       145883538       145954685         8944644          0       1000          0          0
   0       47      981    71084       145954695       146025779         9015801          0       1000          0          0
   0       47      980    71081       146025789       146096870         9086894          0       1000          0          0
   0       47      981    71141       146096880       146168021         9157986          0       1000          0          0
   0       47      990    71156       146168031       146239188         9229137          0       1000          0          0
   0       47      981    71141       146239197       146310338         9300303          0       1000          0          0
   0       47      981    71078       146310348       146381426         9371454          0       1000          0          0
   0       47      983    71135       146381435       146452571         9442541          0       1000          0          0
   0       47      996    71148       146452581       146523729         9513686          0       1000          0          0
   0       47      993    71086       146523739       146594825         9584844          0       1000          0          0
   0       47      981    71064       146594835       146665898         9655940          0       1000          0          0
   0       47      979    71073       146665904       146736977         9727010          0       1000          0          0
   0       47      981    71136       146736988       146808123         9798093          0       1000          0          0
   0       47      993    71143       146808133       146879276         9869239          0       1000          0          0
   0       47      980    71128       146879286       146950413         9940391          0       1000          0          0
   0       47      982    71061       146950423       147021484        10011529          0       1000          0          0
   0       47     1039    71122       147021490       147092611        10082595          0       1000          0          0
   0       47      989    71064       147092618       147163682        10153724          0       1000          0          0
   0       47      999    71073       147163688       147234761        10224793          0       1000          0          0
   0       47      978    71052       147234767       147305819        10295873          0       1000          0          0
   0       47     1016    71091       147305825       147376916        10366931          0       1000          0          0
   0       47      978    71052       147376922       147447974        10438027          0       1000          0          0
   0       47      986    71179       147447979       147519159        10509085          0       1000          0          0
   0       47      977    71195       147519163       147590358        10580269          0       1000          0          0
   0       47      977    71264       147590363       147661627        10651468          0       1000          0          0
   0       47      977    71261       147661631       147732893        10722737          0       1000          0          0
   0       47      977    71152       147732898       147804050        10794003          0       1000          0          0
   0       47      985    71310       147804059       147875369        10865164          0       1000          0          0
   0       47      978    71302       147875375       147946676        10936480          0       1000          0          0
   0       47      978    71309       147946701       148018010        11007806          0       1000          0          0
   0       47      969    71147       148018016       148089163        11079122          0       1000          0          0
   0       47     1016    71230       148089172       148160402        11150278          0       1000          0          0
   0       47      983    71277       148160408       148231685        11221514          0       1000          0          0
   0       47      978    71302       148231691       148302992        11292796          0       1000          0          0
   0       47     1001    71087       148302998       148374085        11364104          0       1000          0          0
   0       47      977    71193       148374091       148445285        11435197          0       1000          0          0
   0       47      978    71210       148445290       148516501        11506396          0       1000          0          0
   0       47      976    71056       148517555       148588610        11578660          0       1000          0          0
   0       47     1057    71131       148588617       148659748        11649722          0       1000          0          0
   0       47      986    71060       148659754       148730814        11720859          0       1000          0          0
   0       47      979    71053       148730820       148801872        11791925          0       1000          0          0
   0       47      979    71053       148801878       148872931        11862984          0       1000          0          0
   0       47      978    71052       148872937       148943989        11934042          0       1000          0          0
   0       47      986    71058       148943994       149015052        12005099          0       1000          0          0
   0       47      981    71069       149015057       149086127        12076163          0       1000          0          0
   0       47      978    71227       149086131       149157358        12147237          0       1000          0          0
   0       47      978    71214       149157363       149228577        12218468          0       1000          0          0
   0       47      990    71216       149228581       149299798        12289687          0       1000          0          0
   0       47      985    71216       149299802       149371018        12360908          0       1000          0          0
   0       47      969    71205       149371022       149442227        12432128          0       1000          0          0
   0       47      978    71253       149442232       149513485        12503337          0       1000          0          0
   0       47      976    71214       149513489       149584704        12574595          0       1000          0          0
   0       47      985    71213       149584708       149655921        12645814          0       1000          0          0
   0       47      986    71242       149655926       149727168        12717032          0       1000          0          0
   0       47      988    71331       149727177       149798508        12788283          0       1000          0          0
   0       47     1026    71365       149798518       149869883        12859623          0       1000          0          0
   0       47     1021    71270       149869893       149941162        12930998          0       1000          0          0
   0       47     1020    71059       149941172       150012231        13002278          0       1000          0          0
   0       47     1025    71364       150012240       150083605        13073346          0       1000          0          0
   0       47     1013    71310       150083614       150154925        13144720          0       1000          0          0
   0       47     1011    71201       150154934       150226136        13216040          0       1000          0          0
   0       47     1022    71361       150226145       150297506        13287251          0       1000          0          0
   0       47     1012    71353       150297539       150368892        13358644          0       1000          0          0
   0       47      982    71227       150368901       150440128        13430007          0       1000          0          0
   0       47      989    71331       150440138       150511468        13501243          0       1000          0          0
   0       47     1052    71395       150511478       150582872        13572583          0       1000          0          0
   0       47      978    71300       150582882       150654182        13643987          0       1000          0          0
   0       47      977    71213       150654191       150725405        13715297          0       1000          0          0
   0       47      979    71231       150725414       150796645        13786519          0       1000          0          0
   0       47     1060    71412       150796654       150868066        13857760          0       1000          0          0
   0       47      989    71233       150868075       150939309        13929181          0       1000          0          0
   0       47      980    71332       150939318       151010650        14000424          0       1000          0          0
   0       47     1029    71371       151010660       151082031        14071765          0       1000          0          0
   0       47      979    71263       151082040       151153303        14143146          0       1000          0          0
   0       47      979    71162       151153312       151224474        14214418          0       1000          0          0
   0       47      988    71330       151224483       151295814        14285589          0       1000          0          0
   0       47      988    71323       151295823       151367146        14356929          0       1000          0          0
   0       47      979    71211       151367155       151438367        14428261          0       1000          0          0
   0       47      980    71333       151438376       151509710        14499482          0       1000          0          0
   0       47      997    71342       151509719       151581061        14570825          0       1000          0          0
   0       47      977    71255       151581070       151652325        14642176          0       1000          0          0
   0       47      991    71164       151652335       151723499        14713440          0       1000          0          0
   0       47      979    71327       151723508       151794835        14784614          0       1000          0          0
   0       47      979    71303       151794845       151866147        14855950          0       1000          0          0
   0       47      982    71205       151866157       151937362        14927262          0       1000          0          0
   0       47      982    71335       151937371       152008706        14998477          0       1000          0          0
   0       47     1052    71413       152008715       152080129        15069821          0       1000          0          0
   0       47     1027    71307       152080139       152151445        15141244          0       1000          0          0
   0       47     1018    71196       152151455       152222651        15212561          0       1000          0          0
   0       47     1031    71545       152222661       152294206        15283766          0       1000          0          0
   0       47      974    71082       152294210       152365292        15355316          0       1000          0          0
   0       47      995    71322       152365297       152436619        15426402          0       1000          0          0
   0       47      981    71321       152436623       152507944        15497729          0       1000          0          0
   0       47      982    71107       152507948       152579055        15569053          0       1000          0          0
   0       47      978    71063       152579061       152650124        15640166          0       1000          0          0
   0       47      979    71045       152650140       152721185        15711245          0       1000          0          0
   0       47      998  3545567       152721190       156266757        15782295          0       1000          0          0
   0       47     1189    71431       156267733       156339164        19328838          0       1000          0          0
   0       47      986    71285       156339174       156410460        19400280          0       1000          0          0
   0       47      992    71367       156410470       156481837        19471575          0       1000          0          0
   0       47      992    71368       156481847       156553215        19542952          0       1000          0          0
   0       47      993    71375       156553225       156624600        19614331          0       1000          0          0
   0       47      997    71380       156624610       156695990        19685716          0       1000          0          0
   0       47      982    71361       156696013       156767374        19757119          0       1000          0          0
   0       47      989    71300       156767384       156838685        19828490          0       1000          0          0
   0       47      980    71365       156838695       156910060        19899800          0       1000          0          0
   0       47      982    71368       156910070       156981438        19971176          0       1000          0          0
   0       47      982    71184       156981450       157052634        20042555          0       1000          0          0
   0       47      997    71338       157052644       157123982        20113750          0       1000          0          0
   0       47     1001    71389       157123992       157195381        20185098          0       1000          0          0
   0       47      988    71376       157195392       157266768        20256498          0       1000          0          0
   0       47      982    71165       157266778       157337943        20327884          0       1000          0          0
   0       47      983    71372       157337953       157409325        20399058          0       1000          0          0
   0       47      972    71354       157409335       157480689        20470440          0       1000          0          0
   0       47      994    71378       157480699       157552077        20541805          0       1000          0          0
   0       47     1002    71386       157552087       157623473        20613193          0       1000          0          0
   0       47      957    71347       157623484       157694831        20684589          0       1000          0          0
   0       47      974    71205       157694841       157766046        20755946          0       1000          0          0
   0       47      978    71316       157766056       157837372        20827161          0       1000          0          0
   0       47     1122    71517       157837384       157908901        20898490          0       1000          0          0
   0       47      977    71287       157908911       157980199        20970017          0       1000          0          0
   0       47      965    71359       157980209       158051568        21041314          0       1000          0          0
   0       47      976    71295       158051578       158122873        21112684          0       1000          0          0
   0       47      986    71375       158122883       158194258        21183989          0       1000          0          0
   0       47      988    71378       158194268       158265646        21255374          0       1000          0          0
   0       47      983    71242       158265657       158336898        21326763          0       1000          0          0
   0       47      983    71375       158336908       158408283        21398014          0       1000          0          0
   0       47     1023    71423       158408293       158479716        21469399          0       1000          0          0
   0       47      990    71412       158479757       158551169        21540862          0       1000          0          0
   0       47      979    71381       158551179       158622560        21612285          0       1000          0          0
   0       47      980    71383       158622570       158693953        21683676          0       1000          0          0
   0       47      988    71384       158693963       158765347        21755069          0       1000          0          0
   0       47      979    71379       158765357       158836736        21826463          0       1000          0          0
   0       47     1036    71435       158836746       158908181        21897851          0       1000          0          0
   0       47      992    71387       158908191       158979577        21969296          0       1000          0          0
   0       47      987    71384       158979587       159050971        22040693          0       1000          0          0
   0       47      988    71262       159050981       159122244        22112087          0       1000          0          0
   0       47      985    71285       159122253       159193538        22183359          0       1000          0          0
   0       47      988    71386       159193548       159264934        22254653          0       1000          0          0
   0       47      980    71234       159264944       159336178        22326050          0       1000          0          0
   0       47      999    71398       159336188       159407586        22397294          0       1000          0          0
   0       47      980    71376       159407596       159478972        22468702          0       1000          0          0
   0       47      981    71382       159478982       159550364        22540088          0       1000          0          0
   0       47      987    71387       159550374       159621761        22611480          0       1000          0          0
   0       47      987    71388       159621770       159693158        22682876          0       1000          0          0
   0       47      987    71265       159693168       159764433        22754273          0       1000          0          0
   0       47      997    71395       159764443       159835837        22825548          0       1000          0          0
   0       47      997    71396       159835847       159907243        22896953          0       1000          0          0
   0       47      986    71384       159907253       159978636        22968358          0       1000          0          0
   0       47      988    71385       159978646       160050031        23039752          0       1000          0          0
   0       47      986    71169       160050041       160121210        23111147          0       1000          0          0
   0       47      985    71381       160121220       160192600        23182325          0       1000          0          0
   0       47      999    71403       160192610       160264013        23253716          0       1000          0          0
   0       47      998    71248       160264023       160335270        23325128          0       1000          0          0
   0       47      987    71391       160335280       160406671        23396386          0       1000          0          0
   0       47      988    71386       160406681       160478067        23467787          0       1000          0          0
   0       47      988    71383       160478077       160549460        23539183          0       1000          0          0
   0       47      987    71386       160549470       160620856        23610576          0       1000          0          0
   0       47      987    71382       160620866       160692248        23681972          0       1000          0          0
   0       47     1001    71398       160692258       160763656        23753364          0       1000          0          0
   0       47      987    71281       160763666       160834947        23824772          0       1000          0          0
   0       47      987    71384       160834983       160906367        23896088          0       1000          0          0
   0       47      986    71383       160906377       160977760        23967482          0       1000          0          0
   0       47      980    71277       160977770       161049048        24038876          0       1000          0          0
   0       47      985    71276       161049058       161120334        24110163          0       1000          0          0
   0       47      991    71388       161120344       161191731        24181449          0       1000          0          0
   0       47      987    71382       161191741       161263123        24252847          0       1000          0          0
   0       47      987    71232       161263133       161334365        24324239          0       1000          0          0
   0       47      987    71387       161334375       161405762        24395480          0       1000          0          0
   0       47      987    71384       161405772       161477157        24466878          0       1000          0          0
   0       47      988    71386       161477167       161548553        24538272          0       1000          0          0
   0       47      997    71394       161548563       161619957        24609668          0       1000          0          0
   0       47      996    71397       161619967       161691363        24681072          0       1000          0          0
   0       47      986    71316       161691373       161762689        24752479          0       1000          0          0
   0       47      987    71399       161762699       161834098        24823805          0       1000          0          0
   0       47      986    71384       161834108       161905492        24895213          0       1000          0          0
   0       47      986    71163       161905502       161976665        24966607          0       1000          0          0
   0       47      997    71395       161976675       162048070        25037780          0       1000          0          0
   0       47      997    71282       162048080       162119362        25109186          0       1000          0          0
   0       47      987    71270       162119372       162190642        25180478          0       1000          0          0
   0       47      981    71378       162190652       162262029        25251757          0       1000          0          0
   0       47      987    71224       162262039       162333264        25323145          0       1000          0          0
   0       47      980    71380       162333273       162404653        25394379          0       1000          0          0
   0       47      993    71391       162404663       162476054        25465769          0       1000          0          0
   0       47     1000    71390       162476064       162547454        25537169          0       1000          0          0
   0       47      980    71333       162547464       162618797        25608569          0       1000          0          0
   0       47      980    71378       162618807       162690185        25679912          0       1000          0          0
   0       47      981    71378       162690195       162761573        25751300          0       1000          0          0
   0       47      980    71381       162761583       162832964        25822688          0       1000          0          0
   0       47      986    71386       162832974       162904359        25894079          0       1000          0          0
   0       47      998    71394       162904369       162975763        25965475          0       1000          0          0
   0       47      988    71398       162975773       163047171        26036878          0       1000          0          0
   0       47      991    71268       163047181       163118449        26108286          0       1000          0          0
   0       47      980    71378       163118459       163189837        26179564          0       1000          0          0
   0       47      986    71383       163189870       163261253        26250976          0       1000          0          0
   0       47      979    71215       163261263       163332478        26322368          0       1000          0          0
   0       47      993    71389       163332487       163403877        26393593          0       1000          0          0
   0       47     1001    71403       163403886       163475289        26464992          0       1000          0          0
   0       47      986    71385       163475299       163546685        26536405          0       1000          0          0
   0       47      988    71385       163546695       163618079        26607800          0       1000          0          0
   0       47      986    71382       163618089       163689471        26679195          0       1000          0          0
   0       47      988    71365       163689481       163760846        26750587          0       1000          0          0
   0       47      986    71381       163760856       163832237        26821962          0       1000          0          0
   0       47      999    71397       163832247       163903645        26893353          0       1000          0          0
   0       47     1052    71450       163903655       163975105        26964760          0       1000          0          0
   0       47      986    71382       163975115       164046497        27036220          0       1000          0          0
   0       47      986    71255       164046507       164117762        27107612          0       1000          0          0
   0       47      987    71296       164117771       164189067        27178877          0       1000          0          0
   0       47      986    71324       164189077       164260401        27250183          0       1000          0          0
   0       47      997    71233       164260411       164331644        27321517          0       1000          0          0
   0       47      987    71382       164331654       164403036        27392759          0       1000          0          0
   0       47      987    71383       164403046       164474429        27464151          0       1000          0          0
   0       47      986    71382       164474439       164545821        27535544          0       1000          0          0
   0       47      987    71387       164545831       164617217        27606936          0       1000          0          0
   0       47      987    71383       164617228       164688611        27678333          0       1000          0          0
   0       47      999    71290       164688620       164759910        27749726          0       1000          0          0
   0       47      996    71276       164759920       164831196        27821026          0       1000          0          0
   0       47      979    71374       164831206       164902580        27892311          0       1000          0          0
   0       47      979    71377       164902590       164973967        27963695          0       1000          0          0
   0       47      987    71396       164973977       165045373        28035082          0       1000          0          0
   0       47      979    71173       165045383       165116556        28106489          0       1000          0          0
   0       47      989    71398       165116566       165187964        28177672          0       1000          0          0
   0       47      997    71389       165187974       165259363        28249080          0       1000          0          0
   0       47      986    71215       165259373       165330589        28320479          0       1000          0          0
   0       47      986    71382       165330599       165401981        28391704          0       1000          0          0
   0       47      987    71381       165401990       165473372        28463096          0       1000          0          0
   0       47      987    71392       165473382       165544774        28534487          0       1000          0          0
   0       47      987    71378       165544809       165616187        28605914          0       1000          0          0
   0       47      997    71394       165616197       165687590        28677302          0       1000          0          0
   0       47      986    71188       165687600       165758788        28748706          0       1000          0          0
   0       47      986    71382       165758798       165830179        28819903          0       1000          0          0
   0       47      978    71372       165830189       165901561        28891295          0       1000          0          0
   0       47      986    71378       165901570       165972948        28962676          0       1000          0          0
   0       47      986    71292       165972958       166044250        29034063          0       1000          0          0
   0       47      996    71244       166044260       166115504        29105366          0       1000          0          0
   0       47      986    71377       166115514       166186891        29176620          0       1000          0          0
   0       47      987    71083       166186901       166257984        29248007          0       1000          0          0
   0       47      985    71211       166257994       166329205        29319099          0       1000          0          0
   0       47      986    71388       166329215       166400602        29390320          0       1000          0          0
   0       47      991    71235       166400612       166471848        29461718          0       1000          0          0
   0       47      991    71401       166471858       166543259        29532963          0       1000          0          0
   0       47      986    71391       166543269       166614659        29604374          0       1000          0          0
   0       47      987    71307       166614669       166685975        29675774          0       1000          0          0
   0       47      985    71378       166685986       166757363        29747091          0       1000          0          0
   0       47      986    71355       166757373       166828728        29818479          0       1000          0          0
   0       47      979    71383       166828738       166900121        29889843          0       1000          0          0
   0       47      998    71398       166900131       166971529        29961236          0       1000          0          0
   0       47      986    71390       166971539       167042929        30032644          0       1000          0          0
   0       47      986    71238       167042938       167114176        30104044          0       1000          0          0
   0       47      978    71374       167114186       167185560        30175292          0       1000          0          0
   0       47      979    71373       167185570       167256944        30246676          0       1000          0          0
   0       47      986    71208       167256954       167328162        30318059          0       1000          0          0
   0       47      992    71391       167328172       167399563        30389277          0       1000          0          0
   0       47      986    71388       167399573       167470961        30460678          0       1000          0          0
   0       47      987    71390       167470970       167542360        30532076          0       1000          0          0
   0       47      980    71381       167542370       167613752        30603476          0       1000          0          0
   0       47      979    71405       167613762       167685167        30674867          0       1000          0          0
   0       47      980    71244       167685177       167756420        30746282          0       1000          0          0
   0       47      990    71203       167756430       167827634        30817536          0       1000          0          0
   0       47      995    71396       167827644       167899040        30888749          0       1000          0          0
   0       47      979    71379       167899073       167970453        30960179          0       1000          0          0
   0       47      979    71376       167970463       168041839        31031568          0       1000          0          0
   0       47      986    71081       168041849       168112930        31102954          0       1000          0          0
   0       47      984    71240       168112939       168184179        31174045          0       1000          0          0
   0       47     1000    71209       168184189       168255398        31245295          0       1000          0          0
   0       47      985    71199       168255408       168326608        31316514          0       1000          0          0
   0       47      987    71402       168326618       168398020        31387723          0       1000          0          0
   0       47      969    71367       168398030       168469396        31459135          0       1000          0          0
   0       47      988    71390       168469406       168540796        31530512          0       1000          0          0
   0       47      987    71315       168540806       168612120        31601911          0       1000          0          0
   0       47      999    71393       168612130       168683524        31673236          0       1000          0          0
   0       47      987    71383       168683534       168754917        31744640          0       1000          0          0
   0       47      987    71253       168754928       168826181        31816033          0       1000          0          0
   0       47      987    71397       168826191       168897588        31887296          0       1000          0          0
   0       47      986    71387       168897598       168968985        31958704          0       1000          0          0
   0       47      987    71389       168968995       169040384        32030100          0       1000          0          0
   0       47     1003    71252       169040394       169111646        32101499          0       1000          0          0
   0       47      996    71386       169111656       169183042        32172761          0       1000          0          0
   0       47      987    71380       169183053       169254433        32244158          0       1000          0          0
   0       47      979    71181       169254443       169325624        32315548          0       1000          0          0
   0       47      986    71382       169325634       169397016        32386739          0       1000          0          0
   0       47      969    71366       169397026       169468392        32458132          0       1000          0          0
   0       47      999    71391       169468402       169539793        32529507          0       1000          0          0
   0       47      998    71398       169539803       169611201        32600909          0       1000          0          0
   0       47      986    71378       169611211       169682589        32672317          0       1000          0          0
   0       47      987    71286       169682599       169753885        32743704          0       1000          0          0
   0       47      985    71385       169753895       169825280        32815000          0       1000          0          0
   0       47      986    71342       169825290       169896632        32886395          0       1000          0          0
   0       47      985    71061       169896642       169967703        32957747          0       1000          0          0
   0       47     1004    71403       169967713       170039116        33028818          0       1000          0          0
   0       47      978    71199       170039126       170110325        33100231          0       1000          0          0
   0       47      980    71205       170110335       170181540        33171440          0       1000          0          0
   0       47      978    71371       170181550       170252921        33242656          0       1000          0          0
   0       47      980    71180       170252954       170324134        33314059          0       1000          0          0
   0       47      991    71390       170324144       170395533        33385249          0       1000          0          0
   0       47      993    71386       170395543       170466929        33456649          0       1000          0          0
   0       47      987    71341       170466939       170538280        33528044          0       1000          0          0
   0       47      977    71369       170538289       170609658        33599395          0       1000          0          0
   0       47      978    71373       170609668       170681041        33670773          0       1000          0          0
   0       47      986    71195       170681050       170752246        33742156          0       1000          0          0
   0       47      991    71386       170752255       170823642        33813361          0       1000          0          0
   0       47     1009    71404       170823652       170895056        33884758          0       1000          0          0
   0       47      986    71378       170895066       170966444        33956172          0       1000          0          0
   0       47      987    71380       170966454       171037834        34027560          0       1000          0          0
   0       47      986    71196       171037844       171109039        34098949          0       1000          0          0
   0       47      985    71378       171109049       171180428        34170155          0       1000          0          0
   0       47     1001    71394       171180438       171251832        34241543          0       1000          0          0
   0       47     1000    71190       171251842       171323032        34312947          0       1000          0          0
   0       47      980    71194       171323041       171394236        34384147          0       1000          0          0
   0       47      985    71378       171394246       171465624        34455351          0       1000          0          0
   0       47      986    71381       171465633       171537015        34526739          0       1000          0          0
   0       47      969    71367       171537025       171608392        34598130          0       1000          0          0
   0       47      998    71393       171608402       171679795        34669507          0       1000          0          0
   0       47     1000    71349       171679805       171751154        34740911          0       1000          0          0
   0       47      987    71388       171751164       171822552        34812270          0       1000          0          0
   0       47      988    71160       171822562       171893722        34883667          0       1000          0          0
   0       47      985    71385       171893732       171965116        34954837          0       1000          0          0
   0       47      986    71386       171965126       172036513        35026232          0       1000          0          0
   0       47      985    71187       172036522       172107710        35097628          0       1000          0          0
   0       47     1007    71400       172107719       172179120        35168825          0       1000          0          0
   0       47      994    71389       172179129       172250518        35240235          0       1000          0          0
   0       47      985    71175       172250528       172321703        35311633          0       1000          0          0
   0       47      995    71393       172321712       172393105        35382818          0       1000          0          0
   0       47      987    71389       172393115       172464504        35454221          0       1000          0          0
   0       47      987    71386       172464514       172535900        35525619          0       1000          0          0
   0       47      998    71391       172535910       172607301        35597015          0       1000          0          0
   0       47      987    71377       172607334       172678711        35668439          0       1000          0          0
   0       47      986    71382       172678721       172750103        35739826          0       1000          0          0
   0       47      987    71239       172750113       172821352        35811218          0       1000          0          0
   0       47      986    71381       172821361       172892742        35882467          0       1000          0          0
   0       47      986    71324       172892752       172964077        35953858          0       1000          0          0
   0       47      999    71401       172964086       173035487        36025192          0       1000          0          0
   0       47      998    71164       173035497       173106661        36096603          0       1000          0          0
   0       47      985    71385       173106671       173178056        36167777          0       1000          0          0
   0       47      987    71381       173178066       173249447        36239171          0       1000          0          0
   0       47      987    71174       173249457       173320630        36310562          0       1000          0          0
   0       47      986    71379       173320640       173392019        36381746          0       1000          0          0
   0       47      999    71402       173392029       173463431        36453135          0       1000          0          0
   0       47      999    71401       173463441       173534841        36524546          0       1000          0          0
   0       47      987    71388       173534851       173606239        36595957          0       1000          0          0
   0       47      987    71388       173606249       173677637        36667355          0       1000          0          0
   0       47      987    71094       173677647       173748741        36738753          0       1000          0          0
   0       47      984    71385       173748750       173820135        36809856          0       1000          0          0
   0       47      997    71397       173820145       173891542        36881251          0       1000          0          0
   0       47      997    71250       173891552       173962803        36952658          0       1000          0          0
   0       47      987    71387       173962812       174034199        37023918          0       1000          0          0
   0       47      986    71171       174034209       174105380        37095315          0       1000          0          0
   0       47      986    71384       174105390       174176774        37166495          0       1000          0          0
   0       47      986    71254       174176784       174248038        37237889          0       1000          0          0
   0       47      998    71179       174248048       174319227        37309154          0       1000          0          0
   0       47      985    71385       174319237       174390622        37380343          0       1000          0          0
   0       47      987    71194       174390632       174461825        37451737          0       1000          0          0
   0       47      988    71388       174461835       174533224        37522941          0       1000          0          0
   0       47      987    71388       174533233       174604621        37594339          0       1000          0          0
   0       47      987    71388       174604631       174676020        37665737          0       1000          0          0
   0       47      998    71400       174676029       174747430        37737135          0       1000          0          0
   0       47     1000    71403       174747440       174818842        37808545          0       1000          0          0
   0       47      988    71394       174818852       174890247        37879958          0       1000          0          0
   0       47      987    71379       174890257       174961635        37951362          0       1000          0          0
   0       47      987    71389       174961669       175033058        38022775          0       1000          0          0
   0       47      987    71162       175033068       175104230        38094173          0       1000          0          0
   0       47      997    71398       175104240       175175638        38165345          0       1000          0          0
   0       47      999    71402       175175648       175247050        38236753          0       1000          0          0
   0       47      988    71163       175247060       175318223        38308166          0       1000          0          0
   0       47      987    71385       175318232       175389617        38379338          0       1000          0          0
   0       47      987    71419       175389627       175461047        38450733          0       1000          0          0
   0       47      988    71353       175461055       175532409        38522161          0       1000          0          0
   0       47      988    71385       175532419       175603803        38593524          0       1000          0          0
   0       47     1000    71403       175603813       175675216        38664919          0       1000          0          0
   0       47      987    71210       175675226       175746436        38736332          0       1000          0          0
   0       47      985    71387       175746445       175817833        38807551          0       1000          0          0
   0       47      987    71382       175817843       175889225        38878948          0       1000          0          0
   0       47      986    71383       175889235       175960618        38950340          0       1000          0          0
   0       47      987    71304       175960628       176031931        39021733          0       1000          0          0
   0       47      996    71160       176031941       176103101        39093047          0       1000          0          0
   0       47      986    71357       176103111       176174468        39164217          0       1000          0          0
   0       47      987    71381       176174477       176245858        39235583          0       1000          0          0
   0       47     1075    71242       176245868       176317111        39306974          0       1000          0          0
   0       47      987    71402       176317121       176388523        39378226          0       1000          0          0
   0       47     1046    71443       176388534       176459977        39449640          0       1000          0          0
   0       47     1001    71263       176459988       176531251        39521094          0       1000          0          0
   0       47     1000    71397       176531261       176602658        39592367          0       1000          0          0
   0       47     1024    71421       176602669       176674090        39663774          0       1000          0          0
   0       47      987    71282       176674100       176745382        39735205          0       1000          0          0
   0       47      986    71215       176745392       176816607        39806497          0       1000          0          0
   0       47      987    71401       176816616       176888018        39877722          0       1000          0          0
   0       47      988    71384       176888028       176959412        39949133          0       1000          0          0
   0       47      998    71230       176959422       177030652        40020528          0       1000          0          0
   0       47      989    71144       177030663       177101807        40091769          0       1000          0          0
   0       47      986    71382       177101817       177173199        40162923          0       1000          0          0
   0       47      981    71375       177173210       177244585        40234315          0       1000          0          0
   0       47      989    71146       177244595       177315741        40305700          0       1000          0          0
   0       47     1000    71399       177315776       177387175        40376882          0       1000          0          0
   0       47     1016    71412       177387185       177458597        40448291          0       1000          0          0
   0       47      989    71383       177458607       177529990        40519713          0       1000          0          0
   0       47      969    71375       177530018       177601393        40591124          0       1000          0          0
   0       47     1049    71445       177601404       177672848        40662509          0       1000          0          0
   0       47      988    71251       177672858       177744109        40733964          0       1000          0          0
   0       47      990    71387       177744119       177815507        40805225          0       1000          0          0
   0       47      991    71386       177815517       177886902        40876622          0       1000          0          0
   0       47      988    71383       177886912       177958295        40948018          0       1000          0          0
   0       47      988    71357       177958306       178029662        41019411          0       1000          0          0
   0       47      986    71393       178029672       178101065        41090778          0       1000          0          0
   0       47      987    71379       178101075       178172454        41162181          0       1000          0          0
   0       47      988    71380       178172464       178243844        41233570          0       1000          0          0
   0       47     1000    71227       178243854       178315081        41304960          0       1000          0          0
   0       47      986    71077       178315089       178386167        41376195          0       1000          0          0
   0       47      983    71209       178386171       178457380        41447277          0       1000          0          0
   0       47      979    71323       178457385       178528708        41518490          0       1000          0          0
   0       47      974    71352       178528712       178600065        41589818          0       1000          0          0
   0       47      995    71205       178600075       178671280        41661180          0       1000          0          0
   0       47      996    71167       178671290       178742456        41732395          0       1000          0          0
   0       47      980    71167       178742466       178813633        41803572          0       1000          0          0
   0       47      981    71193       178813643       178884836        41874749          0       1000          0          0
   0       47      981    71193       178884846       178956039        41945952          0       1000          0          0
   0       47      991    71115       178956049       179027164        42017154          0       1000          0          0
   0       47     1017    71233       179027174       179098407        42088280          0       1000          0          0
   0       47      979    71195       179098418       179169613        42159523          0       1000          0          0
   0       47      981    71196       179169623       179240819        42230728          0       1000          0          0
   0       47      987    71169       179240829       179311998        42301935          0       1000          0          0
   0       47      986    71198       179312028       179383226        42373133          0       1000          0          0
   0       47      992    71206       179383236       179454442        42444342          0       1000          0          0
   0       47      981    71158       179454453       179525610        42515558          0       1000          0          0
   0       47      986    71145       179525620       179596764        42586725          0       1000          0          0
   0       47      990    71142       179596774       179667916        42657880          0       1000          0          0
   0       47      995    71205       179667952       179739157        42729057          0       1000          0          0
   0       47      996    71167       179739166       179810332        42800271          0       1000          0          0
   0       47      986    71198       179810342       179881540        42871448          0       1000          0          0
   0       47      986    71198       179881549       179952747        42942655          0       1000          0          0
   0       47      987    71154       179952756       180023911        43013862          0       1000          0          0
   0       47      995    71146       180023920       180095066        43085026          0       1000          0          0
   0       47      995    71208       180095076       180166284        43156181          0       1000          0          0
   0       47      984    71196       180166293       180237489        43227398          0       1000          0          0
   0       47      986    71088       180237499       180308587        43298604          0       1000          0          0
   0       47      985    71199       180308596       180379795        43369702          0       1000          0          0
   0       47      996    71208       180379804       180451013        43440910          0       1000          0          0
   0       47      969    71125       180451022       180522147        43512128          0       1000          0          0
   0       47      986    71139       180522156       180593296        43583262          0       1000          0          0
   0       47     1047    71204       180593306       180664510        43654411          0       1000          0          0
   0       47     1042    71181       180664516       180735697        43725622          0       1000          0          0
   0       47     1048    71148       180735703       180806851        43796808          0       1000          0          0
   0       47     1041    71184       180806857       180878042        43867963          0       1000          0          0
   0       47     1041    71210       180878047       180949258        43939153          0       1000          0          0
   0       47     1041    71131       180949264       181020394        44010369          0       1000          0          0
   0       47     1042    71223       181020401       181091624        44081506          0       1000          0          0
   0       47     1048    71225       181091630       181162855        44152736          0       1000          0          0
   0       47     1043    71244       181162861       181234105        44223967          0       1000          0          0
   0       47      995    71148       181234115       181305263        44295221          0       1000          0          0
   0       47     1005    71218       181305273       181376491        44366379          0       1000          0          0
   0       47      988    71202       181376501       181447704        44437607          0       1000          0          0
   0       47      999    71192       181447714       181518906        44508819          0       1000          0          0
   0       47     1007    71221       181518916       181590137        44580021          0       1000          0          0
   0       47      995    71211       181590146       181661357        44651252          0       1000          0          0
   0       47      981    71115       181661367       181732482        44722472          0       1000          0          0
   0       47      987    71203       181732491       181803694        44793597          0       1000          0          0
   0       47      996    71217       181803704       181874921        44864810          0       1000          0          0
   0       47      986    71201       181874930       181946131        44936036          0       1000          0          0
   0       47      980    71166       181946141       182017307        45007246          0       1000          0          0
   0       47      987    71160       182017340       182088501        45078446          0       1000          0          0
   0       47      986    71201       182088510       182159711        45149616          0       1000          0          0
   0       47     1002    71186       182159721       182230907        45220827          0       1000          0          0
   0       47      978    71125       182230917       182302042        45292022          0       1000          0          0
   0       47      989    71135       182302048       182373183        45363154          0       1000          0          0
   0       47     1042    71209       182373189       182444399        45434295          0       1000          0          0
   0       47     1043    71170       182444405       182515574        45505510          0       1000          0          0
   0       47     1048    71263       182515580       182586843        45576686          0       1000          0          0
   0       47     1069    71245       182586853       182658098        45647958          0       1000          0          0
   0       47      988    71107       182658111       182729217        45719216          0       1000          0          0
   0       47      986    71213       182729227       182800440        45790333          0       1000          0          0
   0       47     1009    71224       182800450       182871674        45861556          0       1000          0          0
   0       47     1004    71217       182871684       182942901        45932789          0       1000          0          0
   0       47      986    71085       182942911       183013996        46004016          0       1000          0          0
   0       47      969    71186       183014021       183085207        46075126          0       1000          0          0
   0       47      986    71201       183085216       183156417        46146322          0       1000          0          0
   0       47      986    71090       183156426       183227516        46217532          0       1000          0          0
   0       47      995    71211       183227526       183298737        46288631          0       1000          0          0
   0       47      986    71203       183298747       183369950        46359853          0       1000          0          0
   0       47      986    71202       183369960       183441162        46431065          0       1000          0          0
   0       47      987    71077       183441172       183512249        46502277          0       1000          0          0
   0       47      989    71202       183512259       183583461        46573364          0       1000          0          0
   0       47      997    71210       183583470       183654680        46644576          0       1000          0          0
   0       47      986    71140       183654690       183725830        46715795          0       1000          0          0
   0       47      986    71205       183725839       183797044        46786945          0       1000          0          0
   0       47      987    71204       183797054       183868258        46858160          0       1000          0          0
   0       47      986    71188       183868267       183939456        46929373          0       1000          0          0
   0       47      999    71099       183939466       184010565        47000571          0       1000          0          0
   0       47      991    71209       184010574       184081783        47071680          0       1000          0          0
   0       47      986    71144       184081793       184152937        47142899          0       1000          0          0
   0       47      980    71069       184152946       184224016        47214052          0       1000          0          0
   0       47      969    71185       184224025       184295210        47285131          0       1000          0          0
   0       47      998    71214       184295219       184366433        47356325          0       1000          0          0
   0       47     1035    71230       184366467       184437697        47427573          0       1000          0          0
   0       47      980    71109       184437707       184508816        47498812          0       1000          0          0
   0       47      984    71202       184508826       184580028        47569931          0       1000          0          0
   0       47      985    71201       184580037       184651239        47641143          0       1000          0          0
   0       47      990    71183       184651248       184722431        47712354          0       1000          0          0
   0       47      979    71198       184722441       184793638        47783546          0       1000          0          0
   0       47      980    71202       184793648       184864850        47854754          0       1000          0          0
   0       47     1044    71235       184864860       184936095        47925966          0       1000          0          0
   0       47      980    71137       184936104       185007241        47997210          0       1000          0          0
   0       47     1052    71272       185007251       185078523        48068357          0       1000          0          0
   0       47      983    71202       185078533       185149735        48139639          0       1000          0          0
   0       47      988    71171       185149745       185220916        48210850          0       1000          0          0
   0       47      980    71209       185220926       185292135        48282031          0       1000          0          0
   0       47     1040    71268       185292145       185363412        48353250          0       1000          0          0
   0       47     1051    71234       185363422       185434656        48424528          0       1000          0          0
   0       47     1041    71202       185434666       185505868        48495772          0       1000          0          0
   0       47     1051    71284       185505878       185577162        48566984          0       1000          0          0
   0       47     1041    71270       185577172       185648442        48638278          0       1000          0          0
   0       47     1039    71223       185648452       185719675        48709557          0       1000          0          0
   0       47     1050    71280       185719685       185790965        48780791          0       1000          0          0
   0       47     1069    71314       185790975       185862290        48852081          0       1000          0          0
   0       47     1040    71212       185862300       185933512        48923406          0       1000          0          0
   0       47     1041    71271       185933522       186004792        48994627          0       1000          0          0
   0       47     1046    71276       186004802       186076079        49065908          0       1000          0          0
   0       47     1040    71267       186076089       186147356        49137195          0       1000          0          0
   0       47     1051    71153       186147366       186218519        49208471          0       1000          0          0
   0       47     1039    71262       186218529       186289791        49279634          0       1000          0          0
   0       47     1039    71261       186289801       186361063        49350907          0       1000          0          0
   0       47     1040    71147       186361073       186432220        49422178          0       1000          0          0
   0       47     1040    71264       186432230       186503494        49493335          0       1000          0          0
   0       47     1051    71275       186503504       186574779        49564610          0       1000          0          0
   0       47     1050    71264       186574789       186646053        49635895          0       1000          0          0
   0       47     1040    71201       186646063       186717264        49707169          0       1000          0          0
   0       47     1040    71261       186717300       186788561        49778405          0       1000          0          0
   0       47     1040    71273       186788571       186859844        49849677          0       1000          0          0
   0       47     1039    71138       186859854       186930993        49920960          0       1000          0          0
