0(no) halt polling
queue: mean 0.200 ms | p95 0.302 ms | p99 0.604 ms | max 15.246 ms
svc: mean 0.751 ms | p95 1.140 ms | p99 1.227 ms | max 1.984 ms
end2end: mean 0.951 ms | p95 1.352 ms | p99 1.510 ms | max 15.846 ms
200000(standard) halt polling
queue: mean 0.197 ms | p95 0.292 ms | p99 0.640 ms | max 8.731 ms
svc: mean 0.740 ms | p95 1.129 ms | p99 1.222 ms | max 1.905 ms
end2end: mean 0.937 ms | p95 1.343 ms | p99 1.549 ms | max 9.276 ms
20000000(mega high) halt polling
queue: mean 0.085 ms | p95 0.161 ms | p99 0.404 ms | max 4.677 ms
svc: mean 0.502 ms | p95 0.548 ms | p99 0.794 ms | max 1.383 ms
end2end: mean 0.586 ms | p95 0.689 ms | p99 1.112 ms | max 5.180 ms
Clumped(0-3)
queue: mean 0.255 ms | p95 0.791 ms | p99 1.592 ms | max 8.407 ms
svc: mean 0.807 ms | p95 1.211 ms | p99 1.431 ms | max 7.704 ms
end2end: mean 1.062 ms | p95 1.736 ms | p99 2.498 ms | max 9.817 ms
W/ Idle Workload(naive)
queue: mean 0.132 ms | p95 0.274 ms | p99 0.701 ms | max 2.800 ms
svc: mean 0.485 ms | p95 0.526 ms | p99 0.766 ms | max 1.686 ms
end2end: mean 0.617 ms | p95 0.826 ms | p99 1.230 ms | max 3.577 ms
W/ Idle Workload(smart)
queue: mean 0.086 ms | p95 0.191 ms | p99 0.638 ms | max 1.983 ms
svc: mean 0.529 ms | p95 0.555 ms | p99 0.565 ms | max 1.204 ms
end2end: mean 0.615 ms | p95 0.728 ms | p99 1.174 ms | max 2.511 ms
