#idx     perf      run   period           start             end          rel_st      slack c_duration   c_period     wu_lat
   0      416    10364   261495      2010821138      2011082632            1996          0      10000          0          0
   0      416    46165   296249      2011082642      2011378891          263500          0      10000          0          0
   0      416    10334   260415      2011378901      2011639316          559759          0      10000          0          0
   0      416    10052   260133      2011639331      2011899464          820189          0      10000          0          0
   0      416    10030   260111      2011899471      2012159583         1080329          0      10000          0          0
   0      416    10024   260105      2012159590      2012419695         1340448          0      10000          0          0
   0      416    10401   260482      2012419703      2012680185         1600561          0      10000          0          0
   0      416    10009   260088      2012680192      2012940280         1861050          0      10000          0          0
   0      416    10015   260097      2012940287      2013200384         2121145          0      10000          0          0
   0      416    10013   260094      2013200392      2013460486         2381250          0      10000          0          0
   0      416    10267   260348      2013460493      2013720841         2641351          0      10000          0          0
   0      416    10144   260226      2013720848      2013981074         2901706          0      10000          0          0
   0      416    10274   260355      2013981081      2014241436         3161939          0      10000          0          0
   0      416    10019   260100      2014241443      2014501543         3422301          0      10000          0          0
   0      416    10035   260115      2014501550      2014761665         3682408          0      10000          0          0
   0      416    10036   260115      2014761672      2015021788         3942530          0      10000          0          0
   0      416    10022   260104      2015021811      2015281915         4202669          0      10000          0          0
   0      416    10315   260415      2015281923      2015542337         4462781          0      10000          0          0
   0      416    10313   260393      2015542344      2015802737         4723202          0      10000          0          0
   0      416    10038   260118      2015802744      2016062862         4983602          0      10000          0          0
   0      416    10012   260092      2016062869      2016322961         5243727          0      10000          0          0
   0      416    10274   260354      2016322968      2016583322         5503826          0      10000          0          0
   0      416    10017   260098      2016583329      2016843427         5764187          0      10000          0          0
   0      416    10009   260627      2016843434      2017104061         6024292          0      10000          0          0
   0      416    10147   260229      2017104071      2017364299         6284929          0      10000          0          0
   0      416    10013   260095      2017364308      2017624404         6545166          0      10000          0          0
   0      416    10248   260329      2017624413      2017884742         6805271          0      10000          0          0
   0      416    10022   260104      2017884751      2018144854         7065609          0      10000          0          0
   0      416    10041   260123      2018144865      2018404988         7325723          0      10000          0          0
   0      416    10069   260151      2018404997      2018665149         7585855          0      10000          0          0
   0      416    10041   260120      2018665156      2018925275         7846014          0      10000          0          0
   0      416    10040   260118      2018925282      2019185401         8106140          0      10000          0          0
   0      416    10037   260118      2019185408      2019445526         8366265          0      10000          0          0
   0      416    10055   260136      2019445556      2019705692         8626414          0      10000          0          0
   0      416    10219   260297      2019705699      2019965997         8886557          0      10000          0          0
   0      416    10034   260114      2019966010      2020226124         9146868          0      10000          0          0
   0      416    10398   260478      2020226131      2020486609         9406989          0      10000          0          0
   0      416    10579   260658      2020486616      2020747274         9667474          0      10000          0          0
   0      416    10033   260112      2020747281      2021007393         9928139          0      10000          0          0
   0      416    10177   260256      2021007400      2021267656        10188258          0      10000          0          0
   0      416    10012   260092      2021267663      2021527755        10448521          0      10000          0          0
   0      416    10030   290947      2021527762      2021818709        10708620          0      10000          0          0
   0      416    10025   260090      2021818722      2022078812        10999580          0      10000          0          0
   0      416    10022   260102      2022078819      2022338922        11259677          0      10000          0          0
   0      416    10023   260105      2022338929      2022599033        11519787          0      10000          0          0
   0      416    10014   260113      2022599041      2022859154        11779899          0      10000          0          0
   0      416    10030   261905      2022859161      2023121066        12040019          0      10000          0          0
   0      416    10176   260262      2023121076      2023381337        12301934          0      10000          0          0
   0      416    10047   260128      2023381347      2023641475        12562205          0      10000          0          0
   0      416    10022   260104      2023641484      2023901588        12822342          0      10000          0          0
   0      416    10015   265128      2023901596      2024166724        13082454          0      10000          0          0
   0      416    10068   260148      2024166732      2024426880        13347590          0      10000          0          0
   0      416    10035   260130      2024426887      2024687017        13607745          0      10000          0          0
   0      416    10008   260087      2024687025      2024947112        13867883          0      10000          0          0
   0      416    10014   260095      2024947119      2025207214        14127977          0      10000          0          0
   0      416    10016   260096      2025207222      2025467317        14388080          0      10000          0          0
   0      416    10052   260132      2025467325      2025727456        14648183          0      10000          0          0
   0      416    10144   260224      2025727463      2025987687        14908321          0      10000          0          0
   0      416    10015   260094      2025987695      2026247789        15168553          0      10000          0          0
   0      416    10031   260110      2026247796      2026507906        15428654          0      10000          0          0
   0      416    10030   260111      2026507914      2026768024        15688772          0      10000          0          0
   0      416    10038   260118      2026768032      2027028150        15948890          0      10000          0          0
   0      416    10030   260111      2027028157      2027288268        16209015          0      10000          0          0
   0      416    10031   260110      2027288276      2027548385        16469134          0      10000          0          0
   0      416    10037   260116      2027548393      2027808509        16729251          0      10000          0          0
   0      416    10045   260126      2027808517      2028068642        16989374          0      10000          0          0
   0      416    10054   260135      2028068669      2028328804        17249527          0      10000          0          0
   0      416    10037   260118      2028328811      2028588929        17509669          0      10000          0          0
   0      416    10022   260102      2028588937      2028849039        17769795          0      10000          0          0
   0      416    10040   260122      2028849046      2029109168        18029904          0      10000          0          0
   0      416    10029   260110      2029109176      2029369286        18290034          0      10000          0          0
   0      416    10055   260136      2029369294      2029629430        18550151          0      10000          0          0
   0      416    10038   260120      2029629437      2029889557        18810295          0      10000          0          0
   0      416    10038   260118      2029889565      2030149683        19070423          0      10000          0          0
   0      416    10042   260122      2030149690      2030409813        19330548          0      10000          0          0
   0      416    10037   260117      2030409821      2030669939        19590679          0      10000          0          0
   0      416    10065   260145      2030669946      2030930091        19850804          0      10000          0          0
   0      416    10037   260117      2030930098      2031190215        20110956          0      10000          0          0
   0      416    10020   260100      2031190223      2031450323        20371081          0      10000          0          0
   0      416    10042   260122      2031450330      2031710452        20631188          0      10000          0          0
   0      416    10021   260102      2031710459      2031970561        20891317          0      10000          0          0
   0      416    10054   260134      2031970568      2032230702        21151426          0      10000          0          0
   0      416    10037   260117      2032230710      2032490827        21411568          0      10000          0          0
   0      416    10031   260110      2032490835      2032750944        21671692          0      10000          0          0
   0      416    10030   260110      2032750951      2033011062        21931809          0      10000          0          0
   0      416    10030   263689      2033011069      2033274758        22191927          0      10000          0          0
   0      416    10041   260121      2033274765      2033534886        22455623          0      10000          0          0
   0      416    10031   260121      2033534893      2033795014        22715751          0      10000          0          0
   0      416    10013   260093      2033795022      2034055115        22975880          0      10000          0          0
   0      416    10015   260094      2034055122      2034315216        23235980          0      10000          0          0
   0      416    10037   260118      2034315224      2034575342        23496082          0      10000          0          0
   0      416    10015   260095      2034575349      2034835444        23756207          0      10000          0          0
   0      416    10024   260104      2034835451      2035095556        24016309          0      10000          0          0
   0      416    10017   260096      2035095563      2035355659        24276421          0      10000          0          0
   0      416    10031   260115      2035355667      2035615781        24536524          0      10000          0          0
   0      416    10032   260112      2035615789      2035875901        24796647          0      10000          0          0
   0      416    10033   260113      2035875908      2036136021        25056766          0      10000          0          0
   0      416    10016   260096      2036136028      2036396124        25316886          0      10000          0          0
   0      416    10029   260112      2036396131      2036656244        25576989          0      10000          0          0
   0      416    10033   260114      2036656272      2036916386        25837130          0      10000          0          0
   0      416    10035   260115      2036916394      2037176509        26097252          0      10000          0          0
   0      416    10031   260111      2037176516      2037436627        26357374          0      10000          0          0
   0      416    10018   260099      2037436635      2037696734        26617493          0      10000          0          0
   0      416    10040   260121      2037696742      2037956862        26877600          0      10000          0          0
   0      416    10034   260115      2037956870      2038216985        27137728          0      10000          0          0
   0      416    10061   260142      2038216994      2038477136        27397852          0      10000          0          0
   0      416    10039   260120      2038477144      2038737263        27658001          0      10000          0          0
   0      416    10029   260109      2038737271      2038997380        27918129          0      10000          0          0
   0      416    10020   260100      2038997388      2039257488        28178245          0      10000          0          0
   0      416    10583   260663      2039257495      2039518158        28438353          0      10000          0          0
   0      416    10022   260102      2039518166      2039778268        28699024          0      10000          0          0
   0      416    10037   260117      2039778275      2040038392        28959133          0      10000          0          0
   0      416    10059   260140      2040038400      2040298540        29219258          0      10000          0          0
   0      416    10034   260114      2040298548      2040558662        29479406          0      10000          0          0
   0      416    10061   260142      2040558670      2040818812        29739528          0      10000          0          0
   0      416    10045   260124      2040818820      2041078944        29999678          0      10000          0          0
   0      416    10029   260109      2041078952      2041339061        30259810          0      10000          0          0
   0      416    10013   260093      2041339068      2041599162        30519926          0      10000          0          0
   0      416    10016   260096      2041599169      2041859266        30780027          0      10000          0          0
   0      416    10012   260102      2041859273      2042119375        31040131          0      10000          0          0
   0      416    10431   260511      2042119383      2042379894        31300241          0      10000          0          0
   0      416    10015   260096      2042379901      2042639997        31560759          0      10000          0          0
   0      416    10015   260095      2042640018      2042900112        31820876          0      10000          0          0
   0      416    10021   260101      2042900120      2043160221        32080978          0      10000          0          0
   0      416    10030   260111      2043160229      2043420339        32341086          0      10000          0          0
   0      416    10034   260115      2043420347      2043680461        32601205          0      10000          0          0
   0      416    10030   260111      2043680469      2043940580        32861327          0      10000          0          0
   0      416    10038   260118      2043940587      2044200705        33121445          0      10000          0          0
   0      416    10152   260232      2044200713      2044460944        33381570          0      10000          0          0
   0      416    10076   260157      2044460952      2044721108        33641810          0      10000          0          0
   0      416    10017   260098      2044721116      2044981213        33901974          0      10000          0          0
   0      416    10035   260117      2044981220      2045241337        34162078          0      10000          0          0
   0      416    10039   260120      2045241361      2045501481        34422219          0      10000          0          0
   0      416    10073   260154      2045501488      2045761642        34682346          0      10000          0          0
   0      416    10028   260107      2045761649      2046021756        34942507          0      10000          0          0
   0      416    10034   260113      2046021764      2046281877        35202621          0      10000          0          0
   0      416    10034   260113      2046281884      2046541997        35462742          0      10000          0          0
   0      416    10031   260111      2046542016      2046802127        35722874          0      10000          0          0
   0      416    10041   260121      2046802134      2047062255        35982992          0      10000          0          0
   0      416    10034   260114      2047062262      2047322376        36243120          0      10000          0          0
   0      416    10027   260106      2047322384      2047582490        36503242          0      10000          0          0
   0      416    10035   260115      2047582497      2047842611        36763355          0      10000          0          0
   0      416    10017   260098      2047842618      2048102716        37023476          0      10000          0          0
   0      416    10039   260117      2048102723      2048362840        37283581          0      10000          0          0
   0      416    10035   260114      2048362848      2048622962        37543705          0      10000          0          0
   0      416    10029   260114      2048622969      2048883082        37803827          0      10000          0          0
   0      416    10035   260114      2048883089      2049143204        38063947          0      10000          0          0
   0      416    10012   260091      2049143210      2049403301        38324068          0      10000          0          0
   0      416    10037   260116      2049403308      2049663424        38584166          0      10000          0          0
   0      416    10076   260156      2049663431      2049923587        38844289          0      10000          0          0
   0      416    10057   260136      2049923594      2050183730        39104452          0      10000          0          0
   0      416    10027   260107      2050183738      2050443845        39364596          0      10000          0          0
   0      416    10014   260094      2050443851      2050703946        39624709          0      10000          0          0
   0      416    10013   260090      2050703953      2050964043        39884811          0      10000          0          0
   0      416    10044   260124      2050964050      2051224173        40144908          0      10000          0          0
   0      416    10035   260114      2051224180      2051484295        40405038          0      10000          0          0
   0      416    10032   260111      2051484301      2051744413        40665159          0      10000          0          0
   0      416    10027   260106      2051744420      2052004525        40925277          0      10000          0          0
   0      416    10029   260108      2052004532      2052264640        41185390          0      10000          0          0
   0      416    10050   260131      2052264647      2052524778        41445505          0      10000          0          0
   0      416    10277   260356      2052524785      2052785141        41705643          0      10000          0          0
   0      416    10039   260117      2052785148      2053045265        41966006          0      10000          0          0
   0      416    10038   260118      2053045272      2053305390        42226130          0      10000          0          0
   0      416    10025   260105      2053305397      2053565502        42486255          0      10000          0          0
   0      416    10053   260133      2053565509      2053825642        42746367          0      10000          0          0
   0      416    10056   260135      2053825665      2054085800        43006523          0      10000          0          0
   0      416    10030   260110      2054085807      2054345917        43266665          0      10000          0          0
   0      416    10037   260116      2054345925      2054606041        43526783          0      10000          0          0
   0      416    10041   260121      2054606048      2054866169        43786906          0      10000          0          0
   0      416    10052   260131      2054866176      2055126307        44047034          0      10000          0          0
   0      416    10034   260115      2055126314      2055386429        44307172          0      10000          0          0
   0      416    10023   260103      2055386436      2055646539        44567294          0      10000          0          0
   0      416    10036   260115      2055646546      2055906661        44827404          0      10000          0          0
   0      416    10039   260118      2055906668      2056166786        45087526          0      10000          0          0
   0      416    10062   260141      2056166793      2056426934        45347651          0      10000          0          0
   0      416    10033   260112      2056426942      2056687054        45607800          0      10000          0          0
   0      416    10014   260093      2056687061      2056947154        45867919          0      10000          0          0
   0      416    10027   260106      2056947161      2057207268        46128019          0      10000          0          0
   0      416    10040   260120      2057207274      2057467395        46388132          0      10000          0          0
   0      416    10195   260276      2057467402      2057727678        46648260          0      10000          0          0
   0      416    10033   260112      2057727685      2057987797        46908543          0      10000          0          0
   0      416    10029   260108      2057987803      2058247912        47168661          0      10000          0          0
   0      416    10014   260094      2058247919      2058508013        47428776          0      10000          0          0
   0      416    10027   260106      2058508020      2058768126        47688877          0      10000          0          0
   0      416    10150   260230      2058768133      2059028362        47948991          0      10000          0          0
   0      416    10035   260115      2059028369      2059288484        48209227          0      10000          0          0
   0      416    10140   260221      2059288492      2059548713        48469350          0      10000          0          0
   0      416    10014   260093      2059548720      2059808813        48729578          0      10000          0          0
   0      416    10019   260099      2059808820      2060068919        48989678          0      10000          0          0
   0      416    10077   260157      2060068926      2060329083        49249784          0      10000          0          0
   0      416    10035   260115      2060329090      2060589205        49509948          0      10000          0          0
