2000000(high) halt polling
queue: mean 4.508 ms | p95 0.363 ms | p99 198.976 ms | max 421.520 ms
svc: mean 1.834 ms | p95 0.981 ms | p99 1.016 ms | max 402.107 ms
end2end: mean 6.342 ms | p95 1.104 ms | p99 242.886 ms | max 500.196 ms
0(no) halt polling
queue: mean 0.142 ms | p95 0.292 ms | p99 0.423 ms | max 15.563 ms
svc: mean 0.690 ms | p95 0.806 ms | p99 0.993 ms | max 8.958 ms
end2end: mean 0.833 ms | p95 1.054 ms | p99 1.158 ms | max 20.618 ms
200000(standard) halt polling
queue: mean 31.705 ms | p95 237.000 ms | p99 819.664 ms | max 1011.825 ms
svc: mean 2.232 ms | p95 0.755 ms | p99 0.798 ms | max 956.518 ms
end2end: mean 33.938 ms | p95 254.458 ms | p99 837.490 ms | max 1090.318 ms
W/ Idle Workload(naive)
queue: mean 0.164 ms | p95 0.323 ms | p99 0.441 ms | max 0.943 ms
svc: mean 0.654 ms | p95 0.736 ms | p99 0.925 ms | max 1.454 ms
end2end: mean 0.819 ms | p95 1.009 ms | p99 1.198 ms | max 1.846 ms
W/ Idle Workload(smart)
queue: mean 0.633 ms | p95 3.411 ms | p99 4.250 ms | max 11.680 ms
svc: mean 0.791 ms | p95 0.760 ms | p99 4.739 ms | max 4.883 ms
end2end: mean 1.423 ms | p95 4.667 ms | p99 5.037 ms | max 12.380 ms
